#
# There is insufficient memory for the Java Runtime Environment to continue.
# Native memory allocation (malloc) failed to allocate 2224496 bytes for Chunk::new
# Possible reasons:
#   The system is out of physical RAM or swap space
#   The process is running with CompressedOops enabled, and the Java Heap may be blocking the growth of the native heap
# Possible solutions:
#   Reduce memory load on the system
#   Increase physical memory or swap space
#   Check if swap backing store is full
#   Decrease Java heap size (-Xmx/-Xms)
#   Decrease number of Java threads
#   Decrease Java thread stack sizes (-Xss)
#   Set larger code cache with -XX:ReservedCodeCacheSize=
#   JVM is running with Unscaled Compressed Oops mode in which the Java heap is
#     placed in the first 4GB address space. The Java Heap base address is the
#     maximum limit for the native heap growth. Please use -XX:HeapBaseMinAddress
#     to set the Java Heap base and to place the Java Heap above 4GB virtual address.
# This output file may be truncated or incomplete.
#
#  Out of Memory Error (./src/hotspot/share/memory/arena.cpp:197), pid=16076, tid=25660
#
# JRE version: OpenJDK Runtime Environment (11.0.12+7) (build 11.0.12+7-b1504.28-7817840)
# Java VM: OpenJDK 64-Bit Server VM (11.0.12+7-b1504.28-7817840, mixed mode, tiered, compressed oops, g1 gc, windows-amd64)
# No core dump will be written. Minidumps are not enabled by default on client versions of Windows
#

---------------  S U M M A R Y ------------

Command Line: --add-opens=java.base/java.util=ALL-UNNAMED --add-opens=java.base/java.lang=ALL-UNNAMED --add-opens=java.base/java.lang.invoke=ALL-UNNAMED --add-opens=java.base/java.util=ALL-UNNAMED --add-opens=java.prefs/java.util.prefs=ALL-UNNAMED --add-opens=java.prefs/java.util.prefs=ALL-UNNAMED --add-opens=java.base/java.nio.charset=ALL-UNNAMED --add-opens=java.base/java.net=ALL-UNNAMED --add-opens=java.base/java.util.concurrent.atomic=ALL-UNNAMED -Xmx2048m -Dfile.encoding=UTF-8 -Duser.country=US -Duser.language=en -Duser.variant org.gradle.launcher.daemon.bootstrap.GradleDaemon 7.3.3

Host: AMD Ryzen 5 5500U with Radeon Graphics         , 12 cores, 5G,  Windows 10 , 64 bit Build 25206 (10.0.25206.1000)
Time: Mon Oct  3 01:42:19 2022 SE Asia Standard Time elapsed time: 22.202023 seconds (0d 0h 0m 22s)

---------------  T H R E A D  ---------------

Current thread (0x0000024d4531d000):  JavaThread "C2 CompilerThread0" daemon [_thread_in_native, id=25660, stack(0x000000ca91100000,0x000000ca91200000)]


Current CompileTask:
C2:  22202 10811       4       java.lang.Class::annotationData (44 bytes)

Stack: [0x000000ca91100000,0x000000ca91200000]
Native frames: (J=compiled Java code, j=interpreted, Vv=VM code, C=native code)
V  [jvm.dll+0x5fbcea]
V  [jvm.dll+0x731905]
V  [jvm.dll+0x732f1d]
V  [jvm.dll+0x7335d3]
V  [jvm.dll+0x247bf8]
V  [jvm.dll+0xc018c]
V  [jvm.dll+0xc06cc]
V  [jvm.dll+0x35b31d]
V  [jvm.dll+0x328803]
V  [jvm.dll+0x327cfa]
V  [jvm.dll+0x200602]
V  [jvm.dll+0x1ff794]
V  [jvm.dll+0x18868c]
V  [jvm.dll+0x20e0d7]
V  [jvm.dll+0x20c901]
V  [jvm.dll+0x6f9b7f]
V  [jvm.dll+0x6f26a5]
V  [jvm.dll+0x5fabf6]
C  [ucrtbase.dll+0x33797]
C  [KERNEL32.DLL+0x1469d]
C  [ntdll.dll+0x67558]


---------------  P R O C E S S  ---------------

Threads class SMR info:
_java_thread_list=0x0000024d4816a230, length=184, elements={
0x0000024d2aa48000, 0x0000024d452fb800, 0x0000024d45305800, 0x0000024d45c83800,
0x0000024d4531a000, 0x0000024d4531b800, 0x0000024d4531d000, 0x0000024d4531e800,
0x0000024d45326000, 0x0000024d45ddc800, 0x0000024d4750a000, 0x0000024d48635000,
0x0000024d47eff800, 0x0000024d47f00800, 0x0000024d46875800, 0x0000024d47763000,
0x0000024d47763800, 0x0000024d47c49800, 0x0000024d477e8000, 0x0000024d47c45000,
0x0000024d47c41000, 0x0000024d47c44800, 0x0000024d47c3f800, 0x0000024d47c46000,
0x0000024d47c40000, 0x0000024d47c43800, 0x0000024d47c42800, 0x0000024d47c42000,
0x0000024d49682000, 0x0000024d4967c800, 0x0000024d4967d000, 0x0000024d49683800,
0x0000024d4967f800, 0x0000024d49680800, 0x0000024d4967e000, 0x0000024d49684800,
0x0000024d49685800, 0x0000024d49686000, 0x0000024d49687000, 0x0000024d49681000,
0x0000024d49687800, 0x0000024d49688800, 0x0000024d49689800, 0x0000024d4968a000,
0x0000024d4968b000, 0x0000024d4c169800, 0x0000024d4c169000, 0x0000024d4c16a800,
0x0000024d4c16b800, 0x0000024d4c165800, 0x0000024d4c166800, 0x0000024d4c16d000,
0x0000024d4c167000, 0x0000024d4c16e000, 0x0000024d4c168000, 0x0000024d4c16e800,
0x0000024d4c170000, 0x0000024d4c16c000, 0x0000024d4c171000, 0x0000024d4c173800,
0x0000024d4c174800, 0x0000024d4c16f800, 0x0000024d4c172000, 0x0000024d4c172800,
0x0000024d4b596000, 0x0000024d4b594000, 0x0000024d4b596800, 0x0000024d4b597800,
0x0000024d4b598800, 0x0000024d4b599000, 0x0000024d4b59a000, 0x0000024d4b59b000,
0x0000024d4b595000, 0x0000024d4b59f800, 0x0000024d4b59f000, 0x0000024d4b5a0800,
0x0000024d4b5a1800, 0x0000024d4b59b800, 0x0000024d4b5a2000, 0x0000024d4b59c800,
0x0000024d4b59d000, 0x0000024d4b59e000, 0x0000024d4b5a3000, 0x0000024d4b5fb000,
0x0000024d4b5f8800, 0x0000024d4b5f7000, 0x0000024d4b5fa800, 0x0000024d4b5f9800,
0x0000024d4b5f5800, 0x0000024d4b5fc000, 0x0000024d4b5f6000, 0x0000024d4b5fd000,
0x0000024d4b5fd800, 0x0000024d4b5f8000, 0x0000024d4b601800, 0x0000024d4b5ff000,
0x0000024d4b601000, 0x0000024d4b600000, 0x0000024d4b5fe800, 0x0000024d4b602800,
0x0000024d4b604000, 0x0000024d4b603800, 0x0000024d4cf91800, 0x0000024d4cf93000,
0x0000024d4cf92800, 0x0000024d4cf94000, 0x0000024d4cf8f000, 0x0000024d4cf8e800,
0x0000024d4cf90000, 0x0000024d4cf95800, 0x0000024d4cf90800, 0x0000024d4cf96800,
0x0000024d4cf98000, 0x0000024d4cf97800, 0x0000024d4cf99000, 0x0000024d4cf99800,
0x0000024d4cf9a800, 0x0000024d4cf95000, 0x0000024d4cf9d000, 0x0000024d4cf9b800,
0x0000024d4cf9c000, 0x0000024d4b718000, 0x0000024d4b713000, 0x0000024d4b712000,
0x0000024d4b713800, 0x0000024d4b719800, 0x0000024d4b718800, 0x0000024d4b71a800,
0x0000024d4b717000, 0x0000024d4b714800, 0x0000024d4b716000, 0x0000024d4b71b000,
0x0000024d4b715800, 0x0000024d4b71f000, 0x0000024d4b71c800, 0x0000024d4b720000,
0x0000024d4b71c000, 0x0000024d4b71e800, 0x0000024d4b71d800, 0x0000024d4b721000,
0x0000024d4b582000, 0x0000024d4b580800, 0x0000024d4b57c000, 0x0000024d4b583000,
0x0000024d4b57e000, 0x0000024d4b57d000, 0x0000024d4b583800, 0x0000024d4b581000,
0x0000024d4b584800, 0x0000024d4b57e800, 0x0000024d4b585000, 0x0000024d4b57f800,
0x0000024d4b589800, 0x0000024d4b586000, 0x0000024d4b587800, 0x0000024d4b587000,
0x0000024d4b588800, 0x0000024d4b58b000, 0x0000024d4b58a000, 0x0000024d4bce9000,
0x0000024d4bce5000, 0x0000024d4bcea000, 0x0000024d4bce4800, 0x0000024d4bceb000,
0x0000024d4bceb800, 0x0000024d4bce6000, 0x0000024d4bcec800, 0x0000024d4bce6800,
0x0000024d4bce8800, 0x0000024d4bce7800, 0x0000024d4bcef800, 0x0000024d4bcee000,
0x0000024d4bcf0800, 0x0000024d4bcf3000, 0x0000024d4bcf1800, 0x0000024d4bcf2000,
0x0000024d4bced000, 0x0000024d4bcef000, 0x0000024d4b4ec800, 0x0000024d4b4f0000,
0x0000024d4b4ee800, 0x0000024d4b4f1000, 0x0000024d4b4ec000, 0x0000024d4b4ed800
}

Java Threads: ( => current thread )
  0x0000024d2aa48000 JavaThread "main" [_thread_blocked, id=10052, stack(0x000000ca90500000,0x000000ca90600000)]
  0x0000024d452fb800 JavaThread "Reference Handler" daemon [_thread_blocked, id=22268, stack(0x000000ca90c00000,0x000000ca90d00000)]
  0x0000024d45305800 JavaThread "Finalizer" daemon [_thread_blocked, id=27164, stack(0x000000ca90d00000,0x000000ca90e00000)]
  0x0000024d45c83800 JavaThread "Signal Dispatcher" daemon [_thread_blocked, id=31148, stack(0x000000ca90e00000,0x000000ca90f00000)]
  0x0000024d4531a000 JavaThread "Attach Listener" daemon [_thread_blocked, id=26832, stack(0x000000ca90f00000,0x000000ca91000000)]
  0x0000024d4531b800 JavaThread "Service Thread" daemon [_thread_blocked, id=16524, stack(0x000000ca91000000,0x000000ca91100000)]
=>0x0000024d4531d000 JavaThread "C2 CompilerThread0" daemon [_thread_in_native, id=25660, stack(0x000000ca91100000,0x000000ca91200000)]
  0x0000024d4531e800 JavaThread "C1 CompilerThread0" daemon [_thread_blocked, id=19576, stack(0x000000ca91200000,0x000000ca91300000)]
  0x0000024d45326000 JavaThread "Sweeper thread" daemon [_thread_blocked, id=28808, stack(0x000000ca91300000,0x000000ca91400000)]
  0x0000024d45ddc800 JavaThread "Common-Cleaner" daemon [_thread_blocked, id=28864, stack(0x000000ca91400000,0x000000ca91500000)]
  0x0000024d4750a000 JavaThread "Daemon health stats" [_thread_blocked, id=39888, stack(0x000000ca91900000,0x000000ca91a00000)]
  0x0000024d48635000 JavaThread "Incoming local TCP Connector on port 54499" [_thread_in_native, id=14868, stack(0x000000ca91b00000,0x000000ca91c00000)]
  0x0000024d47eff800 JavaThread "Daemon periodic checks" [_thread_blocked, id=1336, stack(0x000000ca91c00000,0x000000ca91d00000)]
  0x0000024d47f00800 JavaThread "Daemon" [_thread_blocked, id=8176, stack(0x000000ca91d00000,0x000000ca91e00000)]
  0x0000024d46875800 JavaThread "Handler for socket connection from /127.0.0.1:54499 to /127.0.0.1:54500" [_thread_in_native, id=31512, stack(0x000000ca91e00000,0x000000ca91f00000)]
  0x0000024d47763000 JavaThread "Cancel handler" [_thread_blocked, id=11868, stack(0x000000ca91f00000,0x000000ca92000000)]
  0x0000024d47763800 JavaThread "Daemon worker" [_thread_blocked, id=12068, stack(0x000000ca92000000,0x000000ca92100000)]
  0x0000024d47c49800 JavaThread "Asynchronous log dispatcher for DefaultDaemonConnection: socket connection from /127.0.0.1:54499 to /127.0.0.1:54500" [_thread_blocked, id=25100, stack(0x000000ca92100000,0x000000ca92200000)]
  0x0000024d477e8000 JavaThread "Stdin handler" [_thread_blocked, id=22732, stack(0x000000ca92200000,0x000000ca92300000)]
  0x0000024d47c45000 JavaThread "Daemon client event forwarder" [_thread_blocked, id=44416, stack(0x000000ca92300000,0x000000ca92400000)]
  0x0000024d47c41000 JavaThread "Cache worker for journal cache (C:\Users\LENOVO\.gradle\caches\journal-1)" [_thread_blocked, id=22944, stack(0x000000ca92a00000,0x000000ca92b00000)]
  0x0000024d47c44800 JavaThread "File lock request listener" [_thread_in_native, id=28460, stack(0x000000ca92b00000,0x000000ca92c00000)]
  0x0000024d47c3f800 JavaThread "Cache worker for file hash cache (C:\Users\LENOVO\.gradle\caches\7.3.3\fileHashes)" [_thread_blocked, id=6744, stack(0x000000ca92c00000,0x000000ca92d00000)]
  0x0000024d47c46000 JavaThread "Cache worker for file hash cache (D:\Pemrograman Bergerak\Kalkulator Bidang Datar\.gradle\7.3.3\fileHashes)" [_thread_blocked, id=38716, stack(0x000000ca93000000,0x000000ca93100000)]
  0x0000024d47c40000 JavaThread "File watcher server" daemon [_thread_in_native, id=28872, stack(0x000000ca93100000,0x000000ca93200000)]
  0x0000024d47c43800 JavaThread "File watcher consumer" daemon [_thread_blocked, id=47176, stack(0x000000ca93200000,0x000000ca93300000)]
  0x0000024d47c42800 JavaThread "Cache worker for checksums cache (D:\Pemrograman Bergerak\Kalkulator Bidang Datar\.gradle\7.3.3\checksums)" [_thread_blocked, id=39872, stack(0x000000ca93300000,0x000000ca93400000)]
  0x0000024d47c42000 JavaThread "Cache worker for cache directory md-supplier (C:\Users\LENOVO\.gradle\caches\7.3.3\md-supplier)" [_thread_blocked, id=22184, stack(0x000000ca93400000,0x000000ca93500000)]
  0x0000024d49682000 JavaThread "Cache worker for cache directory md-rule (C:\Users\LENOVO\.gradle\caches\7.3.3\md-rule)" [_thread_blocked, id=40412, stack(0x000000ca93500000,0x000000ca93600000)]
  0x0000024d4967c800 JavaThread "Cache worker for execution history cache (C:\Users\LENOVO\.gradle\caches\7.3.3\executionHistory)" [_thread_blocked, id=4356, stack(0x000000ca93600000,0x000000ca93700000)]
  0x0000024d4967d000 JavaThread "jar transforms" [_thread_blocked, id=24200, stack(0x000000ca92f00000,0x000000ca93000000)]
  0x0000024d49683800 JavaThread "Cache worker for file content cache (C:\Users\LENOVO\.gradle\caches\7.3.3\fileContent)" [_thread_blocked, id=39660, stack(0x000000ca93700000,0x000000ca93800000)]
  0x0000024d4967f800 JavaThread "jar transforms Thread 2" [_thread_blocked, id=29484, stack(0x000000ca93800000,0x000000ca93900000)]
  0x0000024d49680800 JavaThread "Cache worker for dependencies-accessors (D:\Pemrograman Bergerak\Kalkulator Bidang Datar\.gradle\7.3.3\dependencies-accessors)" [_thread_blocked, id=2840, stack(0x000000ca93900000,0x000000ca93a00000)]
  0x0000024d4967e000 JavaThread "jar transforms Thread 3" [_thread_blocked, id=14496, stack(0x000000ca93a00000,0x000000ca93b00000)]
  0x0000024d49684800 JavaThread "Cache worker for Build Output Cleanup Cache (D:\Pemrograman Bergerak\Kalkulator Bidang Datar\.gradle\buildOutputCleanup)" [_thread_blocked, id=9652, stack(0x000000ca93b00000,0x000000ca93c00000)]
  0x0000024d49685800 JavaThread "Unconstrained build operations" [_thread_blocked, id=47868, stack(0x000000ca93c00000,0x000000ca93d00000)]
  0x0000024d49686000 JavaThread "Unconstrained build operations Thread 2" [_thread_blocked, id=17272, stack(0x000000ca93d00000,0x000000ca93e00000)]
  0x0000024d49687000 JavaThread "Unconstrained build operations Thread 3" [_thread_blocked, id=18004, stack(0x000000ca93e00000,0x000000ca93f00000)]
  0x0000024d49681000 JavaThread "Unconstrained build operations Thread 4" [_thread_blocked, id=24156, stack(0x000000ca93f00000,0x000000ca94000000)]
  0x0000024d49687800 JavaThread "Unconstrained build operations Thread 5" [_thread_blocked, id=13612, stack(0x000000ca94000000,0x000000ca94100000)]
  0x0000024d49688800 JavaThread "Unconstrained build operations Thread 6" [_thread_blocked, id=8876, stack(0x000000ca94100000,0x000000ca94200000)]
  0x0000024d49689800 JavaThread "Unconstrained build operations Thread 7" [_thread_blocked, id=11932, stack(0x000000ca94200000,0x000000ca94300000)]
  0x0000024d4968a000 JavaThread "Unconstrained build operations Thread 8" [_thread_blocked, id=25808, stack(0x000000ca94300000,0x000000ca94400000)]
  0x0000024d4968b000 JavaThread "Unconstrained build operations Thread 9" [_thread_blocked, id=6948, stack(0x000000ca94400000,0x000000ca94500000)]
  0x0000024d4c169800 JavaThread "Unconstrained build operations Thread 10" [_thread_blocked, id=26176, stack(0x000000ca94500000,0x000000ca94600000)]
  0x0000024d4c169000 JavaThread "Unconstrained build operations Thread 11" [_thread_blocked, id=8200, stack(0x000000ca94600000,0x000000ca94700000)]
  0x0000024d4c16a800 JavaThread "Unconstrained build operations Thread 12" [_thread_blocked, id=3060, stack(0x000000ca94700000,0x000000ca94800000)]
  0x0000024d4c16b800 JavaThread "Unconstrained build operations Thread 13" [_thread_blocked, id=19904, stack(0x000000ca94800000,0x000000ca94900000)]
  0x0000024d4c165800 JavaThread "Unconstrained build operations Thread 14" [_thread_blocked, id=20916, stack(0x000000ca94900000,0x000000ca94a00000)]
  0x0000024d4c166800 JavaThread "Unconstrained build operations Thread 15" [_thread_blocked, id=29352, stack(0x000000ca94a00000,0x000000ca94b00000)]
  0x0000024d4c16d000 JavaThread "Unconstrained build operations Thread 16" [_thread_blocked, id=27336, stack(0x000000ca94b00000,0x000000ca94c00000)]
  0x0000024d4c167000 JavaThread "Unconstrained build operations Thread 17" [_thread_blocked, id=15284, stack(0x000000ca94c00000,0x000000ca94d00000)]
  0x0000024d4c16e000 JavaThread "Unconstrained build operations Thread 18" [_thread_blocked, id=24184, stack(0x000000ca94d00000,0x000000ca94e00000)]
  0x0000024d4c168000 JavaThread "Unconstrained build operations Thread 19" [_thread_blocked, id=3064, stack(0x000000ca94e00000,0x000000ca94f00000)]
  0x0000024d4c16e800 JavaThread "Unconstrained build operations Thread 20" [_thread_blocked, id=31220, stack(0x000000ca94f00000,0x000000ca95000000)]
  0x0000024d4c170000 JavaThread "Unconstrained build operations Thread 21" [_thread_blocked, id=25900, stack(0x000000ca95000000,0x000000ca95100000)]
  0x0000024d4c16c000 JavaThread "Unconstrained build operations Thread 22" [_thread_blocked, id=15492, stack(0x000000ca95100000,0x000000ca95200000)]
  0x0000024d4c171000 JavaThread "Unconstrained build operations Thread 23" [_thread_blocked, id=11164, stack(0x000000ca95200000,0x000000ca95300000)]
  0x0000024d4c173800 JavaThread "Unconstrained build operations Thread 24" [_thread_blocked, id=22220, stack(0x000000ca95300000,0x000000ca95400000)]
  0x0000024d4c174800 JavaThread "Unconstrained build operations Thread 25" [_thread_blocked, id=47020, stack(0x000000ca95400000,0x000000ca95500000)]
  0x0000024d4c16f800 JavaThread "Unconstrained build operations Thread 26" [_thread_blocked, id=22336, stack(0x000000ca95500000,0x000000ca95600000)]
  0x0000024d4c172000 JavaThread "Unconstrained build operations Thread 27" [_thread_blocked, id=19852, stack(0x000000ca95600000,0x000000ca95700000)]
  0x0000024d4c172800 JavaThread "Unconstrained build operations Thread 28" [_thread_blocked, id=32260, stack(0x000000ca95700000,0x000000ca95800000)]
  0x0000024d4b596000 JavaThread "Unconstrained build operations Thread 29" [_thread_blocked, id=44152, stack(0x000000ca95800000,0x000000ca95900000)]
  0x0000024d4b594000 JavaThread "Unconstrained build operations Thread 30" [_thread_blocked, id=29312, stack(0x000000ca95900000,0x000000ca95a00000)]
  0x0000024d4b596800 JavaThread "Unconstrained build operations Thread 31" [_thread_blocked, id=24132, stack(0x000000ca95a00000,0x000000ca95b00000)]
  0x0000024d4b597800 JavaThread "Unconstrained build operations Thread 32" [_thread_blocked, id=30536, stack(0x000000ca95b00000,0x000000ca95c00000)]
  0x0000024d4b598800 JavaThread "Unconstrained build operations Thread 33" [_thread_blocked, id=6100, stack(0x000000ca95c00000,0x000000ca95d00000)]
  0x0000024d4b599000 JavaThread "Unconstrained build operations Thread 34" [_thread_blocked, id=29320, stack(0x000000ca95d00000,0x000000ca95e00000)]
  0x0000024d4b59a000 JavaThread "Unconstrained build operations Thread 35" [_thread_blocked, id=27316, stack(0x000000ca95e00000,0x000000ca95f00000)]
  0x0000024d4b59b000 JavaThread "Unconstrained build operations Thread 36" [_thread_blocked, id=24972, stack(0x000000ca95f00000,0x000000ca96000000)]
  0x0000024d4b595000 JavaThread "Unconstrained build operations Thread 37" [_thread_blocked, id=23344, stack(0x000000ca96000000,0x000000ca96100000)]
  0x0000024d4b59f800 JavaThread "Unconstrained build operations Thread 38" [_thread_blocked, id=27052, stack(0x000000ca96100000,0x000000ca96200000)]
  0x0000024d4b59f000 JavaThread "Unconstrained build operations Thread 39" [_thread_blocked, id=23976, stack(0x000000ca96200000,0x000000ca96300000)]
  0x0000024d4b5a0800 JavaThread "Unconstrained build operations Thread 40" [_thread_blocked, id=30704, stack(0x000000ca96300000,0x000000ca96400000)]
  0x0000024d4b5a1800 JavaThread "Unconstrained build operations Thread 41" [_thread_blocked, id=27472, stack(0x000000ca96400000,0x000000ca96500000)]
  0x0000024d4b59b800 JavaThread "Unconstrained build operations Thread 42" [_thread_blocked, id=43104, stack(0x000000ca96500000,0x000000ca96600000)]
  0x0000024d4b5a2000 JavaThread "Unconstrained build operations Thread 43" [_thread_blocked, id=9364, stack(0x000000ca96600000,0x000000ca96700000)]
  0x0000024d4b59c800 JavaThread "Unconstrained build operations Thread 44" [_thread_blocked, id=16936, stack(0x000000ca96700000,0x000000ca96800000)]
  0x0000024d4b59d000 JavaThread "Unconstrained build operations Thread 45" [_thread_blocked, id=31128, stack(0x000000ca96800000,0x000000ca96900000)]
  0x0000024d4b59e000 JavaThread "Unconstrained build operations Thread 46" [_thread_blocked, id=26384, stack(0x000000ca96900000,0x000000ca96a00000)]
  0x0000024d4b5a3000 JavaThread "Unconstrained build operations Thread 47" [_thread_blocked, id=28068, stack(0x000000ca96a00000,0x000000ca96b00000)]
  0x0000024d4b5fb000 JavaThread "Unconstrained build operations Thread 48" [_thread_blocked, id=28564, stack(0x000000ca96b00000,0x000000ca96c00000)]
  0x0000024d4b5f8800 JavaThread "Unconstrained build operations Thread 49" [_thread_blocked, id=7024, stack(0x000000ca96c00000,0x000000ca96d00000)]
  0x0000024d4b5f7000 JavaThread "Unconstrained build operations Thread 50" [_thread_blocked, id=22672, stack(0x000000ca96d00000,0x000000ca96e00000)]
  0x0000024d4b5fa800 JavaThread "Unconstrained build operations Thread 51" [_thread_blocked, id=43644, stack(0x000000ca96e00000,0x000000ca96f00000)]
  0x0000024d4b5f9800 JavaThread "Unconstrained build operations Thread 52" [_thread_blocked, id=28444, stack(0x000000ca96f00000,0x000000ca97000000)]
  0x0000024d4b5f5800 JavaThread "Unconstrained build operations Thread 53" [_thread_blocked, id=20748, stack(0x000000ca97000000,0x000000ca97100000)]
  0x0000024d4b5fc000 JavaThread "Unconstrained build operations Thread 54" [_thread_blocked, id=27504, stack(0x000000ca97100000,0x000000ca97200000)]
  0x0000024d4b5f6000 JavaThread "Unconstrained build operations Thread 55" [_thread_blocked, id=23280, stack(0x000000ca97200000,0x000000ca97300000)]
  0x0000024d4b5fd000 JavaThread "Unconstrained build operations Thread 56" [_thread_blocked, id=24172, stack(0x000000ca97300000,0x000000ca97400000)]
  0x0000024d4b5fd800 JavaThread "Unconstrained build operations Thread 57" [_thread_blocked, id=13568, stack(0x000000ca97400000,0x000000ca97500000)]
  0x0000024d4b5f8000 JavaThread "Unconstrained build operations Thread 58" [_thread_blocked, id=18592, stack(0x000000ca97500000,0x000000ca97600000)]
  0x0000024d4b601800 JavaThread "Unconstrained build operations Thread 59" [_thread_blocked, id=10848, stack(0x000000ca97600000,0x000000ca97700000)]
  0x0000024d4b5ff000 JavaThread "Unconstrained build operations Thread 60" [_thread_blocked, id=24876, stack(0x000000ca97700000,0x000000ca97800000)]
  0x0000024d4b601000 JavaThread "Unconstrained build operations Thread 61" [_thread_blocked, id=24320, stack(0x000000ca97800000,0x000000ca97900000)]
  0x0000024d4b600000 JavaThread "Unconstrained build operations Thread 62" [_thread_blocked, id=10516, stack(0x000000ca97900000,0x000000ca97a00000)]
  0x0000024d4b5fe800 JavaThread "Unconstrained build operations Thread 63" [_thread_blocked, id=32528, stack(0x000000ca97a00000,0x000000ca97b00000)]
  0x0000024d4b602800 JavaThread "Unconstrained build operations Thread 64" [_thread_blocked, id=9612, stack(0x000000ca97b00000,0x000000ca97c00000)]
  0x0000024d4b604000 JavaThread "Unconstrained build operations Thread 65" [_thread_blocked, id=26676, stack(0x000000ca97c00000,0x000000ca97d00000)]
  0x0000024d4b603800 JavaThread "Unconstrained build operations Thread 66" [_thread_blocked, id=12416, stack(0x000000ca97d00000,0x000000ca97e00000)]
  0x0000024d4cf91800 JavaThread "Unconstrained build operations Thread 67" [_thread_blocked, id=12720, stack(0x000000ca97e00000,0x000000ca97f00000)]
  0x0000024d4cf93000 JavaThread "Unconstrained build operations Thread 68" [_thread_blocked, id=13932, stack(0x000000ca97f00000,0x000000ca98000000)]
  0x0000024d4cf92800 JavaThread "Unconstrained build operations Thread 69" [_thread_blocked, id=22772, stack(0x000000ca98000000,0x000000ca98100000)]
  0x0000024d4cf94000 JavaThread "Unconstrained build operations Thread 70" [_thread_blocked, id=32824, stack(0x000000ca98100000,0x000000ca98200000)]
  0x0000024d4cf8f000 JavaThread "Unconstrained build operations Thread 71" [_thread_blocked, id=34720, stack(0x000000ca98200000,0x000000ca98300000)]
  0x0000024d4cf8e800 JavaThread "Unconstrained build operations Thread 72" [_thread_blocked, id=30528, stack(0x000000ca98300000,0x000000ca98400000)]
  0x0000024d4cf90000 JavaThread "Unconstrained build operations Thread 73" [_thread_blocked, id=24352, stack(0x000000ca98400000,0x000000ca98500000)]
  0x0000024d4cf95800 JavaThread "Unconstrained build operations Thread 74" [_thread_blocked, id=25480, stack(0x000000ca98500000,0x000000ca98600000)]
  0x0000024d4cf90800 JavaThread "Unconstrained build operations Thread 75" [_thread_blocked, id=24140, stack(0x000000ca98600000,0x000000ca98700000)]
  0x0000024d4cf96800 JavaThread "Unconstrained build operations Thread 76" [_thread_blocked, id=20612, stack(0x000000ca98700000,0x000000ca98800000)]
  0x0000024d4cf98000 JavaThread "Unconstrained build operations Thread 77" [_thread_blocked, id=18092, stack(0x000000ca98800000,0x000000ca98900000)]
  0x0000024d4cf97800 JavaThread "Unconstrained build operations Thread 78" [_thread_blocked, id=45224, stack(0x000000ca98900000,0x000000ca98a00000)]
  0x0000024d4cf99000 JavaThread "Unconstrained build operations Thread 79" [_thread_blocked, id=25880, stack(0x000000ca98a00000,0x000000ca98b00000)]
  0x0000024d4cf99800 JavaThread "Unconstrained build operations Thread 80" [_thread_blocked, id=4800, stack(0x000000ca98b00000,0x000000ca98c00000)]
  0x0000024d4cf9a800 JavaThread "Unconstrained build operations Thread 81" [_thread_blocked, id=1600, stack(0x000000ca98c00000,0x000000ca98d00000)]
  0x0000024d4cf95000 JavaThread "Unconstrained build operations Thread 82" [_thread_blocked, id=20404, stack(0x000000ca98d00000,0x000000ca98e00000)]
  0x0000024d4cf9d000 JavaThread "Unconstrained build operations Thread 83" [_thread_blocked, id=9048, stack(0x000000ca98e00000,0x000000ca98f00000)]
  0x0000024d4cf9b800 JavaThread "Unconstrained build operations Thread 84" [_thread_blocked, id=20820, stack(0x000000ca98f00000,0x000000ca99000000)]
  0x0000024d4cf9c000 JavaThread "Unconstrained build operations Thread 85" [_thread_blocked, id=28820, stack(0x000000ca99000000,0x000000ca99100000)]
  0x0000024d4b718000 JavaThread "Unconstrained build operations Thread 86" [_thread_blocked, id=4360, stack(0x000000ca99100000,0x000000ca99200000)]
  0x0000024d4b713000 JavaThread "Unconstrained build operations Thread 87" [_thread_blocked, id=23780, stack(0x000000ca99200000,0x000000ca99300000)]
  0x0000024d4b712000 JavaThread "Unconstrained build operations Thread 88" [_thread_blocked, id=9464, stack(0x000000ca99300000,0x000000ca99400000)]
  0x0000024d4b713800 JavaThread "Unconstrained build operations Thread 89" [_thread_blocked, id=9636, stack(0x000000ca99400000,0x000000ca99500000)]
  0x0000024d4b719800 JavaThread "Unconstrained build operations Thread 90" [_thread_blocked, id=31684, stack(0x000000ca99500000,0x000000ca99600000)]
  0x0000024d4b718800 JavaThread "Unconstrained build operations Thread 91" [_thread_blocked, id=44208, stack(0x000000ca99600000,0x000000ca99700000)]
  0x0000024d4b71a800 JavaThread "Unconstrained build operations Thread 92" [_thread_blocked, id=18512, stack(0x000000ca99700000,0x000000ca99800000)]
  0x0000024d4b717000 JavaThread "Unconstrained build operations Thread 93" [_thread_blocked, id=3652, stack(0x000000ca99800000,0x000000ca99900000)]
  0x0000024d4b714800 JavaThread "Unconstrained build operations Thread 94" [_thread_blocked, id=34404, stack(0x000000ca99900000,0x000000ca99a00000)]
  0x0000024d4b716000 JavaThread "Unconstrained build operations Thread 95" [_thread_blocked, id=33160, stack(0x000000ca99a00000,0x000000ca99b00000)]
  0x0000024d4b71b000 JavaThread "Unconstrained build operations Thread 96" [_thread_blocked, id=28336, stack(0x000000ca99b00000,0x000000ca99c00000)]
  0x0000024d4b715800 JavaThread "Unconstrained build operations Thread 97" [_thread_blocked, id=24180, stack(0x000000ca99c00000,0x000000ca99d00000)]
  0x0000024d4b71f000 JavaThread "Unconstrained build operations Thread 98" [_thread_blocked, id=5652, stack(0x000000ca99d00000,0x000000ca99e00000)]
  0x0000024d4b71c800 JavaThread "Unconstrained build operations Thread 99" [_thread_blocked, id=32288, stack(0x000000ca99e00000,0x000000ca99f00000)]
  0x0000024d4b720000 JavaThread "Unconstrained build operations Thread 100" [_thread_blocked, id=8740, stack(0x000000ca99f00000,0x000000ca9a000000)]
  0x0000024d4b71c000 JavaThread "Unconstrained build operations Thread 101" [_thread_blocked, id=7660, stack(0x000000ca9a000000,0x000000ca9a100000)]
  0x0000024d4b71e800 JavaThread "Unconstrained build operations Thread 102" [_thread_blocked, id=40076, stack(0x000000ca9a100000,0x000000ca9a200000)]
  0x0000024d4b71d800 JavaThread "Unconstrained build operations Thread 103" [_thread_blocked, id=35680, stack(0x000000ca9a200000,0x000000ca9a300000)]
  0x0000024d4b721000 JavaThread "Unconstrained build operations Thread 104" [_thread_blocked, id=35520, stack(0x000000ca9a300000,0x000000ca9a400000)]
  0x0000024d4b582000 JavaThread "Unconstrained build operations Thread 105" [_thread_blocked, id=43204, stack(0x000000ca9a400000,0x000000ca9a500000)]
  0x0000024d4b580800 JavaThread "Unconstrained build operations Thread 106" [_thread_blocked, id=33480, stack(0x000000ca9a500000,0x000000ca9a600000)]
  0x0000024d4b57c000 JavaThread "Unconstrained build operations Thread 107" [_thread_blocked, id=13392, stack(0x000000ca9a600000,0x000000ca9a700000)]
  0x0000024d4b583000 JavaThread "Unconstrained build operations Thread 108" [_thread_blocked, id=29916, stack(0x000000ca9a700000,0x000000ca9a800000)]
  0x0000024d4b57e000 JavaThread "Unconstrained build operations Thread 109" [_thread_blocked, id=26188, stack(0x000000ca9a800000,0x000000ca9a900000)]
  0x0000024d4b57d000 JavaThread "Unconstrained build operations Thread 110" [_thread_blocked, id=3856, stack(0x000000ca9a900000,0x000000ca9aa00000)]
  0x0000024d4b583800 JavaThread "Unconstrained build operations Thread 111" [_thread_blocked, id=45864, stack(0x000000ca9aa00000,0x000000ca9ab00000)]
  0x0000024d4b581000 JavaThread "Unconstrained build operations Thread 112" [_thread_blocked, id=32728, stack(0x000000ca9ab00000,0x000000ca9ac00000)]
  0x0000024d4b584800 JavaThread "Unconstrained build operations Thread 113" [_thread_blocked, id=13976, stack(0x000000ca9ac00000,0x000000ca9ad00000)]
  0x0000024d4b57e800 JavaThread "Unconstrained build operations Thread 114" [_thread_blocked, id=45944, stack(0x000000ca9ad00000,0x000000ca9ae00000)]
  0x0000024d4b585000 JavaThread "Unconstrained build operations Thread 115" [_thread_blocked, id=20344, stack(0x000000ca9ae00000,0x000000ca9af00000)]
  0x0000024d4b57f800 JavaThread "Unconstrained build operations Thread 116" [_thread_blocked, id=19304, stack(0x000000ca9af00000,0x000000ca9b000000)]
  0x0000024d4b589800 JavaThread "Unconstrained build operations Thread 117" [_thread_blocked, id=28784, stack(0x000000ca9b000000,0x000000ca9b100000)]
  0x0000024d4b586000 JavaThread "Unconstrained build operations Thread 118" [_thread_blocked, id=9632, stack(0x000000ca9b100000,0x000000ca9b200000)]
  0x0000024d4b587800 JavaThread "Unconstrained build operations Thread 119" [_thread_blocked, id=32552, stack(0x000000ca9b200000,0x000000ca9b300000)]
  0x0000024d4b587000 JavaThread "Unconstrained build operations Thread 120" [_thread_blocked, id=30612, stack(0x000000ca9b300000,0x000000ca9b400000)]
  0x0000024d4b588800 JavaThread "jar transforms Thread 4" [_thread_blocked, id=21280, stack(0x000000ca9b400000,0x000000ca9b500000)]
  0x0000024d4b58b000 JavaThread "jar transforms Thread 5" [_thread_blocked, id=19068, stack(0x000000ca9b500000,0x000000ca9b600000)]
  0x0000024d4b58a000 JavaThread "jar transforms Thread 6" [_thread_blocked, id=19320, stack(0x000000ca9b600000,0x000000ca9b700000)]
  0x0000024d4bce9000 JavaThread "jar transforms Thread 7" [_thread_blocked, id=32168, stack(0x000000ca9b700000,0x000000ca9b800000)]
  0x0000024d4bce5000 JavaThread "jar transforms Thread 8" [_thread_blocked, id=24940, stack(0x000000ca9b800000,0x000000ca9b900000)]
  0x0000024d4bcea000 JavaThread "jar transforms Thread 9" [_thread_blocked, id=14944, stack(0x000000ca9b900000,0x000000ca9ba00000)]
  0x0000024d4bce4800 JavaThread "jar transforms Thread 10" [_thread_blocked, id=3136, stack(0x000000ca9ba00000,0x000000ca9bb00000)]
  0x0000024d4bceb000 JavaThread "jar transforms Thread 11" [_thread_blocked, id=31960, stack(0x000000ca9bb00000,0x000000ca9bc00000)]
  0x0000024d4bceb800 JavaThread "jar transforms Thread 12" [_thread_blocked, id=30236, stack(0x000000ca9bc00000,0x000000ca9bd00000)]
  0x0000024d4bce6000 JavaThread "Memory manager" [_thread_blocked, id=16240, stack(0x000000ca9bd00000,0x000000ca9be00000)]
  0x0000024d4bcec800 JavaThread "build event listener" [_thread_blocked, id=33764, stack(0x000000ca9be00000,0x000000ca9bf00000)]
  0x0000024d4bce6800 JavaThread "Execution worker for ':'" [_thread_blocked, id=41968, stack(0x000000ca9bf00000,0x000000ca9c000000)]
  0x0000024d4bce8800 JavaThread "Execution worker for ':' Thread 2" [_thread_blocked, id=38280, stack(0x000000ca9c000000,0x000000ca9c100000)]
  0x0000024d4bce7800 JavaThread "Execution worker for ':' Thread 3" [_thread_blocked, id=12704, stack(0x000000ca9c100000,0x000000ca9c200000)]
  0x0000024d4bcef800 JavaThread "Execution worker for ':' Thread 4" [_thread_blocked, id=26052, stack(0x000000ca9c200000,0x000000ca9c300000)]
  0x0000024d4bcee000 JavaThread "Execution worker for ':' Thread 5" [_thread_blocked, id=45548, stack(0x000000ca9c300000,0x000000ca9c400000)]
  0x0000024d4bcf0800 JavaThread "Execution worker for ':' Thread 6" [_thread_blocked, id=12276, stack(0x000000ca9c400000,0x000000ca9c500000)]
  0x0000024d4bcf3000 JavaThread "Execution worker for ':' Thread 7" [_thread_blocked, id=44428, stack(0x000000ca9c500000,0x000000ca9c600000)]
  0x0000024d4bcf1800 JavaThread "Execution worker for ':' Thread 8" [_thread_blocked, id=1592, stack(0x000000ca9c600000,0x000000ca9c700000)]
  0x0000024d4bcf2000 JavaThread "Execution worker for ':' Thread 9" [_thread_blocked, id=25120, stack(0x000000ca9c700000,0x000000ca9c800000)]
  0x0000024d4bced000 JavaThread "Execution worker for ':' Thread 10" [_thread_blocked, id=31032, stack(0x000000ca9c800000,0x000000ca9c900000)]
  0x0000024d4bcef000 JavaThread "Execution worker for ':' Thread 11" [_thread_blocked, id=12536, stack(0x000000ca9c900000,0x000000ca9ca00000)]
  0x0000024d4b4ec800 JavaThread "Cache worker for execution history cache (D:\Pemrograman Bergerak\Kalkulator Bidang Datar\.gradle\7.3.3\executionHistory)" [_thread_blocked, id=33832, stack(0x000000ca9ca00000,0x000000ca9cb00000)]
  0x0000024d4b4f0000 JavaThread "WorkerExecutor Queue" [_thread_blocked, id=33584, stack(0x000000ca9cb00000,0x000000ca9cc00000)]
  0x0000024d4b4ee800 JavaThread "WorkerExecutor Queue Thread 2" [_thread_blocked, id=32896, stack(0x000000ca9cc00000,0x000000ca9cd00000)]
  0x0000024d4b4f1000 JavaThread "WorkerExecutor Queue Thread 3" [_thread_in_native, id=13384, stack(0x000000ca9cd00000,0x000000ca9ce00000)]
  0x0000024d4b4ec000 JavaThread "WorkerExecutor Queue Thread 4" [_thread_blocked, id=16672, stack(0x000000ca9ce00000,0x000000ca9cf00000)]
  0x0000024d4b4ed800 JavaThread "pool-3-thread-1" [_thread_blocked, id=33028, stack(0x000000ca9cf00000,0x000000ca9d000000)]

Other Threads:
  0x0000024d452f9000 VMThread "VM Thread" [stack: 0x000000ca90b00000,0x000000ca90c00000] [id=27128]
  0x0000024d45dfe000 WatcherThread [stack: 0x000000ca91500000,0x000000ca91600000] [id=14100]
  0x0000024d2aa61800 GCTaskThread "GC Thread#0" [stack: 0x000000ca90600000,0x000000ca90700000] [id=24840]
  0x0000024d46b71000 GCTaskThread "GC Thread#1" [stack: 0x000000ca91700000,0x000000ca91800000] [id=11076]
  0x0000024d45e77800 GCTaskThread "GC Thread#2" [stack: 0x000000ca91600000,0x000000ca91700000] [id=27064]
  0x0000024d47b9e800 GCTaskThread "GC Thread#3" [stack: 0x000000ca91a00000,0x000000ca91b00000] [id=45052]
  0x0000024d47260800 GCTaskThread "GC Thread#4" [stack: 0x000000ca92400000,0x000000ca92500000] [id=16164]
  0x0000024d46f59000 GCTaskThread "GC Thread#5" [stack: 0x000000ca92500000,0x000000ca92600000] [id=23784]
  0x0000024d477a7800 GCTaskThread "GC Thread#6" [stack: 0x000000ca92600000,0x000000ca92700000] [id=11220]
  0x0000024d473aa800 GCTaskThread "GC Thread#7" [stack: 0x000000ca92700000,0x000000ca92800000] [id=17792]
  0x0000024d4870b000 GCTaskThread "GC Thread#8" [stack: 0x000000ca92800000,0x000000ca92900000] [id=2360]
  0x0000024d471a8800 GCTaskThread "GC Thread#9" [stack: 0x000000ca92900000,0x000000ca92a00000] [id=26572]
  0x0000024d2aa94000 ConcurrentGCThread "G1 Main Marker" [stack: 0x000000ca90700000,0x000000ca90800000] [id=12380]
  0x0000024d2aa95800 ConcurrentGCThread "G1 Conc#0" [stack: 0x000000ca90800000,0x000000ca90900000] [id=27712]
  0x0000024d480b2800 ConcurrentGCThread "G1 Conc#1" [stack: 0x000000ca92d00000,0x000000ca92e00000] [id=10032]
  0x0000024d47369800 ConcurrentGCThread "G1 Conc#2" [stack: 0x000000ca92e00000,0x000000ca92f00000] [id=37884]
  0x0000024d45150800 ConcurrentGCThread "G1 Refine#0" [stack: 0x000000ca90900000,0x000000ca90a00000] [id=37732]
  0x0000024d47672800 ConcurrentGCThread "G1 Refine#1" [stack: 0x000000ca91800000,0x000000ca91900000] [id=10880]
  0x0000024d45151800 ConcurrentGCThread "G1 Young RemSet Sampling" [stack: 0x000000ca90a00000,0x000000ca90b00000] [id=1348]

Threads with active compile tasks:
C2 CompilerThread0  22254 10811       4       java.lang.Class::annotationData (44 bytes)

VM state:not at safepoint (normal execution)

VM Mutex/Monitor currently owned by a thread: None

Heap address: 0x0000000080000000, size: 2048 MB, Compressed Oops mode: 32-bit
Narrow klass base: 0x0000000000000000, Narrow klass shift: 3
Compressed class space size: 1073741824 Address: 0x0000000100000000

Heap:
 garbage-first heap   total 203776K, used 131464K [0x0000000080000000, 0x0000000100000000)
  region size 1024K, 51 young (52224K), 2 survivors (2048K)
 Metaspace       used 91754K, capacity 93828K, committed 94292K, reserved 1130496K
  class space    used 11832K, capacity 12667K, committed 12884K, reserved 1048576K
Heap Regions: E=young(eden), S=young(survivor), O=old, HS=humongous(starts), HC=humongous(continues), CS=collection set, F=free, A=archive, TAMS=top-at-mark-start (previous, next)
|   0|0x0000000080000000, 0x0000000080100000, 0x0000000080100000|100%| O|  |TAMS 0x0000000080100000, 0x0000000080000000| Untracked 
|   1|0x0000000080100000, 0x0000000080200000, 0x0000000080200000|100%| O|  |TAMS 0x0000000080200000, 0x0000000080100000| Untracked 
|   2|0x0000000080200000, 0x0000000080300000, 0x0000000080300000|100%| O|  |TAMS 0x0000000080300000, 0x0000000080200000| Complete 
|   3|0x0000000080300000, 0x0000000080400000, 0x0000000080400000|100%|HS|  |TAMS 0x0000000080400000, 0x0000000080300000| Complete 
|   4|0x0000000080400000, 0x0000000080500000, 0x0000000080500000|100%|HC|  |TAMS 0x0000000080500000, 0x0000000080400000| Complete 
|   5|0x0000000080500000, 0x0000000080600000, 0x0000000080600000|100%|HC|  |TAMS 0x0000000080600000, 0x0000000080500000| Complete 
|   6|0x0000000080600000, 0x0000000080700000, 0x0000000080700000|100%| O|  |TAMS 0x0000000080700000, 0x0000000080600000| Untracked 
|   7|0x0000000080700000, 0x0000000080800000, 0x0000000080800000|100%| O|  |TAMS 0x0000000080800000, 0x0000000080700000| Untracked 
|   8|0x0000000080800000, 0x0000000080900000, 0x0000000080900000|100%| O|  |TAMS 0x0000000080900000, 0x0000000080800000| Untracked 
|   9|0x0000000080900000, 0x0000000080a00000, 0x0000000080a00000|100%| O|  |TAMS 0x0000000080a00000, 0x0000000080900000| Untracked 
|  10|0x0000000080a00000, 0x0000000080b00000, 0x0000000080b00000|100%| O|  |TAMS 0x0000000080b00000, 0x0000000080a00000| Untracked 
|  11|0x0000000080b00000, 0x0000000080c00000, 0x0000000080c00000|100%| O|  |TAMS 0x0000000080c00000, 0x0000000080b00000| Untracked 
|  12|0x0000000080c00000, 0x0000000080d00000, 0x0000000080d00000|100%| O|  |TAMS 0x0000000080d00000, 0x0000000080c00000| Untracked 
|  13|0x0000000080d00000, 0x0000000080e00000, 0x0000000080e00000|100%| O|  |TAMS 0x0000000080e00000, 0x0000000080d00000| Untracked 
|  14|0x0000000080e00000, 0x0000000080f00000, 0x0000000080f00000|100%| O|  |TAMS 0x0000000080f00000, 0x0000000080e00000| Untracked 
|  15|0x0000000080f00000, 0x0000000081000000, 0x0000000081000000|100%| O|  |TAMS 0x0000000081000000, 0x0000000080f00000| Untracked 
|  16|0x0000000081000000, 0x0000000081100000, 0x0000000081100000|100%| O|  |TAMS 0x0000000081100000, 0x0000000081000000| Untracked 
|  17|0x0000000081100000, 0x0000000081200000, 0x0000000081200000|100%| O|  |TAMS 0x0000000081200000, 0x0000000081100000| Untracked 
|  18|0x0000000081200000, 0x0000000081300000, 0x0000000081300000|100%| O|  |TAMS 0x0000000081300000, 0x0000000081200000| Untracked 
|  19|0x0000000081300000, 0x0000000081400000, 0x0000000081400000|100%| O|  |TAMS 0x0000000081400000, 0x0000000081300000| Untracked 
|  20|0x0000000081400000, 0x0000000081500000, 0x0000000081500000|100%| O|  |TAMS 0x0000000081500000, 0x0000000081400000| Complete 
|  21|0x0000000081500000, 0x0000000081600000, 0x0000000081600000|100%| O|  |TAMS 0x0000000081600000, 0x0000000081500000| Untracked 
|  22|0x0000000081600000, 0x0000000081700000, 0x0000000081700000|100%| O|  |TAMS 0x0000000081700000, 0x0000000081600000| Untracked 
|  23|0x0000000081700000, 0x0000000081800000, 0x0000000081800000|100%| O|  |TAMS 0x0000000081800000, 0x0000000081700000| Untracked 
|  24|0x0000000081800000, 0x0000000081900000, 0x0000000081900000|100%| O|  |TAMS 0x0000000081900000, 0x0000000081800000| Complete 
|  25|0x0000000081900000, 0x0000000081a00000, 0x0000000081a00000|100%| O|  |TAMS 0x0000000081a00000, 0x0000000081900000| Untracked 
|  26|0x0000000081a00000, 0x0000000081b00000, 0x0000000081b00000|100%| O|  |TAMS 0x0000000081b00000, 0x0000000081a00000| Untracked 
|  27|0x0000000081b00000, 0x0000000081c00000, 0x0000000081c00000|100%| O|  |TAMS 0x0000000081c00000, 0x0000000081b00000| Complete 
|  28|0x0000000081c00000, 0x0000000081d00000, 0x0000000081d00000|100%|HS|  |TAMS 0x0000000081d00000, 0x0000000081c00000| Complete 
|  29|0x0000000081d00000, 0x0000000081e00000, 0x0000000081e00000|100%|HS|  |TAMS 0x0000000081e00000, 0x0000000081d00000| Complete 
|  30|0x0000000081e00000, 0x0000000081f00000, 0x0000000081f00000|100%|HS|  |TAMS 0x0000000081f00000, 0x0000000081e00000| Complete 
|  31|0x0000000081f00000, 0x0000000082000000, 0x0000000082000000|100%|HC|  |TAMS 0x0000000082000000, 0x0000000081f00000| Complete 
|  32|0x0000000082000000, 0x0000000082100000, 0x0000000082100000|100%| O|  |TAMS 0x0000000082100000, 0x0000000082000000| Untracked 
|  33|0x0000000082100000, 0x0000000082200000, 0x0000000082200000|100%| O|  |TAMS 0x0000000082200000, 0x0000000082100000| Untracked 
|  34|0x0000000082200000, 0x0000000082300000, 0x0000000082300000|100%| O|  |TAMS 0x0000000082300000, 0x0000000082200000| Untracked 
|  35|0x0000000082300000, 0x0000000082400000, 0x0000000082400000|100%| O|  |TAMS 0x0000000082400000, 0x0000000082300000| Complete 
|  36|0x0000000082400000, 0x0000000082500000, 0x0000000082500000|100%| O|  |TAMS 0x0000000082500000, 0x0000000082400000| Untracked 
|  37|0x0000000082500000, 0x0000000082600000, 0x0000000082600000|100%| O|  |TAMS 0x0000000082600000, 0x0000000082500000| Untracked 
|  38|0x0000000082600000, 0x0000000082700000, 0x0000000082700000|100%| O|  |TAMS 0x0000000082700000, 0x0000000082600000| Untracked 
|  39|0x0000000082700000, 0x0000000082800000, 0x0000000082800000|100%| O|  |TAMS 0x0000000082800000, 0x0000000082700000| Untracked 
|  40|0x0000000082800000, 0x0000000082900000, 0x0000000082900000|100%| O|  |TAMS 0x0000000082900000, 0x0000000082800000| Untracked 
|  41|0x0000000082900000, 0x0000000082a00000, 0x0000000082a00000|100%| O|  |TAMS 0x0000000082a00000, 0x0000000082900000| Untracked 
|  42|0x0000000082a00000, 0x0000000082b00000, 0x0000000082b00000|100%| O|  |TAMS 0x0000000082b00000, 0x0000000082a00000| Complete 
|  43|0x0000000082b00000, 0x0000000082c00000, 0x0000000082c00000|100%| O|  |TAMS 0x0000000082c00000, 0x0000000082b00000| Untracked 
|  44|0x0000000082c00000, 0x0000000082d00000, 0x0000000082d00000|100%| O|  |TAMS 0x0000000082d00000, 0x0000000082c00000| Untracked 
|  45|0x0000000082d00000, 0x0000000082e00000, 0x0000000082e00000|100%| O|  |TAMS 0x0000000082e00000, 0x0000000082d00000| Untracked 
|  46|0x0000000082e00000, 0x0000000082f00000, 0x0000000082f00000|100%| O|  |TAMS 0x0000000082f00000, 0x0000000082e00000| Untracked 
|  47|0x0000000082f00000, 0x0000000083000000, 0x0000000083000000|100%| O|  |TAMS 0x0000000083000000, 0x0000000082f00000| Untracked 
|  48|0x0000000083000000, 0x0000000083100000, 0x0000000083100000|100%| O|  |TAMS 0x0000000083100000, 0x0000000083000000| Untracked 
|  49|0x0000000083100000, 0x0000000083200000, 0x0000000083200000|100%| O|  |TAMS 0x0000000083200000, 0x0000000083100000| Untracked 
|  50|0x0000000083200000, 0x0000000083300000, 0x0000000083300000|100%| O|  |TAMS 0x0000000083300000, 0x0000000083200000| Untracked 
|  51|0x0000000083300000, 0x0000000083400000, 0x0000000083400000|100%| O|  |TAMS 0x0000000083400000, 0x0000000083300000| Untracked 
|  52|0x0000000083400000, 0x0000000083500000, 0x0000000083500000|100%| O|  |TAMS 0x0000000083500000, 0x0000000083400000| Untracked 
|  53|0x0000000083500000, 0x0000000083600000, 0x0000000083600000|100%| O|  |TAMS 0x0000000083600000, 0x0000000083500000| Untracked 
|  54|0x0000000083600000, 0x0000000083700000, 0x0000000083700000|100%| O|  |TAMS 0x0000000083700000, 0x0000000083600000| Complete 
|  55|0x0000000083700000, 0x0000000083800000, 0x0000000083800000|100%| O|  |TAMS 0x0000000083800000, 0x0000000083700000| Untracked 
|  56|0x0000000083800000, 0x0000000083900000, 0x0000000083900000|100%| O|  |TAMS 0x0000000083900000, 0x0000000083800000| Untracked 
|  57|0x0000000083900000, 0x0000000083a00000, 0x0000000083a00000|100%| O|  |TAMS 0x0000000083a00000, 0x0000000083900000| Untracked 
|  58|0x0000000083a00000, 0x0000000083b00000, 0x0000000083b00000|100%| O|  |TAMS 0x0000000083b00000, 0x0000000083a00000| Untracked 
|  59|0x0000000083b00000, 0x0000000083c00000, 0x0000000083c00000|100%| O|  |TAMS 0x0000000083c00000, 0x0000000083b00000| Complete 
|  60|0x0000000083c00000, 0x0000000083d00000, 0x0000000083d00000|100%| O|  |TAMS 0x0000000083d00000, 0x0000000083c00000| Complete 
|  61|0x0000000083d00000, 0x0000000083d00000, 0x0000000083e00000|  0%| F|  |TAMS 0x0000000083d00000, 0x0000000083d00000| Untracked 
|  62|0x0000000083e00000, 0x0000000083f00000, 0x0000000083f00000|100%| O|  |TAMS 0x0000000083f00000, 0x0000000083e00000| Complete 
|  63|0x0000000083f00000, 0x0000000084000000, 0x0000000084000000|100%| O|  |TAMS 0x0000000084000000, 0x0000000083f00000| Complete 
|  64|0x0000000084000000, 0x0000000084000000, 0x0000000084100000|  0%| F|  |TAMS 0x0000000084000000, 0x0000000084000000| Untracked 
|  65|0x0000000084100000, 0x0000000084100000, 0x0000000084200000|  0%| F|  |TAMS 0x0000000084100000, 0x0000000084100000| Untracked 
|  66|0x0000000084200000, 0x0000000084200000, 0x0000000084300000|  0%| F|  |TAMS 0x0000000084200000, 0x0000000084200000| Untracked 
|  67|0x0000000084300000, 0x0000000084300000, 0x0000000084400000|  0%| F|  |TAMS 0x0000000084300000, 0x0000000084300000| Untracked 
|  68|0x0000000084400000, 0x0000000084400000, 0x0000000084500000|  0%| F|  |TAMS 0x0000000084400000, 0x0000000084400000| Untracked 
|  69|0x0000000084500000, 0x0000000084500000, 0x0000000084600000|  0%| F|  |TAMS 0x0000000084500000, 0x0000000084500000| Untracked 
|  70|0x0000000084600000, 0x0000000084600000, 0x0000000084700000|  0%| F|  |TAMS 0x0000000084600000, 0x0000000084600000| Untracked 
|  71|0x0000000084700000, 0x0000000084700000, 0x0000000084800000|  0%| F|  |TAMS 0x0000000084700000, 0x0000000084700000| Untracked 
|  72|0x0000000084800000, 0x0000000084800000, 0x0000000084900000|  0%| F|  |TAMS 0x0000000084800000, 0x0000000084800000| Untracked 
|  73|0x0000000084900000, 0x0000000084a00000, 0x0000000084a00000|100%| O|  |TAMS 0x0000000084a00000, 0x0000000084900000| Complete 
|  74|0x0000000084a00000, 0x0000000084b00000, 0x0000000084b00000|100%| O|  |TAMS 0x0000000084b00000, 0x0000000084a00000| Complete 
|  75|0x0000000084b00000, 0x0000000084c00000, 0x0000000084c00000|100%| O|  |TAMS 0x0000000084c00000, 0x0000000084b00000| Complete 
|  76|0x0000000084c00000, 0x0000000084d00000, 0x0000000084d00000|100%| O|  |TAMS 0x0000000084d00000, 0x0000000084c00000| Complete 
|  77|0x0000000084d00000, 0x0000000084e00000, 0x0000000084e00000|100%| O|  |TAMS 0x0000000084e00000, 0x0000000084d00000| Complete 
|  78|0x0000000084e00000, 0x0000000084f00000, 0x0000000084f00000|100%| O|  |TAMS 0x0000000084f00000, 0x0000000084e00000| Complete 
|  79|0x0000000084f00000, 0x0000000085000000, 0x0000000085000000|100%| O|  |TAMS 0x0000000085000000, 0x0000000084f00000| Complete 
|  80|0x0000000085000000, 0x0000000085100000, 0x0000000085100000|100%| O|  |TAMS 0x0000000085100000, 0x0000000085000000| Complete 
|  81|0x0000000085100000, 0x0000000085200000, 0x0000000085200000|100%| O|  |TAMS 0x0000000085200000, 0x0000000085100000| Complete 
|  82|0x0000000085200000, 0x0000000085300000, 0x0000000085300000|100%| O|  |TAMS 0x0000000085300000, 0x0000000085200000| Untracked 
|  83|0x0000000085300000, 0x0000000085400000, 0x0000000085400000|100%| O|  |TAMS 0x0000000085400000, 0x0000000085300000| Untracked 
|  84|0x0000000085400000, 0x0000000085500000, 0x0000000085500000|100%| O|  |TAMS 0x0000000085500000, 0x0000000085400000| Untracked 
|  85|0x0000000085500000, 0x0000000085600000, 0x0000000085600000|100%| O|  |TAMS 0x0000000085600000, 0x0000000085500000| Complete 
|  86|0x0000000085600000, 0x0000000085700000, 0x0000000085700000|100%| O|  |TAMS 0x0000000085700000, 0x0000000085600000| Complete 
|  87|0x0000000085700000, 0x0000000085775e00, 0x0000000085800000| 46%| O|  |TAMS 0x0000000085775e00, 0x0000000085700000| Untracked 
|  88|0x0000000085800000, 0x0000000085800000, 0x0000000085900000|  0%| F|  |TAMS 0x0000000085800000, 0x0000000085800000| Untracked 
|  89|0x0000000085900000, 0x0000000085900000, 0x0000000085a00000|  0%| F|  |TAMS 0x0000000085900000, 0x0000000085900000| Untracked 
|  90|0x0000000085a00000, 0x0000000085a00000, 0x0000000085b00000|  0%| F|  |TAMS 0x0000000085a00000, 0x0000000085a00000| Untracked 
|  91|0x0000000085b00000, 0x0000000085b00000, 0x0000000085c00000|  0%| F|  |TAMS 0x0000000085b00000, 0x0000000085b00000| Untracked 
|  92|0x0000000085c00000, 0x0000000085c00000, 0x0000000085d00000|  0%| F|  |TAMS 0x0000000085c00000, 0x0000000085c00000| Untracked 
|  93|0x0000000085d00000, 0x0000000085d00000, 0x0000000085e00000|  0%| F|  |TAMS 0x0000000085d00000, 0x0000000085d00000| Untracked 
|  94|0x0000000085e00000, 0x0000000085e00000, 0x0000000085f00000|  0%| F|  |TAMS 0x0000000085e00000, 0x0000000085e00000| Untracked 
|  95|0x0000000085f00000, 0x0000000085f00000, 0x0000000086000000|  0%| F|  |TAMS 0x0000000085f00000, 0x0000000085f00000| Untracked 
|  96|0x0000000086000000, 0x0000000086000000, 0x0000000086100000|  0%| F|  |TAMS 0x0000000086000000, 0x0000000086000000| Untracked 
|  97|0x0000000086100000, 0x0000000086100000, 0x0000000086200000|  0%| F|  |TAMS 0x0000000086100000, 0x0000000086100000| Untracked 
|  98|0x0000000086200000, 0x0000000086300000, 0x0000000086300000|100%| O|  |TAMS 0x0000000086300000, 0x0000000086200000| Complete 
|  99|0x0000000086300000, 0x0000000086300000, 0x0000000086400000|  0%| F|  |TAMS 0x0000000086300000, 0x0000000086300000| Untracked 
| 100|0x0000000086400000, 0x0000000086400000, 0x0000000086500000|  0%| F|  |TAMS 0x0000000086400000, 0x0000000086400000| Untracked 
| 101|0x0000000086500000, 0x0000000086600000, 0x0000000086600000|100%| O|  |TAMS 0x0000000086600000, 0x0000000086500000| Complete 
| 102|0x0000000086600000, 0x0000000086600000, 0x0000000086700000|  0%| F|  |TAMS 0x0000000086600000, 0x0000000086600000| Untracked 
| 103|0x0000000086700000, 0x0000000086700000, 0x0000000086800000|  0%| F|  |TAMS 0x0000000086700000, 0x0000000086700000| Untracked 
| 104|0x0000000086800000, 0x0000000086800000, 0x0000000086900000|  0%| F|  |TAMS 0x0000000086800000, 0x0000000086800000| Untracked 
| 105|0x0000000086900000, 0x0000000086900000, 0x0000000086a00000|  0%| F|  |TAMS 0x0000000086900000, 0x0000000086900000| Untracked 
| 106|0x0000000086a00000, 0x0000000086a00000, 0x0000000086b00000|  0%| F|  |TAMS 0x0000000086a00000, 0x0000000086a00000| Untracked 
| 107|0x0000000086b00000, 0x0000000086b00000, 0x0000000086c00000|  0%| F|  |TAMS 0x0000000086b00000, 0x0000000086b00000| Untracked 
| 108|0x0000000086c00000, 0x0000000086c00000, 0x0000000086d00000|  0%| F|  |TAMS 0x0000000086c00000, 0x0000000086c00000| Untracked 
| 109|0x0000000086d00000, 0x0000000086d00000, 0x0000000086e00000|  0%| F|  |TAMS 0x0000000086d00000, 0x0000000086d00000| Untracked 
| 110|0x0000000086e00000, 0x0000000086e00000, 0x0000000086f00000|  0%| F|  |TAMS 0x0000000086e00000, 0x0000000086e00000| Untracked 
| 111|0x0000000086f00000, 0x0000000086f00000, 0x0000000087000000|  0%| F|  |TAMS 0x0000000086f00000, 0x0000000086f00000| Untracked 
| 112|0x0000000087000000, 0x0000000087000000, 0x0000000087100000|  0%| F|  |TAMS 0x0000000087000000, 0x0000000087000000| Untracked 
| 113|0x0000000087100000, 0x0000000087100000, 0x0000000087200000|  0%| F|  |TAMS 0x0000000087100000, 0x0000000087100000| Untracked 
| 114|0x0000000087200000, 0x0000000087200000, 0x0000000087300000|  0%| F|  |TAMS 0x0000000087200000, 0x0000000087200000| Untracked 
| 115|0x0000000087300000, 0x0000000087300000, 0x0000000087400000|  0%| F|  |TAMS 0x0000000087300000, 0x0000000087300000| Untracked 
| 116|0x0000000087400000, 0x0000000087400000, 0x0000000087500000|  0%| F|  |TAMS 0x0000000087400000, 0x0000000087400000| Untracked 
| 117|0x0000000087500000, 0x0000000087500000, 0x0000000087600000|  0%| F|  |TAMS 0x0000000087500000, 0x0000000087500000| Untracked 
| 118|0x0000000087600000, 0x0000000087600000, 0x0000000087700000|  0%| F|  |TAMS 0x0000000087600000, 0x0000000087600000| Untracked 
| 119|0x0000000087700000, 0x0000000087700000, 0x0000000087800000|  0%| F|  |TAMS 0x0000000087700000, 0x0000000087700000| Untracked 
| 120|0x0000000087800000, 0x0000000087800000, 0x0000000087900000|  0%| F|  |TAMS 0x0000000087800000, 0x0000000087800000| Untracked 
| 121|0x0000000087900000, 0x0000000087900000, 0x0000000087a00000|  0%| F|  |TAMS 0x0000000087900000, 0x0000000087900000| Untracked 
| 122|0x0000000087a00000, 0x0000000087a00000, 0x0000000087b00000|  0%| F|  |TAMS 0x0000000087a00000, 0x0000000087a00000| Untracked 
| 123|0x0000000087b00000, 0x0000000087b00000, 0x0000000087c00000|  0%| F|  |TAMS 0x0000000087b00000, 0x0000000087b00000| Untracked 
| 124|0x0000000087c00000, 0x0000000087c00000, 0x0000000087d00000|  0%| F|  |TAMS 0x0000000087c00000, 0x0000000087c00000| Untracked 
| 125|0x0000000087d00000, 0x0000000087dec400, 0x0000000087e00000| 92%| S|CS|TAMS 0x0000000087d00000, 0x0000000087d00000| Complete 
| 126|0x0000000087e00000, 0x0000000087f00000, 0x0000000087f00000|100%| S|CS|TAMS 0x0000000087e00000, 0x0000000087e00000| Complete 
| 127|0x0000000087f00000, 0x0000000087f00000, 0x0000000088000000|  0%| F|  |TAMS 0x0000000087f00000, 0x0000000087f00000| Untracked 
| 128|0x0000000088000000, 0x0000000088000000, 0x0000000088100000|  0%| F|  |TAMS 0x0000000088000000, 0x0000000088000000| Untracked 
| 129|0x0000000088100000, 0x0000000088100000, 0x0000000088200000|  0%| F|  |TAMS 0x0000000088100000, 0x0000000088100000| Untracked 
| 130|0x0000000088200000, 0x0000000088200000, 0x0000000088300000|  0%| F|  |TAMS 0x0000000088200000, 0x0000000088200000| Untracked 
| 131|0x0000000088300000, 0x0000000088300000, 0x0000000088400000|  0%| F|  |TAMS 0x0000000088300000, 0x0000000088300000| Untracked 
| 132|0x0000000088400000, 0x0000000088400000, 0x0000000088500000|  0%| F|  |TAMS 0x0000000088400000, 0x0000000088400000| Untracked 
| 133|0x0000000088500000, 0x0000000088500000, 0x0000000088600000|  0%| F|  |TAMS 0x0000000088500000, 0x0000000088500000| Untracked 
| 134|0x0000000088600000, 0x0000000088600000, 0x0000000088700000|  0%| F|  |TAMS 0x0000000088600000, 0x0000000088600000| Untracked 
| 135|0x0000000088700000, 0x0000000088700000, 0x0000000088800000|  0%| F|  |TAMS 0x0000000088700000, 0x0000000088700000| Untracked 
| 136|0x0000000088800000, 0x0000000088800000, 0x0000000088900000|  0%| F|  |TAMS 0x0000000088800000, 0x0000000088800000| Untracked 
| 137|0x0000000088900000, 0x0000000088900000, 0x0000000088a00000|  0%| F|  |TAMS 0x0000000088900000, 0x0000000088900000| Untracked 
| 138|0x0000000088a00000, 0x0000000088a00000, 0x0000000088b00000|  0%| F|  |TAMS 0x0000000088a00000, 0x0000000088a00000| Untracked 
| 139|0x0000000088b00000, 0x0000000088b00000, 0x0000000088c00000|  0%| F|  |TAMS 0x0000000088b00000, 0x0000000088b00000| Untracked 
| 140|0x0000000088c00000, 0x0000000088c00000, 0x0000000088d00000|  0%| F|  |TAMS 0x0000000088c00000, 0x0000000088c00000| Untracked 
| 141|0x0000000088d00000, 0x0000000088d00000, 0x0000000088e00000|  0%| F|  |TAMS 0x0000000088d00000, 0x0000000088d00000| Untracked 
| 142|0x0000000088e00000, 0x0000000088e00000, 0x0000000088f00000|  0%| F|  |TAMS 0x0000000088e00000, 0x0000000088e00000| Untracked 
| 143|0x0000000088f00000, 0x0000000088f00000, 0x0000000089000000|  0%| F|  |TAMS 0x0000000088f00000, 0x0000000088f00000| Untracked 
| 144|0x0000000089000000, 0x0000000089000000, 0x0000000089100000|  0%| F|  |TAMS 0x0000000089000000, 0x0000000089000000| Untracked 
| 145|0x0000000089100000, 0x0000000089100000, 0x0000000089200000|  0%| F|  |TAMS 0x0000000089100000, 0x0000000089100000| Untracked 
| 146|0x0000000089200000, 0x0000000089200000, 0x0000000089300000|  0%| F|  |TAMS 0x0000000089200000, 0x0000000089200000| Untracked 
| 147|0x0000000089300000, 0x0000000089300000, 0x0000000089400000|  0%| F|  |TAMS 0x0000000089300000, 0x0000000089300000| Untracked 
| 148|0x0000000089400000, 0x0000000089400000, 0x0000000089500000|  0%| F|  |TAMS 0x0000000089400000, 0x0000000089400000| Untracked 
| 149|0x0000000089500000, 0x0000000089500000, 0x0000000089600000|  0%| F|  |TAMS 0x0000000089500000, 0x0000000089500000| Untracked 
| 150|0x0000000089600000, 0x0000000089676be0, 0x0000000089700000| 46%| E|  |TAMS 0x0000000089600000, 0x0000000089600000| Complete 
| 151|0x0000000089700000, 0x0000000089800000, 0x0000000089800000|100%| E|CS|TAMS 0x0000000089700000, 0x0000000089700000| Complete 
| 152|0x0000000089800000, 0x0000000089900000, 0x0000000089900000|100%| E|CS|TAMS 0x0000000089800000, 0x0000000089800000| Complete 
| 153|0x0000000089900000, 0x0000000089a00000, 0x0000000089a00000|100%| E|CS|TAMS 0x0000000089900000, 0x0000000089900000| Complete 
| 154|0x0000000089a00000, 0x0000000089b00000, 0x0000000089b00000|100%| E|CS|TAMS 0x0000000089a00000, 0x0000000089a00000| Complete 
| 155|0x0000000089b00000, 0x0000000089c00000, 0x0000000089c00000|100%| E|CS|TAMS 0x0000000089b00000, 0x0000000089b00000| Complete 
| 156|0x0000000089c00000, 0x0000000089d00000, 0x0000000089d00000|100%| E|CS|TAMS 0x0000000089c00000, 0x0000000089c00000| Complete 
| 157|0x0000000089d00000, 0x0000000089e00000, 0x0000000089e00000|100%| E|CS|TAMS 0x0000000089d00000, 0x0000000089d00000| Complete 
| 158|0x0000000089e00000, 0x0000000089f00000, 0x0000000089f00000|100%| E|CS|TAMS 0x0000000089e00000, 0x0000000089e00000| Complete 
| 159|0x0000000089f00000, 0x000000008a000000, 0x000000008a000000|100%| E|CS|TAMS 0x0000000089f00000, 0x0000000089f00000| Complete 
| 160|0x000000008a000000, 0x000000008a100000, 0x000000008a100000|100%| E|CS|TAMS 0x000000008a000000, 0x000000008a000000| Complete 
| 161|0x000000008a100000, 0x000000008a200000, 0x000000008a200000|100%| E|CS|TAMS 0x000000008a100000, 0x000000008a100000| Complete 
| 162|0x000000008a200000, 0x000000008a300000, 0x000000008a300000|100%| E|CS|TAMS 0x000000008a200000, 0x000000008a200000| Complete 
| 163|0x000000008a300000, 0x000000008a400000, 0x000000008a400000|100%| E|CS|TAMS 0x000000008a300000, 0x000000008a300000| Complete 
| 164|0x000000008a400000, 0x000000008a500000, 0x000000008a500000|100%| E|CS|TAMS 0x000000008a400000, 0x000000008a400000| Complete 
| 165|0x000000008a500000, 0x000000008a600000, 0x000000008a600000|100%| E|CS|TAMS 0x000000008a500000, 0x000000008a500000| Complete 
| 166|0x000000008a600000, 0x000000008a700000, 0x000000008a700000|100%| E|CS|TAMS 0x000000008a600000, 0x000000008a600000| Complete 
| 167|0x000000008a700000, 0x000000008a800000, 0x000000008a800000|100%| E|CS|TAMS 0x000000008a700000, 0x000000008a700000| Complete 
| 168|0x000000008a800000, 0x000000008a900000, 0x000000008a900000|100%| E|CS|TAMS 0x000000008a800000, 0x000000008a800000| Complete 
| 169|0x000000008a900000, 0x000000008aa00000, 0x000000008aa00000|100%| E|CS|TAMS 0x000000008a900000, 0x000000008a900000| Complete 
| 170|0x000000008aa00000, 0x000000008ab00000, 0x000000008ab00000|100%| E|CS|TAMS 0x000000008aa00000, 0x000000008aa00000| Complete 
| 171|0x000000008ab00000, 0x000000008ac00000, 0x000000008ac00000|100%| E|CS|TAMS 0x000000008ab00000, 0x000000008ab00000| Complete 
| 172|0x000000008ac00000, 0x000000008ad00000, 0x000000008ad00000|100%| E|CS|TAMS 0x000000008ac00000, 0x000000008ac00000| Complete 
| 173|0x000000008ad00000, 0x000000008ae00000, 0x000000008ae00000|100%| E|CS|TAMS 0x000000008ad00000, 0x000000008ad00000| Complete 
| 174|0x000000008ae00000, 0x000000008af00000, 0x000000008af00000|100%| E|CS|TAMS 0x000000008ae00000, 0x000000008ae00000| Complete 
| 175|0x000000008af00000, 0x000000008b000000, 0x000000008b000000|100%| E|CS|TAMS 0x000000008af00000, 0x000000008af00000| Complete 
| 176|0x000000008b000000, 0x000000008b100000, 0x000000008b100000|100%| E|CS|TAMS 0x000000008b000000, 0x000000008b000000| Complete 
| 177|0x000000008b100000, 0x000000008b200000, 0x000000008b200000|100%| E|CS|TAMS 0x000000008b100000, 0x000000008b100000| Complete 
| 178|0x000000008b200000, 0x000000008b300000, 0x000000008b300000|100%| E|CS|TAMS 0x000000008b200000, 0x000000008b200000| Complete 
| 179|0x000000008b300000, 0x000000008b400000, 0x000000008b400000|100%| E|CS|TAMS 0x000000008b300000, 0x000000008b300000| Complete 
| 180|0x000000008b400000, 0x000000008b500000, 0x000000008b500000|100%| E|  |TAMS 0x000000008b400000, 0x000000008b400000| Complete 
| 181|0x000000008b500000, 0x000000008b600000, 0x000000008b600000|100%| E|CS|TAMS 0x000000008b500000, 0x000000008b500000| Complete 
| 182|0x000000008b600000, 0x000000008b700000, 0x000000008b700000|100%| E|CS|TAMS 0x000000008b600000, 0x000000008b600000| Complete 
| 183|0x000000008b700000, 0x000000008b800000, 0x000000008b800000|100%| E|CS|TAMS 0x000000008b700000, 0x000000008b700000| Complete 
| 184|0x000000008b800000, 0x000000008b900000, 0x000000008b900000|100%| E|CS|TAMS 0x000000008b800000, 0x000000008b800000| Complete 
| 185|0x000000008b900000, 0x000000008ba00000, 0x000000008ba00000|100%| E|CS|TAMS 0x000000008b900000, 0x000000008b900000| Complete 
| 186|0x000000008ba00000, 0x000000008bb00000, 0x000000008bb00000|100%| E|CS|TAMS 0x000000008ba00000, 0x000000008ba00000| Complete 
| 187|0x000000008bb00000, 0x000000008bc00000, 0x000000008bc00000|100%| E|CS|TAMS 0x000000008bb00000, 0x000000008bb00000| Complete 
| 188|0x000000008bc00000, 0x000000008bd00000, 0x000000008bd00000|100%| E|CS|TAMS 0x000000008bc00000, 0x000000008bc00000| Complete 
| 189|0x000000008bd00000, 0x000000008be00000, 0x000000008be00000|100%| E|CS|TAMS 0x000000008bd00000, 0x000000008bd00000| Complete 
| 190|0x000000008be00000, 0x000000008bf00000, 0x000000008bf00000|100%| E|CS|TAMS 0x000000008be00000, 0x000000008be00000| Complete 
| 191|0x000000008bf00000, 0x000000008c000000, 0x000000008c000000|100%| E|CS|TAMS 0x000000008bf00000, 0x000000008bf00000| Complete 
| 192|0x000000008c000000, 0x000000008c100000, 0x000000008c100000|100%| E|CS|TAMS 0x000000008c000000, 0x000000008c000000| Complete 
| 193|0x000000008c100000, 0x000000008c200000, 0x000000008c200000|100%| E|CS|TAMS 0x000000008c100000, 0x000000008c100000| Complete 
| 194|0x000000008c200000, 0x000000008c300000, 0x000000008c300000|100%| E|CS|TAMS 0x000000008c200000, 0x000000008c200000| Complete 
| 195|0x000000008c300000, 0x000000008c400000, 0x000000008c400000|100%| E|CS|TAMS 0x000000008c300000, 0x000000008c300000| Complete 
| 196|0x000000008c400000, 0x000000008c500000, 0x000000008c500000|100%| E|CS|TAMS 0x000000008c400000, 0x000000008c400000| Complete 
| 197|0x000000008c500000, 0x000000008c600000, 0x000000008c600000|100%| E|CS|TAMS 0x000000008c500000, 0x000000008c500000| Complete 
| 198|0x000000008c600000, 0x000000008c700000, 0x000000008c700000|100%| E|CS|TAMS 0x000000008c600000, 0x000000008c600000| Complete 

Card table byte_map: [0x0000024d3dea0000,0x0000024d3e2a0000] _byte_map_base: 0x0000024d3daa0000

Marking Bits (Prev, Next): (CMBitMap*) 0x0000024d2aa8b2f8, (CMBitMap*) 0x0000024d2aa8b330
 Prev Bits: [0x0000024d3e6a0000, 0x0000024d406a0000)
 Next Bits: [0x0000024d406a0000, 0x0000024d426a0000)

Polling page: 0x0000024d2a220000

Metaspace:

Usage:
  Non-class:     79.26 MB capacity,    78.05 MB ( 98%) used,   985.94 KB (  1%) free+waste,   254.56 KB ( <1%) overhead. 
      Class:     12.38 MB capacity,    11.56 MB ( 93%) used,   722.48 KB (  6%) free+waste,   114.00 KB ( <1%) overhead. 
       Both:     91.64 MB capacity,    89.61 MB ( 98%) used,     1.67 MB (  2%) free+waste,   368.56 KB ( <1%) overhead. 

Virtual space:
  Non-class space:       80.00 MB reserved,      79.50 MB (>99%) committed 
      Class space:        1.00 GB reserved,      12.58 MB (  1%) committed 
             Both:        1.08 GB reserved,      92.08 MB (  8%) committed 

Chunk freelists:
   Non-Class:  113.00 KB
       Class:  128.00 KB
        Both:  241.00 KB

MaxMetaspaceSize: 17179869184.00 GB
CompressedClassSpaceSize: 1.00 GB
Initial GC threshold: 20.80 MB
Current GC threshold: 149.10 MB
CDS: off

CodeHeap 'non-profiled nmethods': size=120000Kb used=4621Kb max_used=4621Kb free=115378Kb
 bounds [0x0000024d36020000, 0x0000024d364b0000, 0x0000024d3d550000]
CodeHeap 'profiled nmethods': size=120000Kb used=21030Kb max_used=21030Kb free=98969Kb
 bounds [0x0000024d2eaf0000, 0x0000024d2ff80000, 0x0000024d36020000]
CodeHeap 'non-nmethods': size=5760Kb used=2394Kb max_used=2408Kb free=3365Kb
 bounds [0x0000024d2e550000, 0x0000024d2e7c0000, 0x0000024d2eaf0000]
 total_blobs=11511 nmethods=10598 adapters=825
 compilation: enabled
              stopped_count=0, restarted_count=0
 full_count=0

Compilation events (20 events):
Event: 21.960 Thread 0x0000024d4531e800 10932       3       kotlin.reflect.jvm.internal.impl.name.FqNameUnsafe$1::invoke (9 bytes)
Event: 21.961 Thread 0x0000024d4531e800 nmethod 10932 0x0000024d2ff75710 code [0x0000024d2ff75960, 0x0000024d2ff76088]
Event: 21.961 Thread 0x0000024d4531e800 10933       3       kotlin.reflect.jvm.internal.impl.name.FqNameUnsafe$1::invoke (5 bytes)
Event: 21.961 Thread 0x0000024d4531e800 nmethod 10933 0x0000024d2ff76310 code [0x0000024d2ff76540, 0x0000024d2ff76b08]
Event: 21.961 Thread 0x0000024d4531e800 10936       3       kotlin.reflect.jvm.internal.impl.name.ClassId::createNestedClassId (33 bytes)
Event: 21.962 Thread 0x0000024d4531e800 nmethod 10936 0x0000024d2ff76d10 code [0x0000024d2ff76f40, 0x0000024d2ff775d8]
Event: 21.962 Thread 0x0000024d4531e800 10937       3       kotlin.reflect.jvm.internal.impl.name.Name::equals (52 bytes)
Event: 21.962 Thread 0x0000024d4531e800 nmethod 10937 0x0000024d2ff77890 code [0x0000024d2ff77a60, 0x0000024d2ff77ec8]
Event: 21.962 Thread 0x0000024d4531e800 10934       3       java.util.ArrayList$SubList$1::hasNext (20 bytes)
Event: 21.962 Thread 0x0000024d4531e800 nmethod 10934 0x0000024d2ff78010 code [0x0000024d2ff781c0, 0x0000024d2ff78338]
Event: 21.962 Thread 0x0000024d4531e800 10935       3       java.lang.reflect.Field::getFieldAccessor (16 bytes)
Event: 21.962 Thread 0x0000024d4531e800 nmethod 10935 0x0000024d2ff78410 code [0x0000024d2ff785c0, 0x0000024d2ff78718]
Event: 21.962 Thread 0x0000024d4531e800 10939       3       java.lang.reflect.Field::get (29 bytes)
Event: 21.963 Thread 0x0000024d4531e800 nmethod 10939 0x0000024d2ff78790 code [0x0000024d2ff789a0, 0x0000024d2ff78f18]
Event: 21.973 Thread 0x0000024d4531e800 10941       3       org.gradle.internal.reflect.MutableClassDetails::getInstanceMethods (8 bytes)
Event: 21.974 Thread 0x0000024d4531e800 nmethod 10941 0x0000024d2ff79110 code [0x0000024d2ff79300, 0x0000024d2ff797f8]
Event: 21.993 Thread 0x0000024d4531e800 10942       1       kotlin.Pair::getFirst (5 bytes)
Event: 21.993 Thread 0x0000024d4531e800 nmethod 10942 0x0000024d364a2310 code [0x0000024d364a24c0, 0x0000024d364a2578]
Event: 21.994 Thread 0x0000024d4531e800 10943       1       kotlin.Pair::getSecond (5 bytes)
Event: 21.994 Thread 0x0000024d4531e800 nmethod 10943 0x0000024d364a2610 code [0x0000024d364a27c0, 0x0000024d364a2878]

GC Heap History (20 events):
Event: 16.004 GC heap before
{Heap before GC invocations=22 (full 0):
 garbage-first heap   total 139264K, used 104549K [0x0000000080000000, 0x0000000100000000)
  region size 1024K, 54 young (55296K), 7 survivors (7168K)
 Metaspace       used 74591K, capacity 76290K, committed 76500K, reserved 1116160K
  class space    used 9828K, capacity 10424K, committed 10452K, reserved 1048576K
}
Event: 16.015 GC heap after
{Heap after GC invocations=23 (full 0):
 garbage-first heap   total 139264K, used 58943K [0x0000000080000000, 0x0000000100000000)
  region size 1024K, 6 young (6144K), 6 survivors (6144K)
 Metaspace       used 74591K, capacity 76290K, committed 76500K, reserved 1116160K
  class space    used 9828K, capacity 10424K, committed 10452K, reserved 1048576K
}
Event: 17.628 GC heap before
{Heap before GC invocations=23 (full 0):
 garbage-first heap   total 139264K, used 107071K [0x0000000080000000, 0x0000000100000000)
  region size 1024K, 54 young (55296K), 6 survivors (6144K)
 Metaspace       used 79648K, capacity 81563K, committed 81748K, reserved 1120256K
  class space    used 10505K, capacity 11231K, committed 11348K, reserved 1048576K
}
Event: 17.641 GC heap after
{Heap after GC invocations=24 (full 0):
 garbage-first heap   total 139264K, used 63001K [0x0000000080000000, 0x0000000100000000)
  region size 1024K, 7 young (7168K), 7 survivors (7168K)
 Metaspace       used 79648K, capacity 81563K, committed 81748K, reserved 1120256K
  class space    used 10505K, capacity 11231K, committed 11348K, reserved 1048576K
}
Event: 18.506 GC heap before
{Heap before GC invocations=24 (full 0):
 garbage-first heap   total 139264K, used 109081K [0x0000000080000000, 0x0000000100000000)
  region size 1024K, 53 young (54272K), 7 survivors (7168K)
 Metaspace       used 81210K, capacity 83411K, committed 83540K, reserved 1122304K
  class space    used 10744K, capacity 11584K, committed 11604K, reserved 1048576K
}
Event: 18.516 GC heap after
{Heap after GC invocations=25 (full 0):
 garbage-first heap   total 167936K, used 66237K [0x0000000080000000, 0x0000000100000000)
  region size 1024K, 4 young (4096K), 4 survivors (4096K)
 Metaspace       used 81210K, capacity 83411K, committed 83540K, reserved 1122304K
  class space    used 10744K, capacity 11584K, committed 11604K, reserved 1048576K
}
Event: 19.572 GC heap before
{Heap before GC invocations=25 (full 0):
 garbage-first heap   total 167936K, used 126653K [0x0000000080000000, 0x0000000100000000)
  region size 1024K, 62 young (63488K), 4 survivors (4096K)
 Metaspace       used 83651K, capacity 85813K, committed 85844K, reserved 1124352K
  class space    used 10981K, capacity 11832K, committed 11860K, reserved 1048576K
}
Event: 19.588 GC heap after
{Heap after GC invocations=26 (full 0):
 garbage-first heap   total 167936K, used 81408K [0x0000000080000000, 0x0000000100000000)
  region size 1024K, 8 young (8192K), 8 survivors (8192K)
 Metaspace       used 83651K, capacity 85813K, committed 85844K, reserved 1124352K
  class space    used 10981K, capacity 11832K, committed 11860K, reserved 1048576K
}
Event: 19.726 GC heap before
{Heap before GC invocations=26 (full 0):
 garbage-first heap   total 167936K, used 88576K [0x0000000080000000, 0x0000000100000000)
  region size 1024K, 16 young (16384K), 8 survivors (8192K)
 Metaspace       used 83672K, capacity 85877K, committed 86100K, reserved 1124352K
  class space    used 10982K, capacity 11832K, committed 11860K, reserved 1048576K
}
Event: 19.742 GC heap after
{Heap after GC invocations=27 (full 0):
 garbage-first heap   total 167936K, used 89860K [0x0000000080000000, 0x0000000100000000)
  region size 1024K, 7 young (7168K), 7 survivors (7168K)
 Metaspace       used 83672K, capacity 85877K, committed 86100K, reserved 1124352K
  class space    used 10982K, capacity 11832K, committed 11860K, reserved 1048576K
}
Event: 20.190 GC heap before
{Heap before GC invocations=28 (full 0):
 garbage-first heap   total 167936K, used 129796K [0x0000000080000000, 0x0000000100000000)
  region size 1024K, 33 young (33792K), 7 survivors (7168K)
 Metaspace       used 86124K, capacity 88361K, committed 88404K, reserved 1126400K
  class space    used 11256K, capacity 12089K, committed 12116K, reserved 1048576K
}
Event: 20.238 GC heap after
{Heap after GC invocations=29 (full 0):
 garbage-first heap   total 167936K, used 90542K [0x0000000080000000, 0x0000000100000000)
  region size 1024K, 2 young (2048K), 2 survivors (2048K)
 Metaspace       used 86124K, capacity 88361K, committed 88404K, reserved 1126400K
  class space    used 11256K, capacity 12089K, committed 12116K, reserved 1048576K
}
Event: 20.654 GC heap before
{Heap before GC invocations=29 (full 0):
 garbage-first heap   total 167936K, used 119214K [0x0000000080000000, 0x0000000100000000)
  region size 1024K, 31 young (31744K), 2 survivors (2048K)
 Metaspace       used 87403K, capacity 89629K, committed 89812K, reserved 1126400K
  class space    used 11368K, capacity 12195K, committed 12244K, reserved 1048576K
}
Event: 20.660 GC heap after
{Heap after GC invocations=30 (full 0):
 garbage-first heap   total 167936K, used 92271K [0x0000000080000000, 0x0000000100000000)
  region size 1024K, 4 young (4096K), 4 survivors (4096K)
 Metaspace       used 87403K, capacity 89629K, committed 89812K, reserved 1126400K
  class space    used 11368K, capacity 12195K, committed 12244K, reserved 1048576K
}
Event: 21.028 GC heap before
{Heap before GC invocations=31 (full 0):
 garbage-first heap   total 167936K, used 121967K [0x0000000080000000, 0x0000000100000000)
  region size 1024K, 34 young (34816K), 4 survivors (4096K)
 Metaspace       used 87931K, capacity 90006K, committed 90452K, reserved 1128448K
  class space    used 11370K, capacity 12153K, committed 12372K, reserved 1048576K
}
Event: 21.035 GC heap after
{Heap after GC invocations=32 (full 0):
 garbage-first heap   total 167936K, used 94217K [0x0000000080000000, 0x0000000100000000)
  region size 1024K, 5 young (5120K), 5 survivors (5120K)
 Metaspace       used 87931K, capacity 90006K, committed 90452K, reserved 1128448K
  class space    used 11370K, capacity 12153K, committed 12372K, reserved 1048576K
}
Event: 21.058 GC heap before
{Heap before GC invocations=32 (full 0):
 garbage-first heap   total 167936K, used 96265K [0x0000000080000000, 0x0000000100000000)
  region size 1024K, 8 young (8192K), 5 survivors (5120K)
 Metaspace       used 88008K, capacity 90106K, committed 90452K, reserved 1128448K
  class space    used 11382K, capacity 12185K, committed 12372K, reserved 1048576K
}
Event: 21.079 GC heap after
{Heap after GC invocations=33 (full 0):
 garbage-first heap   total 167936K, used 87287K [0x0000000080000000, 0x0000000100000000)
  region size 1024K, 1 young (1024K), 1 survivors (1024K)
 Metaspace       used 88008K, capacity 90106K, committed 90452K, reserved 1128448K
  class space    used 11382K, capacity 12185K, committed 12372K, reserved 1048576K
}
Event: 21.306 GC heap before
{Heap before GC invocations=33 (full 0):
 garbage-first heap   total 167936K, used 122103K [0x0000000080000000, 0x0000000100000000)
  region size 1024K, 37 young (37888K), 1 survivors (1024K)
 Metaspace       used 88710K, capacity 90808K, committed 91348K, reserved 1128448K
  class space    used 11470K, capacity 12282K, committed 12500K, reserved 1048576K
}
Event: 21.312 GC heap after
{Heap after GC invocations=34 (full 0):
 garbage-first heap   total 203776K, used 88456K [0x0000000080000000, 0x0000000100000000)
  region size 1024K, 2 young (2048K), 2 survivors (2048K)
 Metaspace       used 88710K, capacity 90808K, committed 91348K, reserved 1128448K
  class space    used 11470K, capacity 12282K, committed 12500K, reserved 1048576K
}

Deoptimization events (20 events):
Event: 21.095 Thread 0x0000024d4c173800 DEOPT PACKING pc=0x0000024d3627de24 sp=0x000000ca953fd9c0
Event: 21.095 Thread 0x0000024d4c173800 DEOPT UNPACKING pc=0x0000024d2e59a1af sp=0x000000ca953fd960 mode 2
Event: 21.096 Thread 0x0000024d4b5fb000 Uncommon trap: trap_request=0xffffff4d fr.pc=0x0000024d3646e5f0 relative=0x0000000000000310
Event: 21.096 Thread 0x0000024d4b5fb000 Uncommon trap: reason=unstable_if action=reinterpret pc=0x0000024d3646e5f0 method=java.util.concurrent.ConcurrentHashMap.addCount(JI)V @ 168 c2
Event: 21.096 Thread 0x0000024d4b5fb000 DEOPT PACKING pc=0x0000024d3646e5f0 sp=0x000000ca96bfdda0
Event: 21.096 Thread 0x0000024d4b5fb000 DEOPT UNPACKING pc=0x0000024d2e59a1af sp=0x000000ca96bfdce0 mode 2
Event: 21.112 Thread 0x0000024d4b580800 DEOPT PACKING pc=0x0000024d2f8c7bc4 sp=0x000000ca9a5fbd10
Event: 21.112 Thread 0x0000024d4b580800 DEOPT UNPACKING pc=0x0000024d2e59a95e sp=0x000000ca9a5fb2b0 mode 0
Event: 21.145 Thread 0x0000024d4b57f800 DEOPT PACKING pc=0x0000024d2f8c7bc4 sp=0x000000ca9affc050
Event: 21.146 Thread 0x0000024d4b57f800 DEOPT UNPACKING pc=0x0000024d2e59a95e sp=0x000000ca9affb5f0 mode 0
Event: 21.189 Thread 0x0000024d4bce7800 DEOPT PACKING pc=0x0000024d2f8c7bc4 sp=0x000000ca9c1fc120
Event: 21.189 Thread 0x0000024d4bce7800 DEOPT UNPACKING pc=0x0000024d2e59a95e sp=0x000000ca9c1fb6c0 mode 0
Event: 21.271 Thread 0x0000024d4b4f1000 Uncommon trap: trap_request=0xffffff4d fr.pc=0x0000024d363a0294 relative=0x00000000000009f4
Event: 21.271 Thread 0x0000024d4b4f1000 Uncommon trap: reason=unstable_if action=reinterpret pc=0x0000024d363a0294 method=java.util.jar.JarFile.getVersionedEntry(Ljava/lang/String;Ljava/util/jar/JarEntry;)Ljava/util/jar/JarEntry; @ 7 c2
Event: 21.271 Thread 0x0000024d4b4f1000 DEOPT PACKING pc=0x0000024d363a0294 sp=0x000000ca9cdf9d80
Event: 21.271 Thread 0x0000024d4b4f1000 DEOPT UNPACKING pc=0x0000024d2e59a1af sp=0x000000ca9cdf9d00 mode 2
Event: 21.318 Thread 0x0000024d4bce7800 DEOPT PACKING pc=0x0000024d2f959f8e sp=0x000000ca9c1fd1a0
Event: 21.318 Thread 0x0000024d4bce7800 DEOPT UNPACKING pc=0x0000024d2e59a95e sp=0x000000ca9c1fc6e8 mode 0
Event: 21.344 Thread 0x0000024d4bce7800 DEOPT PACKING pc=0x0000024d2f95a0ba sp=0x000000ca9c1fc8c0
Event: 21.344 Thread 0x0000024d4bce7800 DEOPT UNPACKING pc=0x0000024d2e59a95e sp=0x000000ca9c1fbe08 mode 0

Classes redefined (0 events):
No events

Internal exceptions (20 events):
Event: 18.110 Thread 0x0000024d49687800 Exception <a 'java/lang/NoSuchMethodError'{0x000000008760b6f0}: 'java.lang.Object java.lang.invoke.DirectMethodHandle$Holder.invokeSpecialIFC(java.lang.Object, java.lang.Object, java.lang.Object)'> (0x000000008760b6f0) thrown at [./src/hotspot/share/interpreter/linkResolver.cpp, line 773]
Event: 18.110 Thread 0x0000024d4b587800 Exception <a 'java/lang/NoSuchMethodError'{0x000000008764a2a8}: 'java.lang.Object java.lang.invoke.DirectMethodHandle$Holder.invokeSpecialIFC(java.lang.Object, java.lang.Object, java.lang.Object)'> (0x000000008764a2a8) thrown at [./src/hotspot/share/interpreter/linkResolver.cpp, line 773]
Event: 18.110 Thread 0x0000024d49688800 Exception <a 'java/lang/NoSuchMethodError'{0x0000000087627ed8}: 'java.lang.Object java.lang.invoke.DirectMethodHandle$Holder.invokeSpecialIFC(java.lang.Object, java.lang.Object, java.lang.Object)'> (0x0000000087627ed8) thrown at [./src/hotspot/share/interpreter/linkResolver.cpp, line 773]
Event: 18.110 Thread 0x0000024d4b57f800 Exception <a 'java/lang/NoSuchMethodError'{0x000000008761f218}: 'java.lang.Object java.lang.invoke.DirectMethodHandle$Holder.invokeSpecialIFC(java.lang.Object, java.lang.Object, java.lang.Object)'> (0x000000008761f218) thrown at [./src/hotspot/share/interpreter/linkResolver.cpp, line 773]
Event: 18.110 Thread 0x0000024d49689800 Exception <a 'java/lang/NoSuchMethodError'{0x0000000087615698}: 'java.lang.Object java.lang.invoke.DirectMethodHandle$Holder.invokeSpecialIFC(java.lang.Object, java.lang.Object, java.lang.Object)'> (0x0000000087615698) thrown at [./src/hotspot/share/interpreter/linkResolver.cpp, line 773]
Event: 18.111 Thread 0x0000024d4b5fd000 Exception <a 'java/lang/NoSuchMethodError'{0x0000000087635390}: 'java.lang.Object java.lang.invoke.DirectMethodHandle$Holder.invokeSpecialIFC(java.lang.Object, java.lang.Object, java.lang.Object)'> (0x0000000087635390) thrown at [./src/hotspot/share/interpreter/linkResolver.cpp, line 773]
Event: 18.257 Thread 0x0000024d4b602800 Exception <a 'java/lang/NoSuchMethodError'{0x00000000879c25c0}: 'void java.lang.invoke.DirectMethodHandle$Holder.invokeVirtual(java.lang.Object, java.lang.Object)'> (0x00000000879c25c0) thrown at [./src/hotspot/share/interpreter/linkResolver.cpp, line 773]
Event: 19.889 Thread 0x0000024d4bcf1800 Exception <a 'java/lang/NoSuchMethodError'{0x000000008a1bd010}: <clinit>> (0x000000008a1bd010) thrown at [./src/hotspot/share/prims/jni.cpp, line 1365]
Event: 19.899 Thread 0x0000024d4bcf1800 Exception <a 'java/lang/NoSuchMethodError'{0x000000008a02cc80}: <clinit>> (0x000000008a02cc80) thrown at [./src/hotspot/share/prims/jni.cpp, line 1365]
Event: 19.905 Thread 0x0000024d4bcf1800 Exception <a 'java/lang/NoSuchMethodError'{0x000000008a06c9c8}: <clinit>> (0x000000008a06c9c8) thrown at [./src/hotspot/share/prims/jni.cpp, line 1365]
Event: 20.031 Thread 0x0000024d4bce6800 Exception <a 'java/lang/NoSuchMethodError'{0x000000008917b4c0}: 'java.lang.Object java.lang.invoke.DirectMethodHandle$Holder.newInvokeSpecial(java.lang.Object, java.lang.Object, java.lang.Object, java.lang.Object)'> (0x000000008917b4c0) thrown at [./src/hotspot/share/interpreter/linkResolver.cpp, line 773]
Event: 20.511 Thread 0x0000024d4bced000 Exception <a 'java/lang/NoSuchMethodError'{0x00000000892fa878}: <clinit>> (0x00000000892fa878) thrown at [./src/hotspot/share/prims/jni.cpp, line 1365]
Event: 20.511 Thread 0x0000024d4bced000 Exception <a 'java/lang/NoSuchMethodError'{0x00000000892fbe68}: <clinit>> (0x00000000892fbe68) thrown at [./src/hotspot/share/prims/jni.cpp, line 1365]
Event: 20.511 Thread 0x0000024d4bced000 Exception <a 'java/lang/NoSuchMethodError'{0x00000000892fecb8}: <clinit>> (0x00000000892fecb8) thrown at [./src/hotspot/share/prims/jni.cpp, line 1365]
Event: 20.514 Thread 0x0000024d4bced000 Exception <a 'java/lang/NoSuchMethodError'{0x0000000089118018}: <clinit>> (0x0000000089118018) thrown at [./src/hotspot/share/prims/jni.cpp, line 1365]
Event: 20.514 Thread 0x0000024d4bced000 Exception <a 'java/lang/NoSuchMethodError'{0x0000000089119250}: <clinit>> (0x0000000089119250) thrown at [./src/hotspot/share/prims/jni.cpp, line 1365]
Event: 20.899 Thread 0x0000024d4bced000 Exception <a 'java/lang/NoSuchMethodError'{0x0000000089412bc8}: <clinit>> (0x0000000089412bc8) thrown at [./src/hotspot/share/prims/jni.cpp, line 1365]
Event: 20.902 Thread 0x0000024d4bced000 Exception <a 'java/lang/NoSuchMethodError'{0x0000000089443c60}: <clinit>> (0x0000000089443c60) thrown at [./src/hotspot/share/prims/jni.cpp, line 1365]
Event: 20.904 Thread 0x0000024d4bced000 Exception <a 'java/lang/NoSuchMethodError'{0x00000000894568f8}: <clinit>> (0x00000000894568f8) thrown at [./src/hotspot/share/prims/jni.cpp, line 1365]
Event: 21.021 Thread 0x0000024d4bce7800 Exception <a 'java/lang/NoSuchMethodError'{0x0000000088257398}: 'int java.lang.invoke.DirectMethodHandle$Holder.invokeSpecial(java.lang.Object, java.lang.Object, java.lang.Object, java.lang.Object, java.lang.Object)'> (0x0000000088257398) thrown at [./src/hotspot/share/interpreter/linkResolver.cpp, line 773]

Events (20 events):
Event: 22.017 loading class java/util/concurrent/Executors$DelegatedExecutorService
Event: 22.017 loading class java/util/concurrent/Executors$DelegatedExecutorService done
Event: 22.017 loading class java/util/concurrent/Executors$DelegatedScheduledExecutorService done
Event: 22.017 loading class com/android/build/gradle/internal/services/Aapt2DaemonManagerMaintainer$firstDaemonStarted$1
Event: 22.017 loading class com/android/build/gradle/internal/services/Aapt2DaemonManagerMaintainer$firstDaemonStarted$1 done
Event: 22.018 Thread 0x0000024d4b4ed800 Thread added: 0x0000024d4b4ed800
Event: 22.018 loading class com/android/build/gradle/internal/services/Aapt2DaemonManagerMaintainer$firstDaemonStarted$2
Event: 22.018 loading class com/android/build/gradle/internal/services/Aapt2DaemonManagerMaintainer$firstDaemonStarted$2 done
Event: 22.019 loading class com/android/builder/internal/aapt/v2/Aapt2DaemonManager$LeasedAaptDaemon
Event: 22.019 loading class com/android/builder/internal/aapt/v2/Aapt2DaemonManager$LeasedAaptDaemon done
Event: 22.020 loading class com/android/builder/internal/aapt/v2/Aapt2DaemonManager$leaseDaemon$1
Event: 22.020 loading class com/android/builder/internal/aapt/v2/Aapt2DaemonManager$leaseDaemon$1 done
Event: 22.020 loading class com/android/builder/internal/aapt/v2/Aapt2Daemon$WhenMappings
Event: 22.020 loading class com/android/builder/internal/aapt/v2/Aapt2Daemon$WhenMappings done
Event: 22.020 loading class com/android/builder/internal/aapt/v2/Aapt2DaemonImpl$WaitForReadyOnStdOut
Event: 22.020 loading class com/android/builder/internal/aapt/v2/Aapt2DaemonImpl$WaitForReadyOnStdOut done
Event: 22.021 loading class java/lang/ProcessBuilder
Event: 22.022 loading class java/lang/ProcessBuilder done
Event: 22.022 loading class java/lang/ProcessImpl
Event: 22.024 loading class java/lang/ProcessImpl done


Dynamic libraries:
0x00007ff7963a0000 - 0x00007ff7963aa000 	C:\Program Files\Android\Android Studio\jre\bin\java.exe
0x00007ffaf5f10000 - 0x00007ffaf6129000 	C:\WINDOWS\SYSTEM32\ntdll.dll
0x00007ffaf4ca0000 - 0x00007ffaf4d62000 	C:\WINDOWS\System32\KERNEL32.DLL
0x00007ffaf3300000 - 0x00007ffaf369f000 	C:\WINDOWS\System32\KERNELBASE.dll
0x00007ffaf36e0000 - 0x00007ffaf37ee000 	C:\WINDOWS\System32\ucrtbase.dll
0x00007ffaca2f0000 - 0x00007ffaca307000 	C:\Program Files\Android\Android Studio\jre\bin\VCRUNTIME140.dll
0x00007ffacadb0000 - 0x00007ffacadc9000 	C:\Program Files\Android\Android Studio\jre\bin\jli.dll
0x00007ffaf5b20000 - 0x00007ffaf5ccc000 	C:\WINDOWS\System32\USER32.dll
0x00007ffaf36b0000 - 0x00007ffaf36d6000 	C:\WINDOWS\System32\win32u.dll
0x00007ffada100000 - 0x00007ffada391000 	C:\WINDOWS\WinSxS\amd64_microsoft.windows.common-controls_6595b64144ccf1df_6.0.25206.1000_none_7af4d88ed84627ac\COMCTL32.dll
0x00007ffaf5e20000 - 0x00007ffaf5ec7000 	C:\WINDOWS\System32\msvcrt.dll
0x00007ffaf59c0000 - 0x00007ffaf59e9000 	C:\WINDOWS\System32\GDI32.dll
0x00007ffaf3b40000 - 0x00007ffaf3c55000 	C:\WINDOWS\System32\gdi32full.dll
0x00007ffaf3920000 - 0x00007ffaf39ba000 	C:\WINDOWS\System32\msvcp_win.dll
0x00007ffaf59f0000 - 0x00007ffaf5a21000 	C:\WINDOWS\System32\IMM32.DLL
0x00007ffac98d0000 - 0x00007ffac996d000 	C:\Program Files\Android\Android Studio\jre\bin\msvcp140.dll
0x00007ffa6d5f0000 - 0x00007ffa6e0d5000 	C:\Program Files\Android\Android Studio\jre\bin\server\jvm.dll
0x00007ffaf50e0000 - 0x00007ffaf518e000 	C:\WINDOWS\System32\ADVAPI32.dll
0x00007ffaf4bf0000 - 0x00007ffaf4c96000 	C:\WINDOWS\System32\sechost.dll
0x00007ffaf4df0000 - 0x00007ffaf4f17000 	C:\WINDOWS\System32\RPCRT4.dll
0x00007ffaf3fe0000 - 0x00007ffaf3fe8000 	C:\WINDOWS\System32\PSAPI.DLL
0x00007ffaec610000 - 0x00007ffaec646000 	C:\WINDOWS\SYSTEM32\WINMM.dll
0x00007ffac9110000 - 0x00007ffac9119000 	C:\WINDOWS\SYSTEM32\WSOCK32.dll
0x00007ffaea4e0000 - 0x00007ffaea4ea000 	C:\WINDOWS\SYSTEM32\VERSION.dll
0x00007ffaf4d70000 - 0x00007ffaf4ddf000 	C:\WINDOWS\System32\WS2_32.dll
0x00007ffaf22b0000 - 0x00007ffaf22c8000 	C:\WINDOWS\SYSTEM32\kernel.appcore.dll
0x00007ffaed5d0000 - 0x00007ffaed5e1000 	C:\Program Files\Android\Android Studio\jre\bin\verify.dll
0x00007ffaf0c90000 - 0x00007ffaf0ec1000 	C:\WINDOWS\SYSTEM32\DBGHELP.DLL
0x00007ffaf47d0000 - 0x00007ffaf4b59000 	C:\WINDOWS\System32\combase.dll
0x00007ffaf4270000 - 0x00007ffaf4348000 	C:\WINDOWS\System32\OLEAUT32.dll
0x00007ffae2550000 - 0x00007ffae2582000 	C:\WINDOWS\SYSTEM32\dbgcore.DLL
0x00007ffaf3c60000 - 0x00007ffaf3cd9000 	C:\WINDOWS\System32\bcryptPrimitives.dll
0x00007ffaec910000 - 0x00007ffaec939000 	C:\Program Files\Android\Android Studio\jre\bin\java.dll
0x00007ffaec9e0000 - 0x00007ffaec9eb000 	C:\Program Files\Android\Android Studio\jre\bin\jimage.dll
0x00007ffaec990000 - 0x00007ffaec9a8000 	C:\Program Files\Android\Android Studio\jre\bin\zip.dll
0x00007ffaf51d0000 - 0x00007ffaf59a7000 	C:\WINDOWS\System32\SHELL32.dll
0x00007ffaf1250000 - 0x00007ffaf1ae7000 	C:\WINDOWS\SYSTEM32\windows.storage.dll
0x00007ffaf10b0000 - 0x00007ffaf1243000 	C:\WINDOWS\SYSTEM32\wintypes.dll
0x00007ffaf5a30000 - 0x00007ffaf5b1d000 	C:\WINDOWS\System32\SHCORE.dll
0x00007ffaf3ff0000 - 0x00007ffaf404d000 	C:\WINDOWS\System32\shlwapi.dll
0x00007ffaf3230000 - 0x00007ffaf3252000 	C:\WINDOWS\SYSTEM32\profapi.dll
0x00007ffaec8f0000 - 0x00007ffaec90a000 	C:\Program Files\Android\Android Studio\jre\bin\net.dll
0x00007ffaec170000 - 0x00007ffaec29c000 	C:\WINDOWS\SYSTEM32\WINHTTP.dll
0x00007ffaf2760000 - 0x00007ffaf27c9000 	C:\WINDOWS\system32\mswsock.dll
0x00007ffaec8d0000 - 0x00007ffaec8e4000 	C:\Program Files\Android\Android Studio\jre\bin\nio.dll
0x00007ffaca2a0000 - 0x00007ffaca2c7000 	C:\Users\LENOVO\.gradle\native\e1d6ef7f7dcc3fd88c89a11ec53ec762bb8ba0a96d01ffa2cd45eb1d1d8dd5c5\windows-amd64\native-platform.dll
0x00007ffa93920000 - 0x00007ffa93a64000 	C:\Users\LENOVO\.gradle\native\5664cfc778a61ccfe75a443a1ab52a65af34e5dc3c78e0209fed803814484fcb\windows-amd64\native-platform-file-events.dll
0x00007ffaec9d0000 - 0x00007ffaec9da000 	C:\Program Files\Android\Android Studio\jre\bin\management.dll
0x00007ffaec8c0000 - 0x00007ffaec8cd000 	C:\Program Files\Android\Android Studio\jre\bin\management_ext.dll
0x00007ffaf29e0000 - 0x00007ffaf29fb000 	C:\WINDOWS\SYSTEM32\CRYPTSP.dll
0x00007ffaf2210000 - 0x00007ffaf2244000 	C:\WINDOWS\system32\rsaenh.dll
0x00007ffaf2860000 - 0x00007ffaf2888000 	C:\WINDOWS\SYSTEM32\USERENV.dll
0x00007ffaf2ba0000 - 0x00007ffaf2bc8000 	C:\WINDOWS\SYSTEM32\bcrypt.dll
0x00007ffaf2a00000 - 0x00007ffaf2a0c000 	C:\WINDOWS\SYSTEM32\CRYPTBASE.dll
0x00007ffaf1df0000 - 0x00007ffaf1e1e000 	C:\WINDOWS\SYSTEM32\IPHLPAPI.DLL
0x00007ffaf50d0000 - 0x00007ffaf50d9000 	C:\WINDOWS\System32\NSI.dll
0x00007ffaec530000 - 0x00007ffaec549000 	C:\WINDOWS\SYSTEM32\dhcpcsvc6.DLL
0x00007ffaebfb0000 - 0x00007ffaebfcf000 	C:\WINDOWS\SYSTEM32\dhcpcsvc.DLL
0x00007ffaf1e20000 - 0x00007ffaf1f1f000 	C:\WINDOWS\SYSTEM32\DNSAPI.dll
0x00007ffaf22d0000 - 0x00007ffaf2304000 	C:\WINDOWS\SYSTEM32\ntmarta.dll

dbghelp: loaded successfully - version: 4.0.5 - missing functions: none
symbol engine: initialized successfully - sym options: 0x614 - pdb path: .;C:\Program Files\Android\Android Studio\jre\bin;C:\WINDOWS\SYSTEM32;C:\WINDOWS\WinSxS\amd64_microsoft.windows.common-controls_6595b64144ccf1df_6.0.25206.1000_none_7af4d88ed84627ac;C:\Program Files\Android\Android Studio\jre\bin\server;C:\Users\LENOVO\.gradle\native\e1d6ef7f7dcc3fd88c89a11ec53ec762bb8ba0a96d01ffa2cd45eb1d1d8dd5c5\windows-amd64;C:\Users\LENOVO\.gradle\native\5664cfc778a61ccfe75a443a1ab52a65af34e5dc3c78e0209fed803814484fcb\windows-amd64

VM Arguments:
jvm_args: --add-opens=java.base/java.util=ALL-UNNAMED --add-opens=java.base/java.lang=ALL-UNNAMED --add-opens=java.base/java.lang.invoke=ALL-UNNAMED --add-opens=java.base/java.util=ALL-UNNAMED --add-opens=java.prefs/java.util.prefs=ALL-UNNAMED --add-opens=java.prefs/java.util.prefs=ALL-UNNAMED --add-opens=java.base/java.nio.charset=ALL-UNNAMED --add-opens=java.base/java.net=ALL-UNNAMED --add-opens=java.base/java.util.concurrent.atomic=ALL-UNNAMED -Xmx2048m -Dfile.encoding=UTF-8 -Duser.country=US -Duser.language=en -Duser.variant 
java_command: org.gradle.launcher.daemon.bootstrap.GradleDaemon 7.3.3
java_class_path (initial): C:\Users\LENOVO\.gradle\wrapper\dists\gradle-7.3.3-bin\6a41zxkdtcxs8rphpq6y0069z\gradle-7.3.3\lib\gradle-launcher-7.3.3.jar
Launcher Type: SUN_STANDARD

[Global flags]
     intx CICompilerCount                          = 4                                         {product} {ergonomic}
     uint ConcGCThreads                            = 3                                         {product} {ergonomic}
     uint G1ConcRefinementThreads                  = 10                                        {product} {ergonomic}
   size_t G1HeapRegionSize                         = 1048576                                   {product} {ergonomic}
    uintx GCDrainStackTargetSize                   = 64                                        {product} {ergonomic}
   size_t InitialHeapSize                          = 98566144                                  {product} {ergonomic}
   size_t MarkStackSize                            = 4194304                                   {product} {ergonomic}
   size_t MaxHeapSize                              = 2147483648                                {product} {command line}
   size_t MaxNewSize                               = 1287651328                                {product} {ergonomic}
   size_t MinHeapDeltaBytes                        = 1048576                                   {product} {ergonomic}
    uintx NonNMethodCodeHeapSize                   = 5836300                                {pd product} {ergonomic}
    uintx NonProfiledCodeHeapSize                  = 122910970                              {pd product} {ergonomic}
    uintx ProfiledCodeHeapSize                     = 122910970                              {pd product} {ergonomic}
    uintx ReservedCodeCacheSize                    = 251658240                              {pd product} {ergonomic}
     bool SegmentedCodeCache                       = true                                      {product} {ergonomic}
     bool UseCompressedClassPointers               = true                                 {lp64_product} {ergonomic}
     bool UseCompressedOops                        = true                                 {lp64_product} {ergonomic}
     bool UseG1GC                                  = true                                      {product} {ergonomic}
     bool UseLargePagesIndividualAllocation        = false                                  {pd product} {ergonomic}

Logging:
Log output configuration:
 #0: stdout all=warning uptime,level,tags
 #1: stderr all=off uptime,level,tags

Environment Variables:
PATH=C:\WINDOWS\system32;C:\WINDOWS;C:\WINDOWS\System32\Wbem;C:\WINDOWS\System32\WindowsPowerShell\v1.0\;C:\WINDOWS\System32\OpenSSH\;C:\Program Files\Git\cmd;C:\xampp\php;C:\wamp64\bin\mysql\mysql5.7.36\bin;C:\Program Files\nodejs\;C:\Users\LENOVO\AppData\Local\Programs\Python\Python39\Scripts\;C:\Users\LENOVO\AppData\Local\Programs\Python\Python39\;C:\Users\LENOVO\AppData\Local\Programs\Python\Launcher\;C:\Users\LENOVO\AppData\Local\Microsoft\WindowsApps;C:\Users\LENOVO\AppData\Local\Programs\Microsoft VS Code\bin;C:\Program Files\CodeBlocks\MinGW\bin;C:\xampp\php;C:\Users\LENOVO\AppData\Roaming\npm;
USERNAME=Hilmi Hanif
OS=Windows_NT
PROCESSOR_IDENTIFIER=AMD64 Family 23 Model 104 Stepping 1, AuthenticAMD



---------------  S Y S T E M  ---------------

OS: Windows 10 , 64 bit Build 25206 (10.0.25206.1000)
OS uptime: 0 days 15:30 hours

CPU:total 12 (initial active 12) (12 cores per cpu, 2 threads per core) family 23 model 104 stepping 1 microcode 0x8608103, cmov, cx8, fxsr, mmx, sse, sse2, sse3, ssse3, sse4.1, sse4.2, popcnt, avx, avx2, aes, clmul, mmxext, 3dnowpref, lzcnt, sse4a, ht, tsc, tscinvbit, tscinv, bmi1, bmi2, adx, sha, fma

Memory: 4k page, system-wide physical 6005M (228M free)
TotalPageFile size 14197M (AvailPageFile size 8M)
current process WorkingSet (physical memory assigned to process): 408M, peak: 408M
current process commit charge ("private bytes"): 500M, peak: 503M

vm_info: OpenJDK 64-Bit Server VM (11.0.12+7-b1504.28-7817840) for windows-amd64 JRE (11.0.12+7-b1504.28-7817840), built on Oct 13 2021 22:12:33 by "builder" with MS VC++ 14.0 (VS2015)

END.
