#
# There is insufficient memory for the Java Runtime Environment to continue.
# Native memory allocation (malloc) failed to allocate 1394256 bytes for Chunk::new
# Possible reasons:
#   The system is out of physical RAM or swap space
#   The process is running with CompressedOops enabled, and the Java Heap may be blocking the growth of the native heap
# Possible solutions:
#   Reduce memory load on the system
#   Increase physical memory or swap space
#   Check if swap backing store is full
#   Decrease Java heap size (-Xmx/-Xms)
#   Decrease number of Java threads
#   Decrease Java thread stack sizes (-Xss)
#   Set larger code cache with -XX:ReservedCodeCacheSize=
#   JVM is running with Unscaled Compressed Oops mode in which the Java heap is
#     placed in the first 4GB address space. The Java Heap base address is the
#     maximum limit for the native heap growth. Please use -XX:HeapBaseMinAddress
#     to set the Java Heap base and to place the Java Heap above 4GB virtual address.
# This output file may be truncated or incomplete.
#
#  Out of Memory Error (./src/hotspot/share/memory/arena.cpp:197), pid=47404, tid=8060
#
# JRE version: OpenJDK Runtime Environment (11.0.12+7) (build 11.0.12+7-b1504.28-7817840)
# Java VM: OpenJDK 64-Bit Server VM (11.0.12+7-b1504.28-7817840, mixed mode, tiered, compressed oops, g1 gc, windows-amd64)
# No core dump will be written. Minidumps are not enabled by default on client versions of Windows
#

---------------  S U M M A R Y ------------

Command Line: --add-opens=java.base/java.util=ALL-UNNAMED --add-opens=java.base/java.lang=ALL-UNNAMED --add-opens=java.base/java.lang.invoke=ALL-UNNAMED --add-opens=java.base/java.util=ALL-UNNAMED --add-opens=java.prefs/java.util.prefs=ALL-UNNAMED --add-opens=java.prefs/java.util.prefs=ALL-UNNAMED --add-opens=java.base/java.nio.charset=ALL-UNNAMED --add-opens=java.base/java.net=ALL-UNNAMED --add-opens=java.base/java.util.concurrent.atomic=ALL-UNNAMED -Xmx2048m -Dfile.encoding=UTF-8 -Duser.country=US -Duser.language=en -Duser.variant org.gradle.launcher.daemon.bootstrap.GradleDaemon 7.3.3

Host: AMD Ryzen 5 5500U with Radeon Graphics         , 12 cores, 5G,  Windows 10 , 64 bit Build 25206 (10.0.25206.1000)
Time: Mon Oct  3 01:41:37 2022 SE Asia Standard Time elapsed time: 13.229199 seconds (0d 0h 0m 13s)

---------------  T H R E A D  ---------------

Current thread (0x00000244a9100800):  JavaThread "C2 CompilerThread0" daemon [_thread_in_native, id=8060, stack(0x00000097c9d00000,0x00000097c9e00000)]


Current CompileTask:
C2:  13229 5474       4       jdk.internal.org.objectweb.asm.Frame::execute (2264 bytes)

Stack: [0x00000097c9d00000,0x00000097c9e00000]
Native frames: (J=compiled Java code, j=interpreted, Vv=VM code, C=native code)
V  [jvm.dll+0x5fbcea]
V  [jvm.dll+0x731905]
V  [jvm.dll+0x732f1d]
V  [jvm.dll+0x7335d3]
V  [jvm.dll+0x247bf8]
V  [jvm.dll+0xc018c]
V  [jvm.dll+0xc06cc]
V  [jvm.dll+0x35b2db]
V  [jvm.dll+0x328803]
V  [jvm.dll+0x327cfa]
V  [jvm.dll+0x200602]
V  [jvm.dll+0x1ff794]
V  [jvm.dll+0x18868c]
V  [jvm.dll+0x20e0d7]
V  [jvm.dll+0x20c901]
V  [jvm.dll+0x6f9b7f]
V  [jvm.dll+0x6f26a5]
V  [jvm.dll+0x5fabf6]
C  [ucrtbase.dll+0x33797]
C  [KERNEL32.DLL+0x1469d]
C  [ntdll.dll+0x67558]


---------------  P R O C E S S  ---------------

Threads class SMR info:
_java_thread_list=0x00000244aa739550, length=165, elements={
0x000002448e81f800, 0x00000244a90e3000, 0x00000244a90ec800, 0x00000244a9a63800,
0x00000244a9a64800, 0x00000244a90ff800, 0x00000244a9100800, 0x00000244a9101800,
0x00000244a9112000, 0x00000244a9bb8000, 0x00000244aac46800, 0x00000244aa697000,
0x00000244aa699000, 0x00000244ab993800, 0x00000244abb3e800, 0x00000244ab9c0800,
0x00000244ab9c1000, 0x00000244abaef000, 0x00000244abaf0000, 0x00000244abaf4000,
0x00000244abaee000, 0x00000244abaf0800, 0x00000244abaf2800, 0x00000244abaf1800,
0x00000244abaf3000, 0x00000244abaf4800, 0x00000244adcee800, 0x00000244adcf2000,
0x00000244adcef800, 0x00000244adcf4800, 0x00000244adcf6000, 0x00000244adcf2800,
0x00000244adcf0800, 0x00000244adcf1000, 0x00000244adcf9000, 0x00000244adcfc800,
0x00000244adcf7000, 0x00000244adcfd800, 0x00000244adcf7800, 0x00000244adcf8800,
0x00000244adcfb000, 0x00000244adcfa000, 0x00000244adcfb800, 0x00000244adb4a800,
0x00000244adb4c000, 0x00000244adb4b000, 0x00000244adb4d000, 0x00000244adb47000,
0x00000244adb4d800, 0x00000244adb48000, 0x00000244adb4e800, 0x00000244adb49000,
0x00000244adb4f800, 0x00000244adb49800, 0x00000244adb51000, 0x00000244adb56000,
0x00000244adb52000, 0x00000244adb52800, 0x00000244adb54000, 0x00000244adb55000,
0x00000244adb53800, 0x00000244adb50000, 0x00000244aa934800, 0x00000244aa933000,
0x00000244aa936000, 0x00000244aa933800, 0x00000244aa937000, 0x00000244aa935800,
0x00000244aa931800, 0x00000244aa938000, 0x00000244aa932000, 0x00000244aa93e800,
0x00000244aa93c800, 0x00000244aa93b000, 0x00000244aa93d800, 0x00000244aa938800,
0x00000244aa93f000, 0x00000244aa939800, 0x00000244aa93c000, 0x00000244aa940000,
0x00000244aa93a800, 0x00000244ae978800, 0x00000244ae97c000, 0x00000244ae976800,
0x00000244ae97a800, 0x00000244ae97b000, 0x00000244ae97d000, 0x00000244ae977000,
0x00000244ae97d800, 0x00000244ae979800, 0x00000244ae978000, 0x00000244ae97e800,
0x00000244ae985000, 0x00000244ae981000, 0x00000244ae981800, 0x00000244ae984000,
0x00000244ae97f800, 0x00000244ae980000, 0x00000244ae982800, 0x00000244ae983800,
0x00000244aa4f3000, 0x00000244aa4f1000, 0x00000244aa4f0800, 0x00000244aa4f2000,
0x00000244aa4f3800, 0x00000244aa4ef800, 0x00000244aa4f4800, 0x00000244aa4fa000,
0x00000244aa4f8800, 0x00000244aa4f6000, 0x00000244aa4f9800, 0x00000244aa4fb000,
0x00000244aa4f7000, 0x00000244aa4f7800, 0x00000244aa4f5800, 0x00000244aa4fc000,
0x00000244aa4fc800, 0x00000244aa4fd800, 0x00000244aa4fe800, 0x00000244aa47f800,
0x00000244aa47d800, 0x00000244aa47d000, 0x00000244aa480000, 0x00000244aa47a800,
0x00000244aa47c000, 0x00000244aa481000, 0x00000244aa47b800, 0x00000244aa482000,
0x00000244aa484000, 0x00000244aa482800, 0x00000244aa483800, 0x00000244aa47e800,
0x00000244aa487800, 0x00000244aa488800, 0x00000244aa485000, 0x00000244aa486000,
0x00000244aa486800, 0x00000244aa489000, 0x00000244ac150000, 0x00000244ac14f000,
0x00000244ac14a000, 0x00000244ac14c000, 0x00000244ac14c800, 0x00000244ac14d800,
0x00000244ac14e800, 0x00000244ac150800, 0x00000244ac14b000, 0x00000244ac154000,
0x00000244ac157000, 0x00000244ac151800, 0x00000244ac158000, 0x00000244ac152800,
0x00000244ac159000, 0x00000244ac156800, 0x00000244ac155000, 0x00000244ac153000,
0x00000244ac155800, 0x00000244ac679800, 0x00000244ac675800, 0x00000244ac677800,
0x00000244ac67a000, 0x00000244ac678800, 0x00000244ac677000, 0x00000244ac676000,
0x00000244ac67c800
}

Java Threads: ( => current thread )
  0x000002448e81f800 JavaThread "main" [_thread_blocked, id=26240, stack(0x00000097c9100000,0x00000097c9200000)]
  0x00000244a90e3000 JavaThread "Reference Handler" daemon [_thread_blocked, id=23844, stack(0x00000097c9800000,0x00000097c9900000)]
  0x00000244a90ec800 JavaThread "Finalizer" daemon [_thread_blocked, id=21176, stack(0x00000097c9900000,0x00000097c9a00000)]
  0x00000244a9a63800 JavaThread "Signal Dispatcher" daemon [_thread_blocked, id=37572, stack(0x00000097c9a00000,0x00000097c9b00000)]
  0x00000244a9a64800 JavaThread "Attach Listener" daemon [_thread_blocked, id=24644, stack(0x00000097c9b00000,0x00000097c9c00000)]
  0x00000244a90ff800 JavaThread "Service Thread" daemon [_thread_blocked, id=13100, stack(0x00000097c9c00000,0x00000097c9d00000)]
=>0x00000244a9100800 JavaThread "C2 CompilerThread0" daemon [_thread_in_native, id=8060, stack(0x00000097c9d00000,0x00000097c9e00000)]
  0x00000244a9101800 JavaThread "C1 CompilerThread0" daemon [_thread_in_native, id=12192, stack(0x00000097c9e00000,0x00000097c9f00000)]
  0x00000244a9112000 JavaThread "Sweeper thread" daemon [_thread_blocked, id=18552, stack(0x00000097c9f00000,0x00000097ca000000)]
  0x00000244a9bb8000 JavaThread "Common-Cleaner" daemon [_thread_blocked, id=46256, stack(0x00000097ca000000,0x00000097ca100000)]
  0x00000244aac46800 JavaThread "Daemon health stats" [_thread_blocked, id=20672, stack(0x00000097ca500000,0x00000097ca600000)]
  0x00000244aa697000 JavaThread "Incoming local TCP Connector on port 54465" [_thread_in_native, id=12616, stack(0x00000097ca800000,0x00000097ca900000)]
  0x00000244aa699000 JavaThread "Daemon periodic checks" [_thread_blocked, id=24420, stack(0x00000097ca900000,0x00000097caa00000)]
  0x00000244ab993800 JavaThread "Daemon" [_thread_blocked, id=7728, stack(0x00000097caa00000,0x00000097cab00000)]
  0x00000244abb3e800 JavaThread "Handler for socket connection from /127.0.0.1:54465 to /127.0.0.1:54466" [_thread_in_native, id=20564, stack(0x00000097cab00000,0x00000097cac00000)]
  0x00000244ab9c0800 JavaThread "Cancel handler" [_thread_blocked, id=16556, stack(0x00000097cac00000,0x00000097cad00000)]
  0x00000244ab9c1000 JavaThread "Daemon worker" [_thread_in_vm, id=22964, stack(0x00000097cad00000,0x00000097cae00000)]
  0x00000244abaef000 JavaThread "Asynchronous log dispatcher for DefaultDaemonConnection: socket connection from /127.0.0.1:54465 to /127.0.0.1:54466" [_thread_blocked, id=22976, stack(0x00000097cae00000,0x00000097caf00000)]
  0x00000244abaf0000 JavaThread "Stdin handler" [_thread_blocked, id=7364, stack(0x00000097caf00000,0x00000097cb000000)]
  0x00000244abaf4000 JavaThread "Daemon client event forwarder" [_thread_blocked, id=29492, stack(0x00000097cb000000,0x00000097cb100000)]
  0x00000244abaee000 JavaThread "Cache worker for journal cache (C:\Users\LENOVO\.gradle\caches\journal-1)" [_thread_blocked, id=17332, stack(0x00000097cb700000,0x00000097cb800000)]
  0x00000244abaf0800 JavaThread "File lock request listener" [_thread_in_native, id=47852, stack(0x00000097cb800000,0x00000097cb900000)]
  0x00000244abaf2800 JavaThread "Cache worker for file hash cache (C:\Users\LENOVO\.gradle\caches\7.3.3\fileHashes)" [_thread_blocked, id=24260, stack(0x00000097cb900000,0x00000097cba00000)]
  0x00000244abaf1800 JavaThread "Cache worker for file hash cache (D:\Pemrograman Bergerak\Kalkulator Bidang Datar\.gradle\7.3.3\fileHashes)" [_thread_blocked, id=25500, stack(0x00000097cbc00000,0x00000097cbd00000)]
  0x00000244abaf3000 JavaThread "File watcher server" daemon [_thread_in_native, id=26368, stack(0x00000097cbd00000,0x00000097cbe00000)]
  0x00000244abaf4800 JavaThread "File watcher consumer" daemon [_thread_blocked, id=44312, stack(0x00000097cbe00000,0x00000097cbf00000)]
  0x00000244adcee800 JavaThread "Cache worker for checksums cache (D:\Pemrograman Bergerak\Kalkulator Bidang Datar\.gradle\7.3.3\checksums)" [_thread_blocked, id=22280, stack(0x00000097cbf00000,0x00000097cc000000)]
  0x00000244adcf2000 JavaThread "Cache worker for cache directory md-supplier (C:\Users\LENOVO\.gradle\caches\7.3.3\md-supplier)" [_thread_blocked, id=392, stack(0x00000097cc000000,0x00000097cc100000)]
  0x00000244adcef800 JavaThread "Cache worker for cache directory md-rule (C:\Users\LENOVO\.gradle\caches\7.3.3\md-rule)" [_thread_blocked, id=23448, stack(0x00000097cc100000,0x00000097cc200000)]
  0x00000244adcf4800 JavaThread "Cache worker for execution history cache (C:\Users\LENOVO\.gradle\caches\7.3.3\executionHistory)" [_thread_blocked, id=34724, stack(0x00000097cc200000,0x00000097cc300000)]
  0x00000244adcf6000 JavaThread "jar transforms" [_thread_blocked, id=24732, stack(0x00000097cc300000,0x00000097cc400000)]
  0x00000244adcf2800 JavaThread "Cache worker for file content cache (C:\Users\LENOVO\.gradle\caches\7.3.3\fileContent)" [_thread_blocked, id=25708, stack(0x00000097cc400000,0x00000097cc500000)]
  0x00000244adcf0800 JavaThread "jar transforms Thread 2" [_thread_blocked, id=8532, stack(0x00000097cc500000,0x00000097cc600000)]
  0x00000244adcf1000 JavaThread "Cache worker for dependencies-accessors (D:\Pemrograman Bergerak\Kalkulator Bidang Datar\.gradle\7.3.3\dependencies-accessors)" [_thread_blocked, id=35332, stack(0x00000097cc600000,0x00000097cc700000)]
  0x00000244adcf9000 JavaThread "jar transforms Thread 3" [_thread_blocked, id=30112, stack(0x00000097cc700000,0x00000097cc800000)]
  0x00000244adcfc800 JavaThread "Cache worker for Build Output Cleanup Cache (D:\Pemrograman Bergerak\Kalkulator Bidang Datar\.gradle\buildOutputCleanup)" [_thread_blocked, id=43600, stack(0x00000097cc800000,0x00000097cc900000)]
  0x00000244adcf7000 JavaThread "Unconstrained build operations" [_thread_blocked, id=36416, stack(0x00000097cc900000,0x00000097cca00000)]
  0x00000244adcfd800 JavaThread "Unconstrained build operations Thread 2" [_thread_blocked, id=37932, stack(0x00000097cca00000,0x00000097ccb00000)]
  0x00000244adcf7800 JavaThread "Unconstrained build operations Thread 3" [_thread_blocked, id=33732, stack(0x00000097ccb00000,0x00000097ccc00000)]
  0x00000244adcf8800 JavaThread "Unconstrained build operations Thread 4" [_thread_blocked, id=46572, stack(0x00000097ccc00000,0x00000097ccd00000)]
  0x00000244adcfb000 JavaThread "Unconstrained build operations Thread 5" [_thread_blocked, id=7972, stack(0x00000097ccd00000,0x00000097cce00000)]
  0x00000244adcfa000 JavaThread "Unconstrained build operations Thread 6" [_thread_blocked, id=19248, stack(0x00000097cce00000,0x00000097ccf00000)]
  0x00000244adcfb800 JavaThread "Unconstrained build operations Thread 7" [_thread_blocked, id=41732, stack(0x00000097ccf00000,0x00000097cd000000)]
  0x00000244adb4a800 JavaThread "Unconstrained build operations Thread 8" [_thread_blocked, id=24796, stack(0x00000097cd000000,0x00000097cd100000)]
  0x00000244adb4c000 JavaThread "Unconstrained build operations Thread 9" [_thread_blocked, id=6504, stack(0x00000097cd100000,0x00000097cd200000)]
  0x00000244adb4b000 JavaThread "Unconstrained build operations Thread 10" [_thread_blocked, id=25700, stack(0x00000097cd200000,0x00000097cd300000)]
  0x00000244adb4d000 JavaThread "Unconstrained build operations Thread 11" [_thread_blocked, id=43932, stack(0x00000097cd300000,0x00000097cd400000)]
  0x00000244adb47000 JavaThread "Unconstrained build operations Thread 12" [_thread_blocked, id=27688, stack(0x00000097cd400000,0x00000097cd500000)]
  0x00000244adb4d800 JavaThread "Unconstrained build operations Thread 13" [_thread_blocked, id=22360, stack(0x00000097cd500000,0x00000097cd600000)]
  0x00000244adb48000 JavaThread "Unconstrained build operations Thread 14" [_thread_blocked, id=46812, stack(0x00000097cd600000,0x00000097cd700000)]
  0x00000244adb4e800 JavaThread "Unconstrained build operations Thread 15" [_thread_blocked, id=44768, stack(0x00000097cd700000,0x00000097cd800000)]
  0x00000244adb49000 JavaThread "Unconstrained build operations Thread 16" [_thread_blocked, id=22112, stack(0x00000097cd800000,0x00000097cd900000)]
  0x00000244adb4f800 JavaThread "Unconstrained build operations Thread 17" [_thread_blocked, id=5740, stack(0x00000097cd900000,0x00000097cda00000)]
  0x00000244adb49800 JavaThread "Unconstrained build operations Thread 18" [_thread_blocked, id=5920, stack(0x00000097cda00000,0x00000097cdb00000)]
  0x00000244adb51000 JavaThread "Unconstrained build operations Thread 19" [_thread_blocked, id=27588, stack(0x00000097cdb00000,0x00000097cdc00000)]
  0x00000244adb56000 JavaThread "Unconstrained build operations Thread 20" [_thread_blocked, id=28956, stack(0x00000097cdc00000,0x00000097cdd00000)]
  0x00000244adb52000 JavaThread "Unconstrained build operations Thread 21" [_thread_blocked, id=22384, stack(0x00000097cdd00000,0x00000097cde00000)]
  0x00000244adb52800 JavaThread "Unconstrained build operations Thread 22" [_thread_blocked, id=6828, stack(0x00000097cde00000,0x00000097cdf00000)]
  0x00000244adb54000 JavaThread "Unconstrained build operations Thread 23" [_thread_blocked, id=27468, stack(0x00000097cdf00000,0x00000097ce000000)]
  0x00000244adb55000 JavaThread "Unconstrained build operations Thread 24" [_thread_blocked, id=7432, stack(0x00000097ce000000,0x00000097ce100000)]
  0x00000244adb53800 JavaThread "Unconstrained build operations Thread 25" [_thread_blocked, id=23228, stack(0x00000097ce100000,0x00000097ce200000)]
  0x00000244adb50000 JavaThread "Unconstrained build operations Thread 26" [_thread_blocked, id=45840, stack(0x00000097ce200000,0x00000097ce300000)]
  0x00000244aa934800 JavaThread "Unconstrained build operations Thread 27" [_thread_blocked, id=29572, stack(0x00000097ce300000,0x00000097ce400000)]
  0x00000244aa933000 JavaThread "Unconstrained build operations Thread 28" [_thread_blocked, id=6548, stack(0x00000097ce400000,0x00000097ce500000)]
  0x00000244aa936000 JavaThread "Unconstrained build operations Thread 29" [_thread_blocked, id=5508, stack(0x00000097ce500000,0x00000097ce600000)]
  0x00000244aa933800 JavaThread "Unconstrained build operations Thread 30" [_thread_blocked, id=15072, stack(0x00000097ce600000,0x00000097ce700000)]
  0x00000244aa937000 JavaThread "Unconstrained build operations Thread 31" [_thread_blocked, id=44644, stack(0x00000097ce700000,0x00000097ce800000)]
  0x00000244aa935800 JavaThread "Unconstrained build operations Thread 32" [_thread_blocked, id=41092, stack(0x00000097ce800000,0x00000097ce900000)]
  0x00000244aa931800 JavaThread "Unconstrained build operations Thread 33" [_thread_blocked, id=6360, stack(0x00000097ce900000,0x00000097cea00000)]
  0x00000244aa938000 JavaThread "Unconstrained build operations Thread 34" [_thread_blocked, id=11720, stack(0x00000097cea00000,0x00000097ceb00000)]
  0x00000244aa932000 JavaThread "Unconstrained build operations Thread 35" [_thread_blocked, id=26884, stack(0x00000097ceb00000,0x00000097cec00000)]
  0x00000244aa93e800 JavaThread "Unconstrained build operations Thread 36" [_thread_blocked, id=37592, stack(0x00000097cec00000,0x00000097ced00000)]
  0x00000244aa93c800 JavaThread "Unconstrained build operations Thread 37" [_thread_blocked, id=4508, stack(0x00000097ced00000,0x00000097cee00000)]
  0x00000244aa93b000 JavaThread "Unconstrained build operations Thread 38" [_thread_blocked, id=20828, stack(0x00000097cee00000,0x00000097cef00000)]
  0x00000244aa93d800 JavaThread "Unconstrained build operations Thread 39" [_thread_blocked, id=23984, stack(0x00000097cef00000,0x00000097cf000000)]
  0x00000244aa938800 JavaThread "Unconstrained build operations Thread 40" [_thread_blocked, id=3324, stack(0x00000097cf000000,0x00000097cf100000)]
  0x00000244aa93f000 JavaThread "Unconstrained build operations Thread 41" [_thread_blocked, id=13464, stack(0x00000097cf100000,0x00000097cf200000)]
  0x00000244aa939800 JavaThread "Unconstrained build operations Thread 42" [_thread_blocked, id=22688, stack(0x00000097cf200000,0x00000097cf300000)]
  0x00000244aa93c000 JavaThread "Unconstrained build operations Thread 43" [_thread_blocked, id=21956, stack(0x00000097cf300000,0x00000097cf400000)]
  0x00000244aa940000 JavaThread "Unconstrained build operations Thread 44" [_thread_blocked, id=28280, stack(0x00000097cf400000,0x00000097cf500000)]
  0x00000244aa93a800 JavaThread "Unconstrained build operations Thread 45" [_thread_blocked, id=31352, stack(0x00000097cf500000,0x00000097cf600000)]
  0x00000244ae978800 JavaThread "Unconstrained build operations Thread 46" [_thread_blocked, id=46124, stack(0x00000097cf600000,0x00000097cf700000)]
  0x00000244ae97c000 JavaThread "Unconstrained build operations Thread 47" [_thread_blocked, id=27496, stack(0x00000097cf700000,0x00000097cf800000)]
  0x00000244ae976800 JavaThread "Unconstrained build operations Thread 48" [_thread_blocked, id=22932, stack(0x00000097cf800000,0x00000097cf900000)]
  0x00000244ae97a800 JavaThread "Unconstrained build operations Thread 49" [_thread_blocked, id=23584, stack(0x00000097cf900000,0x00000097cfa00000)]
  0x00000244ae97b000 JavaThread "Unconstrained build operations Thread 50" [_thread_blocked, id=25516, stack(0x00000097cfa00000,0x00000097cfb00000)]
  0x00000244ae97d000 JavaThread "Unconstrained build operations Thread 51" [_thread_blocked, id=23376, stack(0x00000097cfb00000,0x00000097cfc00000)]
  0x00000244ae977000 JavaThread "Unconstrained build operations Thread 52" [_thread_blocked, id=11752, stack(0x00000097cfc00000,0x00000097cfd00000)]
  0x00000244ae97d800 JavaThread "Unconstrained build operations Thread 53" [_thread_blocked, id=42356, stack(0x00000097cfd00000,0x00000097cfe00000)]
  0x00000244ae979800 JavaThread "Unconstrained build operations Thread 54" [_thread_blocked, id=41772, stack(0x00000097cfe00000,0x00000097cff00000)]
  0x00000244ae978000 JavaThread "Unconstrained build operations Thread 55" [_thread_blocked, id=3240, stack(0x00000097cff00000,0x00000097d0000000)]
  0x00000244ae97e800 JavaThread "Unconstrained build operations Thread 56" [_thread_blocked, id=19216, stack(0x00000097d0000000,0x00000097d0100000)]
  0x00000244ae985000 JavaThread "Unconstrained build operations Thread 57" [_thread_blocked, id=29452, stack(0x00000097d0100000,0x00000097d0200000)]
  0x00000244ae981000 JavaThread "Unconstrained build operations Thread 58" [_thread_blocked, id=28592, stack(0x00000097d0200000,0x00000097d0300000)]
  0x00000244ae981800 JavaThread "Unconstrained build operations Thread 59" [_thread_blocked, id=43288, stack(0x00000097d0300000,0x00000097d0400000)]
  0x00000244ae984000 JavaThread "Unconstrained build operations Thread 60" [_thread_blocked, id=28244, stack(0x00000097d0400000,0x00000097d0500000)]
  0x00000244ae97f800 JavaThread "Unconstrained build operations Thread 61" [_thread_blocked, id=28976, stack(0x00000097d0500000,0x00000097d0600000)]
  0x00000244ae980000 JavaThread "Unconstrained build operations Thread 62" [_thread_blocked, id=20388, stack(0x00000097d0600000,0x00000097d0700000)]
  0x00000244ae982800 JavaThread "Unconstrained build operations Thread 63" [_thread_blocked, id=46028, stack(0x00000097d0700000,0x00000097d0800000)]
  0x00000244ae983800 JavaThread "Unconstrained build operations Thread 64" [_thread_blocked, id=22876, stack(0x00000097d0800000,0x00000097d0900000)]
  0x00000244aa4f3000 JavaThread "Unconstrained build operations Thread 65" [_thread_blocked, id=46164, stack(0x00000097d0900000,0x00000097d0a00000)]
  0x00000244aa4f1000 JavaThread "Unconstrained build operations Thread 66" [_thread_blocked, id=23620, stack(0x00000097d0a00000,0x00000097d0b00000)]
  0x00000244aa4f0800 JavaThread "Unconstrained build operations Thread 67" [_thread_blocked, id=23120, stack(0x00000097d0b00000,0x00000097d0c00000)]
  0x00000244aa4f2000 JavaThread "Unconstrained build operations Thread 68" [_thread_blocked, id=20192, stack(0x00000097d0c00000,0x00000097d0d00000)]
  0x00000244aa4f3800 JavaThread "Unconstrained build operations Thread 69" [_thread_blocked, id=12840, stack(0x00000097d0d00000,0x00000097d0e00000)]
  0x00000244aa4ef800 JavaThread "Unconstrained build operations Thread 70" [_thread_blocked, id=3580, stack(0x00000097d0e00000,0x00000097d0f00000)]
  0x00000244aa4f4800 JavaThread "Unconstrained build operations Thread 71" [_thread_blocked, id=1520, stack(0x00000097d0f00000,0x00000097d1000000)]
  0x00000244aa4fa000 JavaThread "Unconstrained build operations Thread 72" [_thread_blocked, id=41636, stack(0x00000097d1000000,0x00000097d1100000)]
  0x00000244aa4f8800 JavaThread "Unconstrained build operations Thread 73" [_thread_blocked, id=14480, stack(0x00000097d1100000,0x00000097d1200000)]
  0x00000244aa4f6000 JavaThread "Unconstrained build operations Thread 74" [_thread_blocked, id=20556, stack(0x00000097d1200000,0x00000097d1300000)]
  0x00000244aa4f9800 JavaThread "Unconstrained build operations Thread 75" [_thread_blocked, id=44628, stack(0x00000097d1300000,0x00000097d1400000)]
  0x00000244aa4fb000 JavaThread "Unconstrained build operations Thread 76" [_thread_blocked, id=14104, stack(0x00000097d1400000,0x00000097d1500000)]
  0x00000244aa4f7000 JavaThread "Unconstrained build operations Thread 77" [_thread_blocked, id=10252, stack(0x00000097d1500000,0x00000097d1600000)]
  0x00000244aa4f7800 JavaThread "Unconstrained build operations Thread 78" [_thread_blocked, id=29232, stack(0x00000097d1600000,0x00000097d1700000)]
  0x00000244aa4f5800 JavaThread "Unconstrained build operations Thread 79" [_thread_blocked, id=22584, stack(0x00000097d1700000,0x00000097d1800000)]
  0x00000244aa4fc000 JavaThread "Unconstrained build operations Thread 80" [_thread_blocked, id=3172, stack(0x00000097d1800000,0x00000097d1900000)]
  0x00000244aa4fc800 JavaThread "Unconstrained build operations Thread 81" [_thread_blocked, id=21308, stack(0x00000097d1900000,0x00000097d1a00000)]
  0x00000244aa4fd800 JavaThread "Unconstrained build operations Thread 82" [_thread_blocked, id=24788, stack(0x00000097d1a00000,0x00000097d1b00000)]
  0x00000244aa4fe800 JavaThread "Unconstrained build operations Thread 83" [_thread_blocked, id=43768, stack(0x00000097d1b00000,0x00000097d1c00000)]
  0x00000244aa47f800 JavaThread "Unconstrained build operations Thread 84" [_thread_blocked, id=46716, stack(0x00000097d1c00000,0x00000097d1d00000)]
  0x00000244aa47d800 JavaThread "Unconstrained build operations Thread 85" [_thread_blocked, id=2368, stack(0x00000097d1d00000,0x00000097d1e00000)]
  0x00000244aa47d000 JavaThread "Unconstrained build operations Thread 86" [_thread_blocked, id=4900, stack(0x00000097d1e00000,0x00000097d1f00000)]
  0x00000244aa480000 JavaThread "Unconstrained build operations Thread 87" [_thread_blocked, id=14312, stack(0x00000097d1f00000,0x00000097d2000000)]
  0x00000244aa47a800 JavaThread "Unconstrained build operations Thread 88" [_thread_blocked, id=21316, stack(0x00000097d2000000,0x00000097d2100000)]
  0x00000244aa47c000 JavaThread "Unconstrained build operations Thread 89" [_thread_blocked, id=22400, stack(0x00000097d2100000,0x00000097d2200000)]
  0x00000244aa481000 JavaThread "Unconstrained build operations Thread 90" [_thread_blocked, id=21668, stack(0x00000097d2200000,0x00000097d2300000)]
  0x00000244aa47b800 JavaThread "Unconstrained build operations Thread 91" [_thread_blocked, id=11552, stack(0x00000097d2300000,0x00000097d2400000)]
  0x00000244aa482000 JavaThread "Unconstrained build operations Thread 92" [_thread_blocked, id=24224, stack(0x00000097d2400000,0x00000097d2500000)]
  0x00000244aa484000 JavaThread "Unconstrained build operations Thread 93" [_thread_blocked, id=27992, stack(0x00000097d2500000,0x00000097d2600000)]
  0x00000244aa482800 JavaThread "Unconstrained build operations Thread 94" [_thread_blocked, id=3420, stack(0x00000097d2600000,0x00000097d2700000)]
  0x00000244aa483800 JavaThread "Unconstrained build operations Thread 95" [_thread_blocked, id=37468, stack(0x00000097d2700000,0x00000097d2800000)]
  0x00000244aa47e800 JavaThread "Unconstrained build operations Thread 96" [_thread_blocked, id=45828, stack(0x00000097d2800000,0x00000097d2900000)]
  0x00000244aa487800 JavaThread "Unconstrained build operations Thread 97" [_thread_blocked, id=12620, stack(0x00000097d2900000,0x00000097d2a00000)]
  0x00000244aa488800 JavaThread "Unconstrained build operations Thread 98" [_thread_blocked, id=29276, stack(0x00000097d2a00000,0x00000097d2b00000)]
  0x00000244aa485000 JavaThread "Unconstrained build operations Thread 99" [_thread_blocked, id=24476, stack(0x00000097d2b00000,0x00000097d2c00000)]
  0x00000244aa486000 JavaThread "Unconstrained build operations Thread 100" [_thread_blocked, id=19860, stack(0x00000097d2c00000,0x00000097d2d00000)]
  0x00000244aa486800 JavaThread "Unconstrained build operations Thread 101" [_thread_blocked, id=47308, stack(0x00000097d2d00000,0x00000097d2e00000)]
  0x00000244aa489000 JavaThread "Unconstrained build operations Thread 102" [_thread_blocked, id=8736, stack(0x00000097d2e00000,0x00000097d2f00000)]
  0x00000244ac150000 JavaThread "Unconstrained build operations Thread 103" [_thread_blocked, id=4836, stack(0x00000097d2f00000,0x00000097d3000000)]
  0x00000244ac14f000 JavaThread "Unconstrained build operations Thread 104" [_thread_blocked, id=25696, stack(0x00000097d3000000,0x00000097d3100000)]
  0x00000244ac14a000 JavaThread "Unconstrained build operations Thread 105" [_thread_blocked, id=26532, stack(0x00000097d3100000,0x00000097d3200000)]
  0x00000244ac14c000 JavaThread "Unconstrained build operations Thread 106" [_thread_blocked, id=28904, stack(0x00000097d3200000,0x00000097d3300000)]
  0x00000244ac14c800 JavaThread "Unconstrained build operations Thread 107" [_thread_blocked, id=16956, stack(0x00000097d3300000,0x00000097d3400000)]
  0x00000244ac14d800 JavaThread "Unconstrained build operations Thread 108" [_thread_blocked, id=29212, stack(0x00000097d3400000,0x00000097d3500000)]
  0x00000244ac14e800 JavaThread "Unconstrained build operations Thread 109" [_thread_blocked, id=34172, stack(0x00000097d3500000,0x00000097d3600000)]
  0x00000244ac150800 JavaThread "Unconstrained build operations Thread 110" [_thread_blocked, id=29828, stack(0x00000097d3600000,0x00000097d3700000)]
  0x00000244ac14b000 JavaThread "Unconstrained build operations Thread 111" [_thread_blocked, id=41992, stack(0x00000097d3700000,0x00000097d3800000)]
  0x00000244ac154000 JavaThread "Unconstrained build operations Thread 112" [_thread_blocked, id=10112, stack(0x00000097d3800000,0x00000097d3900000)]
  0x00000244ac157000 JavaThread "Unconstrained build operations Thread 113" [_thread_blocked, id=2984, stack(0x00000097d3900000,0x00000097d3a00000)]
  0x00000244ac151800 JavaThread "Unconstrained build operations Thread 114" [_thread_blocked, id=44712, stack(0x00000097d3a00000,0x00000097d3b00000)]
  0x00000244ac158000 JavaThread "Unconstrained build operations Thread 115" [_thread_blocked, id=14964, stack(0x00000097d3b00000,0x00000097d3c00000)]
  0x00000244ac152800 JavaThread "Unconstrained build operations Thread 116" [_thread_blocked, id=30464, stack(0x00000097d3c00000,0x00000097d3d00000)]
  0x00000244ac159000 JavaThread "Unconstrained build operations Thread 117" [_thread_blocked, id=10244, stack(0x00000097d3d00000,0x00000097d3e00000)]
  0x00000244ac156800 JavaThread "Unconstrained build operations Thread 118" [_thread_blocked, id=19208, stack(0x00000097d3e00000,0x00000097d3f00000)]
  0x00000244ac155000 JavaThread "Unconstrained build operations Thread 119" [_thread_blocked, id=30192, stack(0x00000097d3f00000,0x00000097d4000000)]
  0x00000244ac153000 JavaThread "Unconstrained build operations Thread 120" [_thread_blocked, id=2736, stack(0x00000097d4000000,0x00000097d4100000)]
  0x00000244ac155800 JavaThread "jar transforms Thread 4" [_thread_blocked, id=25976, stack(0x00000097d4100000,0x00000097d4200000)]
  0x00000244ac679800 JavaThread "jar transforms Thread 5" [_thread_blocked, id=39128, stack(0x00000097d4200000,0x00000097d4300000)]
  0x00000244ac675800 JavaThread "jar transforms Thread 6" [_thread_blocked, id=30116, stack(0x00000097d4300000,0x00000097d4400000)]
  0x00000244ac677800 JavaThread "jar transforms Thread 7" [_thread_blocked, id=6640, stack(0x00000097d4400000,0x00000097d4500000)]
  0x00000244ac67a000 JavaThread "jar transforms Thread 8" [_thread_blocked, id=31596, stack(0x00000097d4500000,0x00000097d4600000)]
  0x00000244ac678800 JavaThread "jar transforms Thread 9" [_thread_blocked, id=29304, stack(0x00000097d4600000,0x00000097d4700000)]
  0x00000244ac677000 JavaThread "jar transforms Thread 10" [_thread_blocked, id=16428, stack(0x00000097d4700000,0x00000097d4800000)]
  0x00000244ac676000 JavaThread "jar transforms Thread 11" [_thread_blocked, id=8636, stack(0x00000097d4800000,0x00000097d4900000)]
  0x00000244ac67c800 JavaThread "jar transforms Thread 12" [_thread_blocked, id=16052, stack(0x00000097d4900000,0x00000097d4a00000)]

Other Threads:
  0x00000244a90e1000 VMThread "VM Thread" [stack: 0x00000097c9700000,0x00000097c9800000] [id=40672]
  0x00000244a9bee000 WatcherThread [stack: 0x00000097ca100000,0x00000097ca200000] [id=38152]
  0x000002448e834000 GCTaskThread "GC Thread#0" [stack: 0x00000097c9200000,0x00000097c9300000] [id=13028]
  0x00000244aa761000 GCTaskThread "GC Thread#1" [stack: 0x00000097ca200000,0x00000097ca300000] [id=10104]
  0x00000244aaf4e800 GCTaskThread "GC Thread#2" [stack: 0x00000097ca600000,0x00000097ca700000] [id=16552]
  0x00000244aa692000 GCTaskThread "GC Thread#3" [stack: 0x00000097ca700000,0x00000097ca800000] [id=17824]
  0x00000244ab9e9800 GCTaskThread "GC Thread#4" [stack: 0x00000097cb100000,0x00000097cb200000] [id=16620]
  0x00000244ab96e800 GCTaskThread "GC Thread#5" [stack: 0x00000097cb200000,0x00000097cb300000] [id=23928]
  0x00000244abb32800 GCTaskThread "GC Thread#6" [stack: 0x00000097cb300000,0x00000097cb400000] [id=24744]
  0x00000244abc86800 GCTaskThread "GC Thread#7" [stack: 0x00000097cb400000,0x00000097cb500000] [id=22916]
  0x00000244ab595800 GCTaskThread "GC Thread#8" [stack: 0x00000097cb500000,0x00000097cb600000] [id=47576]
  0x00000244ab556800 GCTaskThread "GC Thread#9" [stack: 0x00000097cb600000,0x00000097cb700000] [id=25348]
  0x000002448e866800 ConcurrentGCThread "G1 Main Marker" [stack: 0x00000097c9300000,0x00000097c9400000] [id=21848]
  0x000002448e868800 ConcurrentGCThread "G1 Conc#0" [stack: 0x00000097c9400000,0x00000097c9500000] [id=19644]
  0x00000244abbc6800 ConcurrentGCThread "G1 Conc#1" [stack: 0x00000097cba00000,0x00000097cbb00000] [id=22992]
  0x00000244abbc7800 ConcurrentGCThread "G1 Conc#2" [stack: 0x00000097cbb00000,0x00000097cbc00000] [id=45820]
  0x00000244a8f30800 ConcurrentGCThread "G1 Refine#0" [stack: 0x00000097c9500000,0x00000097c9600000] [id=27560]
  0x00000244aaaa7000 ConcurrentGCThread "G1 Refine#1" [stack: 0x00000097ca300000,0x00000097ca400000] [id=11428]
  0x00000244aa6d7800 ConcurrentGCThread "G1 Refine#2" [stack: 0x00000097ca400000,0x00000097ca500000] [id=35088]
  0x000002448e8ee000 ConcurrentGCThread "G1 Young RemSet Sampling" [stack: 0x00000097c9600000,0x00000097c9700000] [id=19480]

Threads with active compile tasks:
C2 CompilerThread0  13279 5474       4       jdk.internal.org.objectweb.asm.Frame::execute (2264 bytes)

VM state:not at safepoint (normal execution)

VM Mutex/Monitor currently owned by a thread: None

Heap address: 0x0000000080000000, size: 2048 MB, Compressed Oops mode: 32-bit
Narrow klass base: 0x0000000000000000, Narrow klass shift: 3
Compressed class space size: 1073741824 Address: 0x0000000100000000

Heap:
 garbage-first heap   total 115712K, used 78532K [0x0000000080000000, 0x0000000100000000)
  region size 1024K, 42 young (43008K), 7 survivors (7168K)
 Metaspace       used 56913K, capacity 58291K, committed 58576K, reserved 1099776K
  class space    used 7240K, capacity 7748K, committed 7888K, reserved 1048576K
Heap Regions: E=young(eden), S=young(survivor), O=old, HS=humongous(starts), HC=humongous(continues), CS=collection set, F=free, A=archive, TAMS=top-at-mark-start (previous, next)
|   0|0x0000000080000000, 0x0000000080100000, 0x0000000080100000|100%| O|  |TAMS 0x0000000080100000, 0x0000000080000000| Untracked 
|   1|0x0000000080100000, 0x0000000080200000, 0x0000000080200000|100%| O|  |TAMS 0x0000000080200000, 0x0000000080100000| Untracked 
|   2|0x0000000080200000, 0x0000000080300000, 0x0000000080300000|100%| O|  |TAMS 0x0000000080300000, 0x0000000080200000| Untracked 
|   3|0x0000000080300000, 0x0000000080400000, 0x0000000080400000|100%|HS|  |TAMS 0x0000000080400000, 0x0000000080300000| Complete 
|   4|0x0000000080400000, 0x0000000080500000, 0x0000000080500000|100%|HC|  |TAMS 0x0000000080500000, 0x0000000080400000| Complete 
|   5|0x0000000080500000, 0x0000000080600000, 0x0000000080600000|100%|HC|  |TAMS 0x0000000080600000, 0x0000000080500000| Complete 
|   6|0x0000000080600000, 0x0000000080700000, 0x0000000080700000|100%| O|  |TAMS 0x0000000080700000, 0x0000000080600000| Untracked 
|   7|0x0000000080700000, 0x0000000080800000, 0x0000000080800000|100%| O|  |TAMS 0x0000000080800000, 0x0000000080700000| Untracked 
|   8|0x0000000080800000, 0x0000000080900000, 0x0000000080900000|100%| O|  |TAMS 0x0000000080900000, 0x0000000080800000| Untracked 
|   9|0x0000000080900000, 0x0000000080a00000, 0x0000000080a00000|100%| O|  |TAMS 0x0000000080a00000, 0x0000000080900000| Untracked 
|  10|0x0000000080a00000, 0x0000000080b00000, 0x0000000080b00000|100%| O|  |TAMS 0x0000000080b00000, 0x0000000080a00000| Untracked 
|  11|0x0000000080b00000, 0x0000000080c00000, 0x0000000080c00000|100%| O|  |TAMS 0x0000000080c00000, 0x0000000080b00000| Untracked 
|  12|0x0000000080c00000, 0x0000000080d00000, 0x0000000080d00000|100%| O|  |TAMS 0x0000000080d00000, 0x0000000080c00000| Untracked 
|  13|0x0000000080d00000, 0x0000000080e00000, 0x0000000080e00000|100%| O|  |TAMS 0x0000000080e00000, 0x0000000080d00000| Untracked 
|  14|0x0000000080e00000, 0x0000000080f00000, 0x0000000080f00000|100%| O|  |TAMS 0x0000000080f00000, 0x0000000080e00000| Untracked 
|  15|0x0000000080f00000, 0x0000000081000000, 0x0000000081000000|100%| O|  |TAMS 0x0000000081000000, 0x0000000080f00000| Untracked 
|  16|0x0000000081000000, 0x0000000081100000, 0x0000000081100000|100%| O|  |TAMS 0x0000000081100000, 0x0000000081000000| Untracked 
|  17|0x0000000081100000, 0x0000000081200000, 0x0000000081200000|100%| O|  |TAMS 0x0000000081200000, 0x0000000081100000| Untracked 
|  18|0x0000000081200000, 0x0000000081300000, 0x0000000081300000|100%| O|  |TAMS 0x00000000812e8400, 0x0000000081200000| Untracked 
|  19|0x0000000081300000, 0x0000000081400000, 0x0000000081400000|100%| O|  |TAMS 0x0000000081300000, 0x0000000081300000| Untracked 
|  20|0x0000000081400000, 0x0000000081500000, 0x0000000081500000|100%| O|  |TAMS 0x0000000081400000, 0x0000000081400000| Untracked 
|  21|0x0000000081500000, 0x0000000081600000, 0x0000000081600000|100%| O|  |TAMS 0x0000000081500000, 0x0000000081500000| Untracked 
|  22|0x0000000081600000, 0x0000000081700000, 0x0000000081700000|100%| O|  |TAMS 0x0000000081600000, 0x0000000081600000| Untracked 
|  23|0x0000000081700000, 0x0000000081800000, 0x0000000081800000|100%| O|  |TAMS 0x0000000081700000, 0x0000000081700000| Untracked 
|  24|0x0000000081800000, 0x0000000081900000, 0x0000000081900000|100%| O|  |TAMS 0x0000000081800000, 0x0000000081800000| Untracked 
|  25|0x0000000081900000, 0x0000000081a00000, 0x0000000081a00000|100%| O|  |TAMS 0x0000000081900000, 0x0000000081900000| Untracked 
|  26|0x0000000081a00000, 0x0000000081b00000, 0x0000000081b00000|100%|HS|  |TAMS 0x0000000081a00000, 0x0000000081a00000| Complete 
|  27|0x0000000081b00000, 0x0000000081c00000, 0x0000000081c00000|100%|HS|  |TAMS 0x0000000081b00000, 0x0000000081b00000| Complete 
|  28|0x0000000081c00000, 0x0000000081d00000, 0x0000000081d00000|100%|HS|  |TAMS 0x0000000081c00000, 0x0000000081c00000| Complete 
|  29|0x0000000081d00000, 0x0000000081e00000, 0x0000000081e00000|100%|HC|  |TAMS 0x0000000081d00000, 0x0000000081d00000| Complete 
|  30|0x0000000081e00000, 0x0000000081f00000, 0x0000000081f00000|100%| O|  |TAMS 0x0000000081e00000, 0x0000000081e00000| Untracked 
|  31|0x0000000081f00000, 0x0000000082000000, 0x0000000082000000|100%| O|  |TAMS 0x0000000081f00000, 0x0000000081f00000| Untracked 
|  32|0x0000000082000000, 0x0000000082100000, 0x0000000082100000|100%| O|  |TAMS 0x0000000082000000, 0x0000000082000000| Untracked 
|  33|0x0000000082100000, 0x0000000082200000, 0x0000000082200000|100%| O|  |TAMS 0x0000000082100000, 0x0000000082100000| Untracked 
|  34|0x0000000082200000, 0x0000000082300000, 0x0000000082300000|100%| O|  |TAMS 0x0000000082200000, 0x0000000082200000| Untracked 
|  35|0x0000000082300000, 0x00000000823b1200, 0x0000000082400000| 69%| O|  |TAMS 0x0000000082300000, 0x0000000082300000| Untracked 
|  36|0x0000000082400000, 0x0000000082400000, 0x0000000082500000|  0%| F|  |TAMS 0x0000000082400000, 0x0000000082400000| Untracked 
|  37|0x0000000082500000, 0x0000000082500000, 0x0000000082600000|  0%| F|  |TAMS 0x0000000082500000, 0x0000000082500000| Untracked 
|  38|0x0000000082600000, 0x0000000082600000, 0x0000000082700000|  0%| F|  |TAMS 0x0000000082600000, 0x0000000082600000| Untracked 
|  39|0x0000000082700000, 0x0000000082700000, 0x0000000082800000|  0%| F|  |TAMS 0x0000000082700000, 0x0000000082700000| Untracked 
|  40|0x0000000082800000, 0x0000000082800000, 0x0000000082900000|  0%| F|  |TAMS 0x0000000082800000, 0x0000000082800000| Untracked 
|  41|0x0000000082900000, 0x0000000082900000, 0x0000000082a00000|  0%| F|  |TAMS 0x0000000082900000, 0x0000000082900000| Untracked 
|  42|0x0000000082a00000, 0x0000000082a00000, 0x0000000082b00000|  0%| F|  |TAMS 0x0000000082a00000, 0x0000000082a00000| Untracked 
|  43|0x0000000082b00000, 0x0000000082b00000, 0x0000000082c00000|  0%| F|  |TAMS 0x0000000082b00000, 0x0000000082b00000| Untracked 
|  44|0x0000000082c00000, 0x0000000082c00000, 0x0000000082d00000|  0%| F|  |TAMS 0x0000000082c00000, 0x0000000082c00000| Untracked 
|  45|0x0000000082d00000, 0x0000000082d00000, 0x0000000082e00000|  0%| F|  |TAMS 0x0000000082d00000, 0x0000000082d00000| Untracked 
|  46|0x0000000082e00000, 0x0000000082e00000, 0x0000000082f00000|  0%| F|  |TAMS 0x0000000082e00000, 0x0000000082e00000| Untracked 
|  47|0x0000000082f00000, 0x0000000082f00000, 0x0000000083000000|  0%| F|  |TAMS 0x0000000082f00000, 0x0000000082f00000| Untracked 
|  48|0x0000000083000000, 0x0000000083000000, 0x0000000083100000|  0%| F|  |TAMS 0x0000000083000000, 0x0000000083000000| Untracked 
|  49|0x0000000083100000, 0x0000000083100000, 0x0000000083200000|  0%| F|  |TAMS 0x0000000083100000, 0x0000000083100000| Untracked 
|  50|0x0000000083200000, 0x0000000083300000, 0x0000000083300000|100%| S|CS|TAMS 0x0000000083200000, 0x0000000083200000| Complete 
|  51|0x0000000083300000, 0x0000000083400000, 0x0000000083400000|100%| S|CS|TAMS 0x0000000083300000, 0x0000000083300000| Complete 
|  52|0x0000000083400000, 0x0000000083500000, 0x0000000083500000|100%| S|CS|TAMS 0x0000000083400000, 0x0000000083400000| Complete 
|  53|0x0000000083500000, 0x0000000083600000, 0x0000000083600000|100%| S|CS|TAMS 0x0000000083500000, 0x0000000083500000| Complete 
|  54|0x0000000083600000, 0x0000000083700000, 0x0000000083700000|100%| S|CS|TAMS 0x0000000083600000, 0x0000000083600000| Complete 
|  55|0x0000000083700000, 0x0000000083800000, 0x0000000083800000|100%| S|CS|TAMS 0x0000000083700000, 0x0000000083700000| Complete 
|  56|0x0000000083800000, 0x0000000083900000, 0x0000000083900000|100%| S|CS|TAMS 0x0000000083800000, 0x0000000083800000| Complete 
|  57|0x0000000083900000, 0x0000000083900000, 0x0000000083a00000|  0%| F|  |TAMS 0x0000000083900000, 0x0000000083900000| Untracked 
|  58|0x0000000083a00000, 0x0000000083a00000, 0x0000000083b00000|  0%| F|  |TAMS 0x0000000083a00000, 0x0000000083a00000| Untracked 
|  59|0x0000000083b00000, 0x0000000083b00000, 0x0000000083c00000|  0%| F|  |TAMS 0x0000000083b00000, 0x0000000083b00000| Untracked 
|  60|0x0000000083c00000, 0x0000000083c00000, 0x0000000083d00000|  0%| F|  |TAMS 0x0000000083c00000, 0x0000000083c00000| Untracked 
|  61|0x0000000083d00000, 0x0000000083d00000, 0x0000000083e00000|  0%| F|  |TAMS 0x0000000083d00000, 0x0000000083d00000| Untracked 
|  62|0x0000000083e00000, 0x0000000083e00000, 0x0000000083f00000|  0%| F|  |TAMS 0x0000000083e00000, 0x0000000083e00000| Untracked 
|  63|0x0000000083f00000, 0x0000000083f00000, 0x0000000084000000|  0%| F|  |TAMS 0x0000000083f00000, 0x0000000083f00000| Untracked 
|  64|0x0000000084000000, 0x0000000084000000, 0x0000000084100000|  0%| F|  |TAMS 0x0000000084000000, 0x0000000084000000| Untracked 
|  65|0x0000000084100000, 0x0000000084100000, 0x0000000084200000|  0%| F|  |TAMS 0x0000000084100000, 0x0000000084100000| Untracked 
|  66|0x0000000084200000, 0x0000000084200000, 0x0000000084300000|  0%| F|  |TAMS 0x0000000084200000, 0x0000000084200000| Untracked 
|  67|0x0000000084300000, 0x0000000084300000, 0x0000000084400000|  0%| F|  |TAMS 0x0000000084300000, 0x0000000084300000| Untracked 
|  68|0x0000000084400000, 0x0000000084400000, 0x0000000084500000|  0%| F|  |TAMS 0x0000000084400000, 0x0000000084400000| Untracked 
|  69|0x0000000084500000, 0x0000000084500000, 0x0000000084600000|  0%| F|  |TAMS 0x0000000084500000, 0x0000000084500000| Untracked 
|  70|0x0000000084600000, 0x0000000084600000, 0x0000000084700000|  0%| F|  |TAMS 0x0000000084600000, 0x0000000084600000| Untracked 
|  71|0x0000000084700000, 0x0000000084700000, 0x0000000084800000|  0%| F|  |TAMS 0x0000000084700000, 0x0000000084700000| Untracked 
|  72|0x0000000084800000, 0x0000000084800000, 0x0000000084900000|  0%| F|  |TAMS 0x0000000084800000, 0x0000000084800000| Untracked 
|  73|0x0000000084900000, 0x0000000084900000, 0x0000000084a00000|  0%| F|  |TAMS 0x0000000084900000, 0x0000000084900000| Untracked 
|  74|0x0000000084a00000, 0x0000000084a00000, 0x0000000084b00000|  0%| F|  |TAMS 0x0000000084a00000, 0x0000000084a00000| Untracked 
|  75|0x0000000084b00000, 0x0000000084b00000, 0x0000000084c00000|  0%| F|  |TAMS 0x0000000084b00000, 0x0000000084b00000| Untracked 
|  76|0x0000000084c00000, 0x0000000084c00000, 0x0000000084d00000|  0%| F|  |TAMS 0x0000000084c00000, 0x0000000084c00000| Untracked 
|  77|0x0000000084d00000, 0x0000000084d82850, 0x0000000084e00000| 50%| E|  |TAMS 0x0000000084d00000, 0x0000000084d00000| Complete 
|  78|0x0000000084e00000, 0x0000000084f00000, 0x0000000084f00000|100%| E|CS|TAMS 0x0000000084e00000, 0x0000000084e00000| Complete 
|  79|0x0000000084f00000, 0x0000000085000000, 0x0000000085000000|100%| E|CS|TAMS 0x0000000084f00000, 0x0000000084f00000| Complete 
|  80|0x0000000085000000, 0x0000000085100000, 0x0000000085100000|100%| E|CS|TAMS 0x0000000085000000, 0x0000000085000000| Complete 
|  81|0x0000000085100000, 0x0000000085200000, 0x0000000085200000|100%| E|CS|TAMS 0x0000000085100000, 0x0000000085100000| Complete 
|  82|0x0000000085200000, 0x0000000085300000, 0x0000000085300000|100%| E|CS|TAMS 0x0000000085200000, 0x0000000085200000| Complete 
|  83|0x0000000085300000, 0x0000000085400000, 0x0000000085400000|100%| E|CS|TAMS 0x0000000085300000, 0x0000000085300000| Complete 
|  84|0x0000000085400000, 0x0000000085500000, 0x0000000085500000|100%| E|CS|TAMS 0x0000000085400000, 0x0000000085400000| Complete 
|  85|0x0000000085500000, 0x0000000085600000, 0x0000000085600000|100%| E|CS|TAMS 0x0000000085500000, 0x0000000085500000| Complete 
|  86|0x0000000085600000, 0x0000000085700000, 0x0000000085700000|100%| E|CS|TAMS 0x0000000085600000, 0x0000000085600000| Complete 
|  87|0x0000000085700000, 0x0000000085800000, 0x0000000085800000|100%| E|CS|TAMS 0x0000000085700000, 0x0000000085700000| Complete 
|  88|0x0000000085800000, 0x0000000085900000, 0x0000000085900000|100%| E|CS|TAMS 0x0000000085800000, 0x0000000085800000| Complete 
|  89|0x0000000085900000, 0x0000000085a00000, 0x0000000085a00000|100%| E|CS|TAMS 0x0000000085900000, 0x0000000085900000| Complete 
|  90|0x0000000085a00000, 0x0000000085b00000, 0x0000000085b00000|100%| E|CS|TAMS 0x0000000085a00000, 0x0000000085a00000| Complete 
|  91|0x0000000085b00000, 0x0000000085c00000, 0x0000000085c00000|100%| E|CS|TAMS 0x0000000085b00000, 0x0000000085b00000| Complete 
|  92|0x0000000085c00000, 0x0000000085d00000, 0x0000000085d00000|100%| E|CS|TAMS 0x0000000085c00000, 0x0000000085c00000| Complete 
|  93|0x0000000085d00000, 0x0000000085e00000, 0x0000000085e00000|100%| E|CS|TAMS 0x0000000085d00000, 0x0000000085d00000| Complete 
|  94|0x0000000085e00000, 0x0000000085f00000, 0x0000000085f00000|100%| E|CS|TAMS 0x0000000085e00000, 0x0000000085e00000| Complete 
|  95|0x0000000085f00000, 0x0000000086000000, 0x0000000086000000|100%| E|CS|TAMS 0x0000000085f00000, 0x0000000085f00000| Complete 
|  96|0x0000000086000000, 0x0000000086100000, 0x0000000086100000|100%| E|CS|TAMS 0x0000000086000000, 0x0000000086000000| Complete 
|  97|0x0000000086100000, 0x0000000086200000, 0x0000000086200000|100%| E|CS|TAMS 0x0000000086100000, 0x0000000086100000| Complete 
|  98|0x0000000086200000, 0x0000000086300000, 0x0000000086300000|100%| E|CS|TAMS 0x0000000086200000, 0x0000000086200000| Complete 
|  99|0x0000000086300000, 0x0000000086400000, 0x0000000086400000|100%| E|CS|TAMS 0x0000000086300000, 0x0000000086300000| Complete 
| 100|0x0000000086400000, 0x0000000086500000, 0x0000000086500000|100%| E|CS|TAMS 0x0000000086400000, 0x0000000086400000| Complete 
| 101|0x0000000086500000, 0x0000000086600000, 0x0000000086600000|100%| E|CS|TAMS 0x0000000086500000, 0x0000000086500000| Complete 
| 102|0x0000000086600000, 0x0000000086700000, 0x0000000086700000|100%| E|CS|TAMS 0x0000000086600000, 0x0000000086600000| Complete 
| 103|0x0000000086700000, 0x0000000086800000, 0x0000000086800000|100%| E|CS|TAMS 0x0000000086700000, 0x0000000086700000| Complete 
| 104|0x0000000086800000, 0x0000000086900000, 0x0000000086900000|100%| E|CS|TAMS 0x0000000086800000, 0x0000000086800000| Complete 
| 105|0x0000000086900000, 0x0000000086a00000, 0x0000000086a00000|100%| E|CS|TAMS 0x0000000086900000, 0x0000000086900000| Complete 
| 106|0x0000000086a00000, 0x0000000086b00000, 0x0000000086b00000|100%| E|CS|TAMS 0x0000000086a00000, 0x0000000086a00000| Complete 
| 107|0x0000000086b00000, 0x0000000086c00000, 0x0000000086c00000|100%| E|CS|TAMS 0x0000000086b00000, 0x0000000086b00000| Complete 
| 108|0x0000000086c00000, 0x0000000086d00000, 0x0000000086d00000|100%| E|CS|TAMS 0x0000000086c00000, 0x0000000086c00000| Complete 
| 109|0x0000000086d00000, 0x0000000086e00000, 0x0000000086e00000|100%| E|CS|TAMS 0x0000000086d00000, 0x0000000086d00000| Complete 
| 110|0x0000000086e00000, 0x0000000086f00000, 0x0000000086f00000|100%| E|CS|TAMS 0x0000000086e00000, 0x0000000086e00000| Complete 
| 111|0x0000000086f00000, 0x0000000087000000, 0x0000000087000000|100%| E|CS|TAMS 0x0000000086f00000, 0x0000000086f00000| Complete 
| 112|0x0000000087000000, 0x0000000087100000, 0x0000000087100000|100%| E|CS|TAMS 0x0000000087000000, 0x0000000087000000| Complete 

Card table byte_map: [0x00000244a1c70000,0x00000244a2070000] _byte_map_base: 0x00000244a1870000

Marking Bits (Prev, Next): (CMBitMap*) 0x000002448e85d948, (CMBitMap*) 0x000002448e85d980
 Prev Bits: [0x00000244a2470000, 0x00000244a4470000)
 Next Bits: [0x00000244a4470000, 0x00000244a6470000)

Polling page: 0x000002448c7c0000

Metaspace:

Usage:
  Non-class:     49.42 MB capacity,    48.53 MB ( 98%) used,   768.69 KB (  2%) free+waste,   148.19 KB ( <1%) overhead. 
      Class:      7.57 MB capacity,     7.07 MB ( 93%) used,   436.44 KB (  6%) free+waste,    70.06 KB ( <1%) overhead. 
       Both:     56.99 MB capacity,    55.60 MB ( 98%) used,     1.18 MB (  2%) free+waste,   218.25 KB ( <1%) overhead. 

Virtual space:
  Non-class space:       50.00 MB reserved,      49.50 MB ( 99%) committed 
      Class space:        1.00 GB reserved,       7.70 MB ( <1%) committed 
             Both:        1.05 GB reserved,      57.20 MB (  5%) committed 

Chunk freelists:
   Non-Class:  16.00 KB
       Class:  28.00 KB
        Both:  44.00 KB

MaxMetaspaceSize: 17179869184.00 GB
CompressedClassSpaceSize: 1.00 GB
Initial GC threshold: 20.80 MB
Current GC threshold: 58.88 MB
CDS: off

CodeHeap 'non-profiled nmethods': size=120000Kb used=2498Kb max_used=2498Kb free=117502Kb
 bounds [0x0000024499df0000, 0x000002449a070000, 0x00000244a1320000]
CodeHeap 'profiled nmethods': size=120000Kb used=11459Kb max_used=11459Kb free=108541Kb
 bounds [0x00000244928c0000, 0x0000024493400000, 0x0000024499df0000]
CodeHeap 'non-nmethods': size=5760Kb used=2318Kb max_used=2361Kb free=3441Kb
 bounds [0x0000024492320000, 0x0000024492590000, 0x00000244928c0000]
 total_blobs=6389 nmethods=5571 adapters=730
 compilation: enabled
              stopped_count=0, restarted_count=0
 full_count=0

Compilation events (20 events):
Event: 13.201 Thread 0x00000244a9101800 5653       3       com.google.common.base.Preconditions::checkArgument (29 bytes)
Event: 13.202 Thread 0x00000244a9101800 nmethod 5653 0x00000244933dae90 code [0x00000244933db080, 0x00000244933db5f8]
Event: 13.202 Thread 0x00000244a9101800 5654       3       org.gradle.internal.service.DefaultServiceRegistry$ManagedObjectServiceProvider::setInstance (18 bytes)
Event: 13.202 Thread 0x00000244a9101800 nmethod 5654 0x00000244933db790 code [0x00000244933db960, 0x00000244933dbb28]
Event: 13.202 Thread 0x00000244a9101800 5655       3       org.gradle.internal.instantiation.generator.AsmBackedClassGenerator$ObjectCreationDetails::<init> (26 bytes)
Event: 13.202 Thread 0x00000244a9101800 nmethod 5655 0x00000244933dbc10 code [0x00000244933dbde0, 0x00000244933dc0b8]
Event: 13.202 Thread 0x00000244a9101800 5656       3       org.gradle.internal.instantiation.generator.DependencyInjectingInstantiator::newInstance (8 bytes)
Event: 13.203 Thread 0x00000244a9101800 nmethod 5656 0x00000244933dc190 code [0x00000244933dc340, 0x00000244933dc488]
Event: 13.203 Thread 0x00000244a9101800 5657   !   3       org.gradle.cache.internal.DefaultCrossBuildInMemoryCacheFactory$AbstractCrossBuildInMemoryCache::get (65 bytes)
Event: 13.204 Thread 0x00000244a9101800 nmethod 5657 0x00000244933dc590 code [0x00000244933dc780, 0x00000244933dcd58]
Event: 13.204 Thread 0x00000244a9101800 5658       3       org.gradle.api.internal.provider.Providers$FixedValueProvider::getType (14 bytes)
Event: 13.204 Thread 0x00000244a9101800 nmethod 5658 0x00000244933dd010 code [0x00000244933dd1e0, 0x00000244933dd458]
Event: 13.211 Thread 0x00000244a9101800 5659       3       java.lang.reflect.AccessibleObject::checkAccess (40 bytes)
Event: 13.211 Thread 0x00000244a9101800 nmethod 5659 0x00000244933dd590 code [0x00000244933dd780, 0x00000244933ddab8]
Event: 13.211 Thread 0x00000244a9101800 5660       3       java.lang.reflect.AccessibleObject::logIfExportedForIllegalAccess (54 bytes)
Event: 13.212 Thread 0x00000244a9101800 nmethod 5660 0x00000244933ddc10 code [0x00000244933dde40, 0x00000244933de648]
Event: 13.213 Thread 0x00000244a9101800 5662       3       org.gradle.internal.instantiation.generator.DependencyInjectingInstantiator::convertParameters (126 bytes)
Event: 13.215 Thread 0x00000244a9101800 nmethod 5662 0x00000244933de990 code [0x00000244933ded60, 0x00000244933e0798]
Event: 13.215 Thread 0x00000244a9101800 5663   !   3       org.gradle.internal.instantiation.generator.AsmBackedClassGenerator$InvokeConstructorStrategy::newInstance (66 bytes)
Event: 13.217 Thread 0x00000244a9101800 nmethod 5663 0x00000244933e1090 code [0x00000244933e1400, 0x00000244933e2c48]

GC Heap History (20 events):
Event: 4.591 GC heap before
{Heap before GC invocations=4 (full 0):
 garbage-first heap   total 96256K, used 30867K [0x0000000080000000, 0x0000000100000000)
  region size 1024K, 17 young (17408K), 2 survivors (2048K)
 Metaspace       used 20778K, capacity 21153K, committed 21296K, reserved 1069056K
  class space    used 2564K, capacity 2716K, committed 2816K, reserved 1048576K
}
Event: 4.597 GC heap after
{Heap after GC invocations=5 (full 0):
 garbage-first heap   total 96256K, used 17076K [0x0000000080000000, 0x0000000100000000)
  region size 1024K, 3 young (3072K), 3 survivors (3072K)
 Metaspace       used 20778K, capacity 21153K, committed 21296K, reserved 1069056K
  class space    used 2564K, capacity 2716K, committed 2816K, reserved 1048576K
}
Event: 5.216 GC heap before
{Heap before GC invocations=6 (full 0):
 garbage-first heap   total 96256K, used 50868K [0x0000000080000000, 0x0000000100000000)
  region size 1024K, 36 young (36864K), 3 survivors (3072K)
 Metaspace       used 24295K, capacity 24885K, committed 25088K, reserved 1071104K
  class space    used 3092K, capacity 3283K, committed 3328K, reserved 1048576K
}
Event: 5.220 GC heap after
{Heap after GC invocations=7 (full 0):
 garbage-first heap   total 96256K, used 18200K [0x0000000080000000, 0x0000000100000000)
  region size 1024K, 4 young (4096K), 4 survivors (4096K)
 Metaspace       used 24295K, capacity 24885K, committed 25088K, reserved 1071104K
  class space    used 3092K, capacity 3283K, committed 3328K, reserved 1048576K
}
Event: 5.951 GC heap before
{Heap before GC invocations=7 (full 0):
 garbage-first heap   total 96256K, used 55064K [0x0000000080000000, 0x0000000100000000)
  region size 1024K, 40 young (40960K), 4 survivors (4096K)
 Metaspace       used 27666K, capacity 28339K, committed 28544K, reserved 1073152K
  class space    used 3649K, capacity 3890K, committed 3968K, reserved 1048576K
}
Event: 5.956 GC heap after
{Heap after GC invocations=8 (full 0):
 garbage-first heap   total 96256K, used 19654K [0x0000000080000000, 0x0000000100000000)
  region size 1024K, 4 young (4096K), 4 survivors (4096K)
 Metaspace       used 27666K, capacity 28339K, committed 28544K, reserved 1073152K
  class space    used 3649K, capacity 3890K, committed 3968K, reserved 1048576K
}
Event: 6.826 GC heap before
{Heap before GC invocations=8 (full 0):
 garbage-first heap   total 96256K, used 58566K [0x0000000080000000, 0x0000000100000000)
  region size 1024K, 42 young (43008K), 4 survivors (4096K)
 Metaspace       used 32881K, capacity 33592K, committed 33920K, reserved 1079296K
  class space    used 4338K, capacity 4640K, committed 4736K, reserved 1048576K
}
Event: 6.833 GC heap after
{Heap after GC invocations=9 (full 0):
 garbage-first heap   total 96256K, used 21598K [0x0000000080000000, 0x0000000100000000)
  region size 1024K, 6 young (6144K), 6 survivors (6144K)
 Metaspace       used 32881K, capacity 33592K, committed 33920K, reserved 1079296K
  class space    used 4338K, capacity 4640K, committed 4736K, reserved 1048576K
}
Event: 6.986 GC heap before
{Heap before GC invocations=9 (full 0):
 garbage-first heap   total 96256K, used 24670K [0x0000000080000000, 0x0000000100000000)
  region size 1024K, 10 young (10240K), 6 survivors (6144K)
 Metaspace       used 35008K, capacity 35827K, committed 35920K, reserved 1081344K
  class space    used 4554K, capacity 4875K, committed 4944K, reserved 1048576K
}
Event: 6.998 GC heap after
{Heap after GC invocations=10 (full 0):
 garbage-first heap   total 96256K, used 22624K [0x0000000080000000, 0x0000000100000000)
  region size 1024K, 4 young (4096K), 4 survivors (4096K)
 Metaspace       used 35008K, capacity 35827K, committed 35920K, reserved 1081344K
  class space    used 4554K, capacity 4875K, committed 4944K, reserved 1048576K
}
Event: 7.763 GC heap before
{Heap before GC invocations=11 (full 0):
 garbage-first heap   total 96256K, used 67680K [0x0000000080000000, 0x0000000100000000)
  region size 1024K, 46 young (47104K), 4 survivors (4096K)
 Metaspace       used 38984K, capacity 39911K, committed 40144K, reserved 1083392K
  class space    used 4968K, capacity 5316K, committed 5328K, reserved 1048576K
}
Event: 7.769 GC heap after
{Heap after GC invocations=12 (full 0):
 garbage-first heap   total 96256K, used 26071K [0x0000000080000000, 0x0000000100000000)
  region size 1024K, 6 young (6144K), 6 survivors (6144K)
 Metaspace       used 38984K, capacity 39911K, committed 40144K, reserved 1083392K
  class space    used 4968K, capacity 5316K, committed 5328K, reserved 1048576K
}
Event: 8.496 GC heap before
{Heap before GC invocations=12 (full 0):
 garbage-first heap   total 96256K, used 68055K [0x0000000080000000, 0x0000000100000000)
  region size 1024K, 47 young (48128K), 6 survivors (6144K)
 Metaspace       used 42002K, capacity 43016K, committed 43216K, reserved 1087488K
  class space    used 5412K, capacity 5787K, committed 5840K, reserved 1048576K
}
Event: 8.504 GC heap after
{Heap after GC invocations=13 (full 0):
 garbage-first heap   total 96256K, used 28740K [0x0000000080000000, 0x0000000100000000)
  region size 1024K, 3 young (3072K), 3 survivors (3072K)
 Metaspace       used 42002K, capacity 43016K, committed 43216K, reserved 1087488K
  class space    used 5412K, capacity 5787K, committed 5840K, reserved 1048576K
}
Event: 9.272 GC heap before
{Heap before GC invocations=13 (full 0):
 garbage-first heap   total 96256K, used 70724K [0x0000000080000000, 0x0000000100000000)
  region size 1024K, 43 young (44032K), 3 survivors (3072K)
 Metaspace       used 45582K, capacity 46663K, committed 46800K, reserved 1089536K
  class space    used 5872K, capacity 6278K, committed 6352K, reserved 1048576K
}
Event: 9.278 GC heap after
{Heap after GC invocations=14 (full 0):
 garbage-first heap   total 115712K, used 29809K [0x0000000080000000, 0x0000000100000000)
  region size 1024K, 4 young (4096K), 4 survivors (4096K)
 Metaspace       used 45582K, capacity 46663K, committed 46800K, reserved 1089536K
  class space    used 5872K, capacity 6278K, committed 6352K, reserved 1048576K
}
Event: 10.787 GC heap before
{Heap before GC invocations=14 (full 0):
 garbage-first heap   total 115712K, used 79985K [0x0000000080000000, 0x0000000100000000)
  region size 1024K, 53 young (54272K), 4 survivors (4096K)
 Metaspace       used 48038K, capacity 49188K, committed 49488K, reserved 1091584K
  class space    used 6174K, capacity 6628K, committed 6736K, reserved 1048576K
}
Event: 10.793 GC heap after
{Heap after GC invocations=15 (full 0):
 garbage-first heap   total 115712K, used 31441K [0x0000000080000000, 0x0000000100000000)
  region size 1024K, 6 young (6144K), 6 survivors (6144K)
 Metaspace       used 48038K, capacity 49188K, committed 49488K, reserved 1091584K
  class space    used 6174K, capacity 6628K, committed 6736K, reserved 1048576K
}
Event: 12.300 GC heap before
{Heap before GC invocations=15 (full 0):
 garbage-first heap   total 115712K, used 85713K [0x0000000080000000, 0x0000000100000000)
  region size 1024K, 56 young (57344K), 6 survivors (6144K)
 Metaspace       used 51378K, capacity 52601K, committed 52688K, reserved 1095680K
  class space    used 6579K, capacity 7069K, committed 7120K, reserved 1048576K
}
Event: 12.310 GC heap after
{Heap after GC invocations=16 (full 0):
 garbage-first heap   total 115712K, used 43716K [0x0000000080000000, 0x0000000100000000)
  region size 1024K, 7 young (7168K), 7 survivors (7168K)
 Metaspace       used 51378K, capacity 52601K, committed 52688K, reserved 1095680K
  class space    used 6579K, capacity 7069K, committed 7120K, reserved 1048576K
}

Deoptimization events (20 events):
Event: 11.871 Thread 0x00000244ab9c1000 DEOPT PACKING pc=0x0000024499e4342c sp=0x00000097cadf7a70
Event: 11.871 Thread 0x00000244ab9c1000 DEOPT UNPACKING pc=0x000002449236a1af sp=0x00000097cadf7a00 mode 2
Event: 12.166 Thread 0x00000244ab9c1000 Uncommon trap: trap_request=0xffffff45 fr.pc=0x0000024499f9ec20 relative=0x0000000000000d80
Event: 12.166 Thread 0x00000244ab9c1000 Uncommon trap: reason=unstable_fused_if action=reinterpret pc=0x0000024499f9ec20 method=org.objectweb.asm.ByteVector.putUTF8(Ljava/lang/String;)Lorg/objectweb/asm/ByteVector; @ 93 c2
Event: 12.166 Thread 0x00000244ab9c1000 DEOPT PACKING pc=0x0000024499f9ec20 sp=0x00000097cadf7b50
Event: 12.166 Thread 0x00000244ab9c1000 DEOPT UNPACKING pc=0x000002449236a1af sp=0x00000097cadf7aa8 mode 2
Event: 12.167 Thread 0x00000244ab9c1000 Uncommon trap: trap_request=0xffffff4d fr.pc=0x0000024499fbd714 relative=0x0000000000004974
Event: 12.167 Thread 0x00000244ab9c1000 Uncommon trap: reason=unstable_if action=reinterpret pc=0x0000024499fbd714 method=org.objectweb.asm.Frame.execute(IILorg/objectweb/asm/Symbol;Lorg/objectweb/asm/SymbolTable;)V @ 1 c2
Event: 12.167 Thread 0x00000244ab9c1000 DEOPT PACKING pc=0x0000024499fbd714 sp=0x00000097cadf7d30
Event: 12.167 Thread 0x00000244ab9c1000 DEOPT UNPACKING pc=0x000002449236a1af sp=0x00000097cadf7cd8 mode 2
Event: 12.213 Thread 0x00000244ab9c1000 Uncommon trap: trap_request=0xffffff45 fr.pc=0x0000024499effb04 relative=0x0000000000000224
Event: 12.213 Thread 0x00000244ab9c1000 Uncommon trap: reason=unstable_fused_if action=reinterpret pc=0x0000024499effb04 method=org.objectweb.asm.ByteVector.putUTF8(Ljava/lang/String;)Lorg/objectweb/asm/ByteVector; @ 93 c2
Event: 12.213 Thread 0x00000244ab9c1000 DEOPT PACKING pc=0x0000024499effb04 sp=0x00000097cadf7e70
Event: 12.213 Thread 0x00000244ab9c1000 DEOPT UNPACKING pc=0x000002449236a1af sp=0x00000097cadf7df0 mode 2
Event: 12.541 Thread 0x00000244ab9c1000 Uncommon trap: trap_request=0xffffff4d fr.pc=0x0000024499f48f74 relative=0x0000000000000674
Event: 12.541 Thread 0x00000244ab9c1000 Uncommon trap: reason=unstable_if action=reinterpret pc=0x0000024499f48f74 method=java.io.BufferedInputStream.read([BII)I @ 56 c2
Event: 12.542 Thread 0x00000244ab9c1000 DEOPT PACKING pc=0x0000024499f48f74 sp=0x00000097cadf78f0
Event: 12.542 Thread 0x00000244ab9c1000 DEOPT UNPACKING pc=0x000002449236a1af sp=0x00000097cadf78a8 mode 2
Event: 12.912 Thread 0x00000244ab9c1000 DEOPT PACKING pc=0x0000024493351419 sp=0x00000097cadf7550
Event: 12.912 Thread 0x00000244ab9c1000 DEOPT UNPACKING pc=0x000002449236a95e sp=0x00000097cadf6a60 mode 0

Classes redefined (0 events):
No events

Internal exceptions (20 events):
Event: 11.781 Thread 0x00000244ab9c1000 Exception <a 'java/lang/ClassNotFoundException'{0x0000000085370e40}: org/gradle/api/tasks/Delete_DecoratedCustomizer> (0x0000000085370e40) thrown at [./src/hotspot/share/classfile/systemDictionary.cpp, line 231]
Event: 11.817 Thread 0x00000244ab9c1000 Exception <a 'java/lang/NoSuchMethodError'{0x00000000852851f8}: 'long java.lang.invoke.DirectMethodHandle$Holder.invokeVirtual(java.lang.Object, java.lang.Object)'> (0x00000000852851f8) thrown at [./src/hotspot/share/interpreter/linkResolver.cpp, line 773]
Event: 11.826 Thread 0x00000244abaf4000 Exception <a 'java/lang/NoSuchMethodError'{0x00000000851056e8}: <clinit>> (0x00000000851056e8) thrown at [./src/hotspot/share/prims/jni.cpp, line 1365]
Event: 11.837 Thread 0x00000244abaf4000 Exception <a 'java/lang/NoSuchMethodError'{0x0000000085123fd0}: <clinit>> (0x0000000085123fd0) thrown at [./src/hotspot/share/prims/jni.cpp, line 1365]
Event: 11.837 Thread 0x00000244abaf4000 Exception <a 'java/lang/NoSuchMethodError'{0x00000000851250e0}: <clinit>> (0x00000000851250e0) thrown at [./src/hotspot/share/prims/jni.cpp, line 1365]
Event: 11.837 Thread 0x00000244abaf4000 Exception <a 'java/lang/NoSuchMethodError'{0x0000000085126640}: <clinit>> (0x0000000085126640) thrown at [./src/hotspot/share/prims/jni.cpp, line 1365]
Event: 11.838 Thread 0x00000244abaf4000 Exception <a 'java/lang/NoSuchMethodError'{0x0000000085127660}: <clinit>> (0x0000000085127660) thrown at [./src/hotspot/share/prims/jni.cpp, line 1365]
Event: 11.841 Thread 0x00000244abaf4000 Exception <a 'java/lang/NoSuchMethodError'{0x000000008513a328}: <clinit>> (0x000000008513a328) thrown at [./src/hotspot/share/prims/jni.cpp, line 1365]
Event: 11.843 Thread 0x00000244abaf4000 Exception <a 'java/lang/NoSuchMethodError'{0x0000000085144f68}: <clinit>> (0x0000000085144f68) thrown at [./src/hotspot/share/prims/jni.cpp, line 1365]
Event: 11.847 Thread 0x00000244abaf4000 Exception <a 'java/lang/NoSuchMethodError'{0x00000000851592c0}: <clinit>> (0x00000000851592c0) thrown at [./src/hotspot/share/prims/jni.cpp, line 1365]
Event: 11.862 Thread 0x00000244ab9c1000 Exception <a 'java/lang/ClassNotFoundException'{0x00000000851e2750}: build_23ku2arl6vz2clzqda9x2yhvfBeanInfo> (0x00000000851e2750) thrown at [./src/hotspot/share/classfile/systemDictionary.cpp, line 231]
Event: 11.863 Thread 0x00000244ab9c1000 Exception <a 'java/lang/ClassNotFoundException'{0x00000000851ed708}: build_23ku2arl6vz2clzqda9x2yhvfCustomizer> (0x00000000851ed708) thrown at [./src/hotspot/share/classfile/systemDictionary.cpp, line 231]
Event: 11.907 Thread 0x00000244ab9c1000 Exception <a 'java/lang/ClassNotFoundException'{0x0000000084f794e0}: org/gradle/api/internal/plugins/DefaultObjectConfigurationActionBeanInfo> (0x0000000084f794e0) thrown at [./src/hotspot/share/classfile/systemDictionary.cpp, line 231]
Event: 11.908 Thread 0x00000244ab9c1000 Exception <a 'java/lang/ClassNotFoundException'{0x0000000084fae948}: org/gradle/api/internal/plugins/DefaultObjectConfigurationActionCustomizer> (0x0000000084fae948) thrown at [./src/hotspot/share/classfile/systemDictionary.cpp, line 231]
Event: 12.152 Thread 0x00000244ab9c1000 Exception <a 'java/lang/NoSuchMethodError'{0x00000000845eff48}: 'java.lang.Object java.lang.invoke.DirectMethodHandle$Holder.invokeStatic(java.lang.Object, java.lang.Object, java.lang.Object, java.lang.Object, int)'> (0x00000000845eff48) thrown at [./src/hotspot/share/interpreter/linkResolver.cpp, line 773]
Event: 12.152 Thread 0x00000244ab9c1000 Exception <a 'java/lang/NoSuchMethodError'{0x00000000845f4940}: 'java.lang.Object java.lang.invoke.DirectMethodHandle$Holder.invokeSpecial(java.lang.Object, java.lang.Object, java.lang.Object, java.lang.Object, java.lang.Object, int)'> (0x00000000845f4940) thrown at [./src/hotspot/share/interpreter/linkResolver.cpp, line 773]
Event: 12.152 Thread 0x00000244ab9c1000 Exception <a 'java/lang/NoSuchMethodError'{0x00000000845f8f80}: 'java.lang.Object java.lang.invoke.Invokers$Holder.linkToTargetMethod(java.lang.Object, java.lang.Object, java.lang.Object, int, java.lang.Object)'> (0x00000000845f8f80) thrown at [./src/hotspot/share/interpreter/linkResolver.cpp, line 773]
Event: 12.591 Thread 0x00000244ab9c1000 Exception <a 'java/lang/NoSuchMethodError'{0x0000000086737b98}: 'java.lang.Object java.lang.invoke.DirectMethodHandle$Holder.invokeSpecial(java.lang.Object, java.lang.Object, int, int, java.lang.Object, java.lang.Object, java.lang.Object)'> (0x0000000086737b98) thrown at [./src/hotspot/share/interpreter/linkResolver.cpp, line 773]
Event: 12.592 Thread 0x00000244ab9c1000 Exception <a 'java/lang/NoSuchMethodError'{0x000000008673c118}: 'java.lang.Object java.lang.invoke.DelegatingMethodHandle$Holder.reinvoke_L(java.lang.Object, int, int, java.lang.Object, java.lang.Object, java.lang.Object)'> (0x000000008673c118) thrown at [./src/hotspot/share/interpreter/linkResolver.cpp, line 773]
Event: 12.956 Thread 0x00000244ab9c1000 Exception <a 'java/lang/NoSuchMethodError'{0x0000000085baad40}: 'int java.lang.invoke.DirectMethodHandle$Holder.invokeInterface(java.lang.Object, java.lang.Object, java.lang.Object, java.lang.Object)'> (0x0000000085baad40) thrown at [./src/hotspot/share/interpreter/linkResolver.cpp, line 773]

Events (20 events):
Event: 13.215 loading class org/apache/commons/lang/ClassUtils
Event: 13.215 loading class org/apache/commons/lang/ClassUtils done
Event: 13.216 loading class org/apache/commons/lang/NullArgumentException
Event: 13.216 loading class org/apache/commons/lang/NullArgumentException done
Event: 13.218 loading class org/gradle/configuration/internal/DefaultListenerBuildOperationDecorator$BuildOperationEmittingInvocationHandler
Event: 13.218 loading class org/gradle/configuration/internal/DefaultListenerBuildOperationDecorator$BuildOperationEmittingInvocationHandler done
Event: 13.221 loading class com/google/protobuf/Internal$EnumLiteMap
Event: 13.221 loading class com/google/protobuf/Internal$EnumLiteMap done
Event: 13.223 loading class com/google/wireless/android/sdk/stats/GradleBuildProfileSpan$ExecutionType$1
Event: 13.223 loading class com/google/wireless/android/sdk/stats/GradleBuildProfileSpan$ExecutionType$1 done
Event: 13.224 loading class com/android/build/gradle/internal/plugins/BasePlugin
Event: 13.224 loading class com/android/build/gradle/internal/plugins/BasePlugin done
Event: 13.224 loading class com/android/build/gradle/internal/services/StringCachingBuildService$RegistrationAction
Event: 13.224 loading class com/android/build/gradle/internal/services/StringCachingBuildService$RegistrationAction done
Event: 13.224 loading class com/android/build/gradle/internal/services/StringCachingBuildService
Event: 13.224 loading class com/android/build/gradle/internal/services/StringCachingBuildService done
Event: 13.225 loading class com/android/builder/internal/StringCachingService
Event: 13.225 loading class com/android/builder/internal/StringCachingService done
Event: 13.226 loading class com/android/build/gradle/internal/ide/dependencies/MavenCoordinatesCacheBuildService$RegistrationAction
Event: 13.226 loading class com/android/build/gradle/internal/ide/dependencies/MavenCoordinatesCacheBuildService$RegistrationAction done


Dynamic libraries:
0x00007ff7963a0000 - 0x00007ff7963aa000 	C:\Program Files\Android\Android Studio\jre\bin\java.exe
0x00007ffaf5f10000 - 0x00007ffaf6129000 	C:\WINDOWS\SYSTEM32\ntdll.dll
0x00007ffaf4ca0000 - 0x00007ffaf4d62000 	C:\WINDOWS\System32\KERNEL32.DLL
0x00007ffaf3300000 - 0x00007ffaf369f000 	C:\WINDOWS\System32\KERNELBASE.dll
0x00007ffaf36e0000 - 0x00007ffaf37ee000 	C:\WINDOWS\System32\ucrtbase.dll
0x00007ffac8580000 - 0x00007ffac8599000 	C:\Program Files\Android\Android Studio\jre\bin\jli.dll
0x00007ffac85a0000 - 0x00007ffac85b7000 	C:\Program Files\Android\Android Studio\jre\bin\VCRUNTIME140.dll
0x00007ffaf5b20000 - 0x00007ffaf5ccc000 	C:\WINDOWS\System32\USER32.dll
0x00007ffaf36b0000 - 0x00007ffaf36d6000 	C:\WINDOWS\System32\win32u.dll
0x00007ffada100000 - 0x00007ffada391000 	C:\WINDOWS\WinSxS\amd64_microsoft.windows.common-controls_6595b64144ccf1df_6.0.25206.1000_none_7af4d88ed84627ac\COMCTL32.dll
0x00007ffaf59c0000 - 0x00007ffaf59e9000 	C:\WINDOWS\System32\GDI32.dll
0x00007ffaf5e20000 - 0x00007ffaf5ec7000 	C:\WINDOWS\System32\msvcrt.dll
0x00007ffaf3b40000 - 0x00007ffaf3c55000 	C:\WINDOWS\System32\gdi32full.dll
0x00007ffaf3920000 - 0x00007ffaf39ba000 	C:\WINDOWS\System32\msvcp_win.dll
0x00007ffaf59f0000 - 0x00007ffaf5a21000 	C:\WINDOWS\System32\IMM32.DLL
0x00007ffa96800000 - 0x00007ffa9689d000 	C:\Program Files\Android\Android Studio\jre\bin\msvcp140.dll
0x00007ffa6d5f0000 - 0x00007ffa6e0d5000 	C:\Program Files\Android\Android Studio\jre\bin\server\jvm.dll
0x00007ffaf50e0000 - 0x00007ffaf518e000 	C:\WINDOWS\System32\ADVAPI32.dll
0x00007ffaf4bf0000 - 0x00007ffaf4c96000 	C:\WINDOWS\System32\sechost.dll
0x00007ffaf4df0000 - 0x00007ffaf4f17000 	C:\WINDOWS\System32\RPCRT4.dll
0x00007ffaf3fe0000 - 0x00007ffaf3fe8000 	C:\WINDOWS\System32\PSAPI.DLL
0x00007ffac9110000 - 0x00007ffac9119000 	C:\WINDOWS\SYSTEM32\WSOCK32.dll
0x00007ffaec610000 - 0x00007ffaec646000 	C:\WINDOWS\SYSTEM32\WINMM.dll
0x00007ffaea4e0000 - 0x00007ffaea4ea000 	C:\WINDOWS\SYSTEM32\VERSION.dll
0x00007ffaf4d70000 - 0x00007ffaf4ddf000 	C:\WINDOWS\System32\WS2_32.dll
0x00007ffaf22b0000 - 0x00007ffaf22c8000 	C:\WINDOWS\SYSTEM32\kernel.appcore.dll
0x00007ffaed5d0000 - 0x00007ffaed5e1000 	C:\Program Files\Android\Android Studio\jre\bin\verify.dll
0x00007ffaf0c90000 - 0x00007ffaf0ec1000 	C:\WINDOWS\SYSTEM32\DBGHELP.DLL
0x00007ffaf47d0000 - 0x00007ffaf4b59000 	C:\WINDOWS\System32\combase.dll
0x00007ffaf4270000 - 0x00007ffaf4348000 	C:\WINDOWS\System32\OLEAUT32.dll
0x00007ffae2550000 - 0x00007ffae2582000 	C:\WINDOWS\SYSTEM32\dbgcore.DLL
0x00007ffaf3c60000 - 0x00007ffaf3cd9000 	C:\WINDOWS\System32\bcryptPrimitives.dll
0x00007ffaec910000 - 0x00007ffaec939000 	C:\Program Files\Android\Android Studio\jre\bin\java.dll
0x00007ffaec9e0000 - 0x00007ffaec9eb000 	C:\Program Files\Android\Android Studio\jre\bin\jimage.dll
0x00007ffaec990000 - 0x00007ffaec9a8000 	C:\Program Files\Android\Android Studio\jre\bin\zip.dll
0x00007ffaf51d0000 - 0x00007ffaf59a7000 	C:\WINDOWS\System32\SHELL32.dll
0x00007ffaf1250000 - 0x00007ffaf1ae7000 	C:\WINDOWS\SYSTEM32\windows.storage.dll
0x00007ffaf10b0000 - 0x00007ffaf1243000 	C:\WINDOWS\SYSTEM32\wintypes.dll
0x00007ffaf5a30000 - 0x00007ffaf5b1d000 	C:\WINDOWS\System32\SHCORE.dll
0x00007ffaf3ff0000 - 0x00007ffaf404d000 	C:\WINDOWS\System32\shlwapi.dll
0x00007ffaf3230000 - 0x00007ffaf3252000 	C:\WINDOWS\SYSTEM32\profapi.dll
0x00007ffaec8f0000 - 0x00007ffaec90a000 	C:\Program Files\Android\Android Studio\jre\bin\net.dll
0x00007ffaec170000 - 0x00007ffaec29c000 	C:\WINDOWS\SYSTEM32\WINHTTP.dll
0x00007ffaf2760000 - 0x00007ffaf27c9000 	C:\WINDOWS\system32\mswsock.dll
0x00007ffaec8d0000 - 0x00007ffaec8e4000 	C:\Program Files\Android\Android Studio\jre\bin\nio.dll
0x00007ffaca2a0000 - 0x00007ffaca2c7000 	C:\Users\LENOVO\.gradle\native\e1d6ef7f7dcc3fd88c89a11ec53ec762bb8ba0a96d01ffa2cd45eb1d1d8dd5c5\windows-amd64\native-platform.dll
0x00007ffa966b0000 - 0x00007ffa967f4000 	C:\Users\LENOVO\.gradle\native\5664cfc778a61ccfe75a443a1ab52a65af34e5dc3c78e0209fed803814484fcb\windows-amd64\native-platform-file-events.dll
0x00007ffaec9d0000 - 0x00007ffaec9da000 	C:\Program Files\Android\Android Studio\jre\bin\management.dll
0x00007ffaec8c0000 - 0x00007ffaec8cd000 	C:\Program Files\Android\Android Studio\jre\bin\management_ext.dll
0x00007ffaf29e0000 - 0x00007ffaf29fb000 	C:\WINDOWS\SYSTEM32\CRYPTSP.dll
0x00007ffaf2210000 - 0x00007ffaf2244000 	C:\WINDOWS\system32\rsaenh.dll
0x00007ffaf2860000 - 0x00007ffaf2888000 	C:\WINDOWS\SYSTEM32\USERENV.dll
0x00007ffaf2ba0000 - 0x00007ffaf2bc8000 	C:\WINDOWS\SYSTEM32\bcrypt.dll
0x00007ffaf2a00000 - 0x00007ffaf2a0c000 	C:\WINDOWS\SYSTEM32\CRYPTBASE.dll
0x00007ffaf1df0000 - 0x00007ffaf1e1e000 	C:\WINDOWS\SYSTEM32\IPHLPAPI.DLL
0x00007ffaf50d0000 - 0x00007ffaf50d9000 	C:\WINDOWS\System32\NSI.dll
0x00007ffaec530000 - 0x00007ffaec549000 	C:\WINDOWS\SYSTEM32\dhcpcsvc6.DLL
0x00007ffaebfb0000 - 0x00007ffaebfcf000 	C:\WINDOWS\SYSTEM32\dhcpcsvc.DLL
0x00007ffaf1e20000 - 0x00007ffaf1f1f000 	C:\WINDOWS\SYSTEM32\DNSAPI.dll

dbghelp: loaded successfully - version: 4.0.5 - missing functions: none
symbol engine: initialized successfully - sym options: 0x614 - pdb path: .;C:\Program Files\Android\Android Studio\jre\bin;C:\WINDOWS\SYSTEM32;C:\WINDOWS\WinSxS\amd64_microsoft.windows.common-controls_6595b64144ccf1df_6.0.25206.1000_none_7af4d88ed84627ac;C:\Program Files\Android\Android Studio\jre\bin\server;C:\Users\LENOVO\.gradle\native\e1d6ef7f7dcc3fd88c89a11ec53ec762bb8ba0a96d01ffa2cd45eb1d1d8dd5c5\windows-amd64;C:\Users\LENOVO\.gradle\native\5664cfc778a61ccfe75a443a1ab52a65af34e5dc3c78e0209fed803814484fcb\windows-amd64

VM Arguments:
jvm_args: --add-opens=java.base/java.util=ALL-UNNAMED --add-opens=java.base/java.lang=ALL-UNNAMED --add-opens=java.base/java.lang.invoke=ALL-UNNAMED --add-opens=java.base/java.util=ALL-UNNAMED --add-opens=java.prefs/java.util.prefs=ALL-UNNAMED --add-opens=java.prefs/java.util.prefs=ALL-UNNAMED --add-opens=java.base/java.nio.charset=ALL-UNNAMED --add-opens=java.base/java.net=ALL-UNNAMED --add-opens=java.base/java.util.concurrent.atomic=ALL-UNNAMED -Xmx2048m -Dfile.encoding=UTF-8 -Duser.country=US -Duser.language=en -Duser.variant 
java_command: org.gradle.launcher.daemon.bootstrap.GradleDaemon 7.3.3
java_class_path (initial): C:\Users\LENOVO\.gradle\wrapper\dists\gradle-7.3.3-bin\6a41zxkdtcxs8rphpq6y0069z\gradle-7.3.3\lib\gradle-launcher-7.3.3.jar
Launcher Type: SUN_STANDARD

[Global flags]
     intx CICompilerCount                          = 4                                         {product} {ergonomic}
     uint ConcGCThreads                            = 3                                         {product} {ergonomic}
     uint G1ConcRefinementThreads                  = 10                                        {product} {ergonomic}
   size_t G1HeapRegionSize                         = 1048576                                   {product} {ergonomic}
    uintx GCDrainStackTargetSize                   = 64                                        {product} {ergonomic}
   size_t InitialHeapSize                          = 98566144                                  {product} {ergonomic}
   size_t MarkStackSize                            = 4194304                                   {product} {ergonomic}
   size_t MaxHeapSize                              = 2147483648                                {product} {command line}
   size_t MaxNewSize                               = 1287651328                                {product} {ergonomic}
   size_t MinHeapDeltaBytes                        = 1048576                                   {product} {ergonomic}
    uintx NonNMethodCodeHeapSize                   = 5836300                                {pd product} {ergonomic}
    uintx NonProfiledCodeHeapSize                  = 122910970                              {pd product} {ergonomic}
    uintx ProfiledCodeHeapSize                     = 122910970                              {pd product} {ergonomic}
    uintx ReservedCodeCacheSize                    = 251658240                              {pd product} {ergonomic}
     bool SegmentedCodeCache                       = true                                      {product} {ergonomic}
     bool UseCompressedClassPointers               = true                                 {lp64_product} {ergonomic}
     bool UseCompressedOops                        = true                                 {lp64_product} {ergonomic}
     bool UseG1GC                                  = true                                      {product} {ergonomic}
     bool UseLargePagesIndividualAllocation        = false                                  {pd product} {ergonomic}

Logging:
Log output configuration:
 #0: stdout all=warning uptime,level,tags
 #1: stderr all=off uptime,level,tags

Environment Variables:
PATH=C:\WINDOWS\system32;C:\WINDOWS;C:\WINDOWS\System32\Wbem;C:\WINDOWS\System32\WindowsPowerShell\v1.0\;C:\WINDOWS\System32\OpenSSH\;C:\Program Files\Git\cmd;C:\xampp\php;C:\wamp64\bin\mysql\mysql5.7.36\bin;C:\Program Files\nodejs\;C:\Users\LENOVO\AppData\Local\Programs\Python\Python39\Scripts\;C:\Users\LENOVO\AppData\Local\Programs\Python\Python39\;C:\Users\LENOVO\AppData\Local\Programs\Python\Launcher\;C:\Users\LENOVO\AppData\Local\Microsoft\WindowsApps;C:\Users\LENOVO\AppData\Local\Programs\Microsoft VS Code\bin;C:\Program Files\CodeBlocks\MinGW\bin;C:\xampp\php;C:\Users\LENOVO\AppData\Roaming\npm;
USERNAME=Hilmi Hanif
OS=Windows_NT
PROCESSOR_IDENTIFIER=AMD64 Family 23 Model 104 Stepping 1, AuthenticAMD



---------------  S Y S T E M  ---------------

OS: Windows 10 , 64 bit Build 25206 (10.0.25206.1000)
OS uptime: 0 days 15:29 hours

CPU:total 12 (initial active 12) (12 cores per cpu, 2 threads per core) family 23 model 104 stepping 1 microcode 0x8608103, cmov, cx8, fxsr, mmx, sse, sse2, sse3, ssse3, sse4.1, sse4.2, popcnt, avx, avx2, aes, clmul, mmxext, 3dnowpref, lzcnt, sse4a, ht, tsc, tscinvbit, tscinv, bmi1, bmi2, adx, sha, fma

Memory: 4k page, system-wide physical 6005M (280M free)
TotalPageFile size 14197M (AvailPageFile size 3M)
current process WorkingSet (physical memory assigned to process): 295M, peak: 299M
current process commit charge ("private bytes"): 337M, peak: 342M

vm_info: OpenJDK 64-Bit Server VM (11.0.12+7-b1504.28-7817840) for windows-amd64 JRE (11.0.12+7-b1504.28-7817840), built on Oct 13 2021 22:12:33 by "builder" with MS VC++ 14.0 (VS2015)

END.
